--------------- Build Started: 03/24/2024 23:55:35 Project: AntennaRotator, Configuration: ARM GCC 5.4-2016-q2-update Debug ---------------
cydsfit.exe -.appdatapath "C:\Users\Dell\AppData\Local\Cypress Semiconductor\PSoC Creator\4.4" -.fdsnotice -.fdswarpdepfile=warp_dependencies.txt -.fdselabdepfile=elab_dependencies.txt -.fdsbldfile=generated_files.txt -.fdsreffile=referenced_files.txt -p C:\Users\Dell\Documents\GitHub\PSoC_AntennaRotator\Workspace01\AntennaRotator.cydsn\AntennaRotator.cyprj -d CY8C5888LTI-LP097 -s C:\Users\Dell\Documents\GitHub\PSoC_AntennaRotator\Workspace01\AntennaRotator.cydsn\Generated_Source\PSoC5 -- -yv2 -q10 -ygs -o2 -v3 -.fftcfgtype=LE
Elaborating Design...
HDL Generation...
Synthesis...
Tech Mapping...
ADD: pft.M0040: information: The following 4 pin(s) will be assigned a location by the fitter: \ADC_SAR_X:ExtVref(0)\, Analog_Pin_2(0), X_Dir_Pin(0), X_Step_Pin(0)
Analog Placement...
Log: apr.M0058: The analog placement iterative improvement is 80% done. (App=cydsfit)
Analog Routing...
Analog Code Generation...
Digital Placement...
Digital Routing...
Bitstream Generation...
Bitstream Verification...
Static timing analysis...
API Generation...
Dependency Generation...
Cleanup...
arm-none-eabi-gcc.exe -mcpu=cortex-m3 -mthumb -I. -IGenerated_Source\PSoC5 -Wa,-alh=.\CortexM3\ARM_GCC_541\Debug/cyfitter_cfg.lst -g -D DEBUG -D CY_CORE_ID=0 -Wall -ffunction-sections -ffat-lto-objects -Og -c Generated_Source\PSoC5\cyfitter_cfg.c -o .\CortexM3\ARM_GCC_541\Debug\cyfitter_cfg.o
arm-none-eabi-ar.exe -rs .\CortexM3\ARM_GCC_541\Debug\AntennaRotator.a .\CortexM3\ARM_GCC_541\Debug\LED_Pin.o .\CortexM3\ARM_GCC_541\Debug\CyDmac.o .\CortexM3\ARM_GCC_541\Debug\CyFlash.o .\CortexM3\ARM_GCC_541\Debug\CyLib.o .\CortexM3\ARM_GCC_541\Debug\cyPm.o .\CortexM3\ARM_GCC_541\Debug\CySpc.o .\CortexM3\ARM_GCC_541\Debug\cyutils.o .\CortexM3\ARM_GCC_541\Debug\cy_em_eeprom.o .\CortexM3\ARM_GCC_541\Debug\SW_UP_Pin.o .\CortexM3\ARM_GCC_541\Debug\SW_DOWN_Pin.o .\CortexM3\ARM_GCC_541\Debug\SW_LEFT_Pin.o .\CortexM3\ARM_GCC_541\Debug\SW_RIGHT_Pin.o .\CortexM3\ARM_GCC_541\Debug\UART.o .\CortexM3\ARM_GCC_541\Debug\UART_PM.o .\CortexM3\ARM_GCC_541\Debug\UART_INT.o .\CortexM3\ARM_GCC_541\Debug\UART_BOOT.o .\CortexM3\ARM_GCC_541\Debug\UART_IntClock.o .\CortexM3\ARM_GCC_541\Debug\SDA_1.o .\CortexM3\ARM_GCC_541\Debug\SCL_1.o .\CortexM3\ARM_GCC_541\Debug\I2C_OLED.o .\CortexM3\ARM_GCC_541\Debug\I2C_OLED_BOOT.o .\CortexM3\ARM_GCC_541\Debug\I2C_OLED_INT.o .\CortexM3\ARM_GCC_541\Debug\I2C_OLED_PM.o .\CortexM3\ARM_GCC_541\Debug\I2C_OLED_SLAVE.o .\CortexM3\ARM_GCC_541\Debug\I2C_OLED_MASTER.o .\CortexM3\ARM_GCC_541\Debug\Analog_Pin_2.o .\CortexM3\ARM_GCC_541\Debug\Analog_Pin_X.o .\CortexM3\ARM_GCC_541\Debug\ADC_SAR_X.o .\CortexM3\ARM_GCC_541\Debug\ADC_SAR_X_INT.o .\CortexM3\ARM_GCC_541\Debug\ADC_SAR_X_PM.o .\CortexM3\ARM_GCC_541\Debug\Control_Reg_Actual_Quarter_X.o .\CortexM3\ARM_GCC_541\Debug\Control_Reg_Actual_Quarter_X_PM.o .\CortexM3\ARM_GCC_541\Debug\Control_Reg_Actual_Degree_X.o .\CortexM3\ARM_GCC_541\Debug\Control_Reg_Actual_Degree_X_PM.o .\CortexM3\ARM_GCC_541\Debug\X_Dir_Pin.o .\CortexM3\ARM_GCC_541\Debug\X_Step_Pin.o .\CortexM3\ARM_GCC_541\Debug\Control_Reg_Desired_Quarter_X.o .\CortexM3\ARM_GCC_541\Debug\Control_Reg_Desired_Quarter_X_PM.o .\CortexM3\ARM_GCC_541\Debug\Control_Reg_Desired_Degree_X.o .\CortexM3\ARM_GCC_541\Debug\Control_Reg_Desired_Degree_X_PM.o .\CortexM3\ARM_GCC_541\Debug\PWM_1.o .\CortexM3\ARM_GCC_541\Debug\PWM_1_PM.o .\CortexM3\ARM_GCC_541\Debug\Clock_1.o .\CortexM3\ARM_GCC_541\Debug\Motor_Enable.o .\CortexM3\ARM_GCC_541\Debug\Motor_Enable_PM.o .\CortexM3\ARM_GCC_541\Debug\ADC_SAR_X_IRQ.o .\CortexM3\ARM_GCC_541\Debug\ADC_SAR_X_theACLK.o .\CortexM3\ARM_GCC_541\Debug\ADC_SAR_X_ExtVref.o .\CortexM3\ARM_GCC_541\Debug\X_ADC_Int.o .\CortexM3\ARM_GCC_541\Debug\timer_clock.o .\CortexM3\ARM_GCC_541\Debug\Display_Refresh_Timer.o .\CortexM3\ARM_GCC_541\Debug\Display_Refresh_Timer_PM.o .\CortexM3\ARM_GCC_541\Debug\Display_Refresh_Timer_Int.o .\CortexM3\ARM_GCC_541\Debug\CyBootAsmGnu.o
arm-none-eabi-ar.exe: creating .\CortexM3\ARM_GCC_541\Debug\AntennaRotator.a
arm-none-eabi-gcc.exe -Wl,--start-group -o C:\Users\Dell\Documents\GitHub\PSoC_AntennaRotator\Workspace01\AntennaRotator.cydsn\CortexM3\ARM_GCC_541\Debug\AntennaRotator.elf .\CortexM3\ARM_GCC_541\Debug\main.o .\CortexM3\ARM_GCC_541\Debug\ssd1306.o .\CortexM3\ARM_GCC_541\Debug\RotatorHorizon.o .\CortexM3\ARM_GCC_541\Debug\cyfitter_cfg.o .\CortexM3\ARM_GCC_541\Debug\cymetadata.o .\CortexM3\ARM_GCC_541\Debug\Cm3Start.o .\CortexM3\ARM_GCC_541\Debug\AntennaRotator.a "C:\Program Files (x86)\Cypress\PSoC Creator\4.4\PSoC Creator\psoc\content\cycomponentlibrary\CyComponentLibrary.cylib\CortexM3\ARM_GCC_541\Debug\CyComponentLibrary.a" -mcpu=cortex-m3 -mthumb -L Generated_Source\PSoC5 -Wl,-Map,.\CortexM3\ARM_GCC_541\Debug/AntennaRotator.map -T Generated_Source\PSoC5\cm3gcc.ld -specs=nano.specs -u _printf_float -Wl,--gc-sections -g -ffunction-sections -Og -ffat-lto-objects -Wl,--end-group
cyelftool.exe -C C:\Users\Dell\Documents\GitHub\PSoC_AntennaRotator\Workspace01\AntennaRotator.cydsn\CortexM3\ARM_GCC_541\Debug\AntennaRotator.elf --flash_row_size 256 --flash_size 262144 --flash_offset 0x00000000
No ELF section .cychecksum found, creating one
Application checksum calculated and stored in ELF section .cychecksum
Checksum calculated and stored in ELF section .cymeta
cyelftool.exe -S C:\Users\Dell\Documents\GitHub\PSoC_AntennaRotator\Workspace01\AntennaRotator.cydsn\CortexM3\ARM_GCC_541\Debug\AntennaRotator.elf
Flash used: 20436 of 262144 bytes (7,8%).
SRAM used: 3193 of 65536 bytes (4,9%). Stack: 2048 bytes. Heap: 128 bytes.
--------------- Build Succeeded: 03/24/2024 23:55:46 ---------------
