--------------- Build Started: 03/23/2024 23:14:50 Project: AntennaRotator, Configuration: ARM GCC 5.4-2016-q2-update Debug ---------------
cydsfit.exe -.appdatapath "C:\Users\Dell\AppData\Local\Cypress Semiconductor\PSoC Creator\4.4" -.fdsnotice -.fdswarpdepfile=warp_dependencies.txt -.fdselabdepfile=elab_dependencies.txt -.fdsbldfile=generated_files.txt -.fdsreffile=referenced_files.txt -p C:\Users\Dell\Documents\GitHub\PSoC_AntennaRotator\Workspace01\AntennaRotator.cydsn\AntennaRotator.cyprj -d CY8C5888LTI-LP097 -s C:\Users\Dell\Documents\GitHub\PSoC_AntennaRotator\Workspace01\AntennaRotator.cydsn\Generated_Source\PSoC5 -- -yv2 -q10 -ygs -o2 -v3 -.fftcfgtype=LE
Elaborating Design...
HDL Generation...
Synthesis...
Tech Mapping...
ADD: pft.M0040: information: The following 3 pin(s) will be assigned a location by the fitter: \ADC_SAR_1:ExtVref(0)\, \ADC_SAR_2:ExtVref(0)\, Analog_Pin_2(0)
Analog Placement...
Log: apr.M0058: The analog placement iterative improvement is 45% done. (App=cydsfit)
Analog Routing...
Analog Code Generation...
Digital Placement...
Digital Routing...
Bitstream Generation...
Bitstream Verification...
Static timing analysis...
API Generation...
Dependency Generation...
Cleanup...
--------------- Build Succeeded: 03/23/2024 23:15:18 ---------------
