ARM GAS  C:\Users\Dell\AppData\Local\Temp\ccP39Qia.s 			page 1


   1              		.syntax unified
   2              		.cpu cortex-m3
   3              		.fpu softvfp
   4              		.eabi_attribute 20, 1
   5              		.eabi_attribute 21, 1
   6              		.eabi_attribute 23, 3
   7              		.eabi_attribute 24, 1
   8              		.eabi_attribute 25, 1
   9              		.eabi_attribute 26, 1
  10              		.eabi_attribute 30, 1
  11              		.eabi_attribute 34, 1
  12              		.eabi_attribute 18, 4
  13              		.thumb
  14              		.syntax unified
  15              		.file	"bsp.c"
  16              		.text
  17              	.Ltext0:
  18              		.cfi_sections	.debug_frame
  19              		.section	.text.testSaveSlot,"ax",%progbits
  20              		.align	2
  21              		.global	testSaveSlot
  22              		.thumb
  23              		.thumb_func
  24              		.type	testSaveSlot, %function
  25              	testSaveSlot:
  26              	.LFB64:
  27              		.file 1 "bsp.c"
   1:bsp.c         **** /* ========================================
   2:bsp.c         ****  *
   3:bsp.c         ****  * Copyright YOUR COMPANY, THE YEAR
   4:bsp.c         ****  * All Rights Reserved
   5:bsp.c         ****  * UNPUBLISHED, LICENSED SOFTWARE.
   6:bsp.c         ****  *
   7:bsp.c         ****  * CONFIDENTIAL AND PROPRIETARY INFORMATION
   8:bsp.c         ****  * WHICH IS THE PROPERTY OF your company.
   9:bsp.c         ****  *
  10:bsp.c         ****  * ========================================
  11:bsp.c         **** */
  12:bsp.c         **** #include "bsp.h"
  13:bsp.c         **** #include "eeprom.h"
  14:bsp.c         **** #include "main.h"
  15:bsp.c         **** #include <stdio.h>
  16:bsp.c         ****     
  17:bsp.c         **** bool testSaveSlot(uint8 id){
  28              		.loc 1 17 0
  29              		.cfi_startproc
  30              		@ args = 0, pretend = 0, frame = 0
  31              		@ frame_needed = 0, uses_anonymous_args = 0
  32              	.LVL0:
  33 0000 10B5     		push	{r4, lr}
  34              		.cfi_def_cfa_offset 8
  35              		.cfi_offset 4, -8
  36              		.cfi_offset 14, -4
  37 0002 0446     		mov	r4, r0
  18:bsp.c         ****     uint16 tmp = loadWord(0x05);
  38              		.loc 1 18 0
  39 0004 0520     		movs	r0, #5
ARM GAS  C:\Users\Dell\AppData\Local\Temp\ccP39Qia.s 			page 2


  40              	.LVL1:
  41 0006 FFF7FEFF 		bl	loadWord
  42              	.LVL2:
  19:bsp.c         ****     return (tmp & (1 << (id - 1)));
  43              		.loc 1 19 0
  44 000a 013C     		subs	r4, r4, #1
  45 000c 0123     		movs	r3, #1
  46 000e A340     		lsls	r3, r3, r4
  47 0010 1842     		tst	r0, r3
  20:bsp.c         **** }
  48              		.loc 1 20 0
  49 0012 14BF     		ite	ne
  50 0014 0120     		movne	r0, #1
  51              	.LVL3:
  52 0016 0020     		moveq	r0, #0
  53 0018 10BD     		pop	{r4, pc}
  54              		.cfi_endproc
  55              	.LFE64:
  56              		.size	testSaveSlot, .-testSaveSlot
  57 001a 00BF     		.section	.text.listSaveSlots,"ax",%progbits
  58              		.align	2
  59              		.global	listSaveSlots
  60              		.thumb
  61              		.thumb_func
  62              		.type	listSaveSlots, %function
  63              	listSaveSlots:
  64              	.LFB65:
  21:bsp.c         **** 
  22:bsp.c         **** void listSaveSlots(){
  65              		.loc 1 22 0
  66              		.cfi_startproc
  67              		@ args = 0, pretend = 0, frame = 16
  68              		@ frame_needed = 0, uses_anonymous_args = 0
  69 0000 70B5     		push	{r4, r5, r6, lr}
  70              		.cfi_def_cfa_offset 16
  71              		.cfi_offset 4, -16
  72              		.cfi_offset 5, -12
  73              		.cfi_offset 6, -8
  74              		.cfi_offset 14, -4
  75 0002 84B0     		sub	sp, sp, #16
  76              		.cfi_def_cfa_offset 32
  23:bsp.c         ****     uint16 tmp = loadWord(0x05);
  77              		.loc 1 23 0
  78 0004 0520     		movs	r0, #5
  79 0006 FFF7FEFF 		bl	loadWord
  80              	.LVL4:
  81 000a 0646     		mov	r6, r0
  82              	.LVL5:
  83              	.LBB2:
  24:bsp.c         ****     uint16 mask = 1;
  25:bsp.c         ****     for(int i = 1; i <= 16; i++){
  84              		.loc 1 25 0
  85 000c 0125     		movs	r5, #1
  86              	.LBE2:
  24:bsp.c         ****     uint16 mask = 1;
  87              		.loc 1 24 0
  88 000e 2C46     		mov	r4, r5
ARM GAS  C:\Users\Dell\AppData\Local\Temp\ccP39Qia.s 			page 3


  89              	.LBB4:
  90              		.loc 1 25 0
  91 0010 0EE0     		b	.L4
  92              	.LVL6:
  93              	.L5:
  94              	.LBB3:
  26:bsp.c         ****         char str[10];
  27:bsp.c         ****         sprintf(str, "%2d.: %d\r\n", i, ((0 != (tmp & mask)) ? 1 : 0));
  95              		.loc 1 27 0 discriminator 3
  96 0012 3442     		tst	r4, r6
  97 0014 14BF     		ite	ne
  98 0016 0123     		movne	r3, #1
  99 0018 0023     		moveq	r3, #0
 100 001a 2A46     		mov	r2, r5
 101 001c 0649     		ldr	r1, .L7
 102 001e 01A8     		add	r0, sp, #4
 103 0020 FFF7FEFF 		bl	sprintf
 104              	.LVL7:
  28:bsp.c         ****         UART_PutString(str);
 105              		.loc 1 28 0 discriminator 3
 106 0024 01A8     		add	r0, sp, #4
 107 0026 FFF7FEFF 		bl	UART_PutString
 108              	.LVL8:
  29:bsp.c         ****         mask = mask << 1;
 109              		.loc 1 29 0 discriminator 3
 110 002a 6400     		lsls	r4, r4, #1
 111              	.LVL9:
 112 002c A4B2     		uxth	r4, r4
 113              	.LVL10:
 114              	.LBE3:
  25:bsp.c         ****         char str[10];
 115              		.loc 1 25 0 discriminator 3
 116 002e 0135     		adds	r5, r5, #1
 117              	.LVL11:
 118              	.L4:
  25:bsp.c         ****         char str[10];
 119              		.loc 1 25 0 is_stmt 0 discriminator 1
 120 0030 102D     		cmp	r5, #16
 121 0032 EEDD     		ble	.L5
 122              	.LBE4:
  30:bsp.c         ****     }
  31:bsp.c         **** }
 123              		.loc 1 31 0 is_stmt 1
 124 0034 04B0     		add	sp, sp, #16
 125              		.cfi_def_cfa_offset 16
 126              		@ sp needed
 127 0036 70BD     		pop	{r4, r5, r6, pc}
 128              	.LVL12:
 129              	.L8:
 130              		.align	2
 131              	.L7:
 132 0038 00000000 		.word	.LC0
 133              		.cfi_endproc
 134              	.LFE65:
 135              		.size	listSaveSlots, .-listSaveSlots
 136              		.global	__aeabi_i2f
 137              		.global	__aeabi_fdiv
ARM GAS  C:\Users\Dell\AppData\Local\Temp\ccP39Qia.s 			page 4


 138              		.global	__aeabi_f2iz
 139              		.section	.text.saveSlotDetails,"ax",%progbits
 140              		.align	2
 141              		.global	saveSlotDetails
 142              		.thumb
 143              		.thumb_func
 144              		.type	saveSlotDetails, %function
 145              	saveSlotDetails:
 146              	.LFB66:
  32:bsp.c         **** 
  33:bsp.c         **** void saveSlotDetails(uint8 id){   
 147              		.loc 1 33 0
 148              		.cfi_startproc
 149              		@ args = 0, pretend = 0, frame = 32
 150              		@ frame_needed = 0, uses_anonymous_args = 0
 151              	.LVL13:
 152 0000 30B5     		push	{r4, r5, lr}
 153              		.cfi_def_cfa_offset 12
 154              		.cfi_offset 4, -12
 155              		.cfi_offset 5, -8
 156              		.cfi_offset 14, -4
 157 0002 89B0     		sub	sp, sp, #36
 158              		.cfi_def_cfa_offset 48
 159 0004 0446     		mov	r4, r0
  34:bsp.c         ****     if(testSaveSlot(id)){
 160              		.loc 1 34 0
 161 0006 FFF7FEFF 		bl	testSaveSlot
 162              	.LVL14:
 163 000a 60B3     		cbz	r0, .L10
 164              	.LBB5:
  35:bsp.c         ****         id -= 1;
 165              		.loc 1 35 0
 166 000c 013C     		subs	r4, r4, #1
 167 000e E4B2     		uxtb	r4, r4
 168              	.LVL15:
  36:bsp.c         ****         uint16 x = loadWord(0x06 + id*4);
 169              		.loc 1 36 0
 170 0010 A000     		lsls	r0, r4, #2
 171 0012 0630     		adds	r0, r0, #6
 172 0014 00F0FE00 		and	r0, r0, #254
 173 0018 FFF7FEFF 		bl	loadWord
 174              	.LVL16:
 175 001c 0546     		mov	r5, r0
 176              	.LVL17:
  37:bsp.c         ****         uint16 y = loadWord(0x06 + id*4 + 0x02);
 177              		.loc 1 37 0
 178 001e 0234     		adds	r4, r4, #2
 179              	.LVL18:
 180 0020 A000     		lsls	r0, r4, #2
 181 0022 00F0FC00 		and	r0, r0, #252
 182 0026 FFF7FEFF 		bl	loadWord
 183              	.LVL19:
 184 002a 0446     		mov	r4, r0
 185              	.LVL20:
  38:bsp.c         ****         
  39:bsp.c         ****         char str[32];
  40:bsp.c         ****         sprintf(str, "Home: X=%d Y=%d\r\n", (int)AS5600_TO_ANGULAR(x), (int)AS5600_TO_ANGULAR(y));
ARM GAS  C:\Users\Dell\AppData\Local\Temp\ccP39Qia.s 			page 5


 186              		.loc 1 40 0
 187 002c 2846     		mov	r0, r5
 188 002e FFF7FEFF 		bl	__aeabi_i2f
 189              	.LVL21:
 190 0032 0F49     		ldr	r1, .L13
 191 0034 FFF7FEFF 		bl	__aeabi_fdiv
 192              	.LVL22:
 193 0038 0546     		mov	r5, r0
 194              	.LVL23:
 195 003a 2046     		mov	r0, r4
 196 003c FFF7FEFF 		bl	__aeabi_i2f
 197              	.LVL24:
 198 0040 0B49     		ldr	r1, .L13
 199 0042 FFF7FEFF 		bl	__aeabi_fdiv
 200              	.LVL25:
 201 0046 FFF7FEFF 		bl	__aeabi_f2iz
 202              	.LVL26:
 203 004a 0446     		mov	r4, r0
 204              	.LVL27:
 205 004c 2846     		mov	r0, r5
 206 004e FFF7FEFF 		bl	__aeabi_f2iz
 207              	.LVL28:
 208 0052 2346     		mov	r3, r4
 209 0054 0246     		mov	r2, r0
 210 0056 0749     		ldr	r1, .L13+4
 211 0058 6846     		mov	r0, sp
 212 005a FFF7FEFF 		bl	sprintf
 213              	.LVL29:
  41:bsp.c         ****         UART_PutString(str);
 214              		.loc 1 41 0
 215 005e 6846     		mov	r0, sp
 216 0060 FFF7FEFF 		bl	UART_PutString
 217              	.LVL30:
 218              	.LBE5:
 219 0064 02E0     		b	.L9
 220              	.LVL31:
 221              	.L10:
  42:bsp.c         ****     } else {
  43:bsp.c         ****         UART_PutString("Save slot empty.");
 222              		.loc 1 43 0
 223 0066 0448     		ldr	r0, .L13+8
 224 0068 FFF7FEFF 		bl	UART_PutString
 225              	.LVL32:
 226              	.L9:
  44:bsp.c         ****     }               
  45:bsp.c         ****     
  46:bsp.c         **** }
 227              		.loc 1 46 0
 228 006c 09B0     		add	sp, sp, #36
 229              		.cfi_def_cfa_offset 12
 230              		@ sp needed
 231 006e 30BD     		pop	{r4, r5, pc}
 232              	.L14:
 233              		.align	2
 234              	.L13:
 235 0070 610B3641 		.word	1094060897
 236 0074 0C000000 		.word	.LC1
ARM GAS  C:\Users\Dell\AppData\Local\Temp\ccP39Qia.s 			page 6


 237 0078 20000000 		.word	.LC2
 238              		.cfi_endproc
 239              	.LFE66:
 240              		.size	saveSlotDetails, .-saveSlotDetails
 241              		.section	.text.saveToSaveSlot,"ax",%progbits
 242              		.align	2
 243              		.global	saveToSaveSlot
 244              		.thumb
 245              		.thumb_func
 246              		.type	saveToSaveSlot, %function
 247              	saveToSaveSlot:
 248              	.LFB67:
  47:bsp.c         **** 
  48:bsp.c         **** void saveToSaveSlot(uint8 id){
 249              		.loc 1 48 0
 250              		.cfi_startproc
 251              		@ args = 0, pretend = 0, frame = 0
 252              		@ frame_needed = 0, uses_anonymous_args = 0
 253              	.LVL33:
 254 0000 70B5     		push	{r4, r5, r6, lr}
 255              		.cfi_def_cfa_offset 16
 256              		.cfi_offset 4, -16
 257              		.cfi_offset 5, -12
 258              		.cfi_offset 6, -8
 259              		.cfi_offset 14, -4
 260 0002 0546     		mov	r5, r0
  49:bsp.c         ****     id -= 1;
 261              		.loc 1 49 0
 262 0004 441E     		subs	r4, r0, #1
 263 0006 E4B2     		uxtb	r4, r4
 264              	.LVL34:
  50:bsp.c         ****     saveWord(rotator_state.x_des, 0x06 + id*4);
 265              		.loc 1 50 0
 266 0008 0F4E     		ldr	r6, .L18
 267 000a A100     		lsls	r1, r4, #2
 268 000c 0631     		adds	r1, r1, #6
 269 000e 01F0FE01 		and	r1, r1, #254
 270 0012 3088     		ldrh	r0, [r6]
 271 0014 FFF7FEFF 		bl	saveWord
 272              	.LVL35:
  51:bsp.c         ****     saveWord(rotator_state.y_des, 0x06 + id*4 + 0x02);
 273              		.loc 1 51 0
 274 0018 A11C     		adds	r1, r4, #2
 275 001a 8900     		lsls	r1, r1, #2
 276 001c 01F0FC01 		and	r1, r1, #252
 277 0020 B088     		ldrh	r0, [r6, #4]
 278 0022 FFF7FEFF 		bl	saveWord
 279              	.LVL36:
  52:bsp.c         ****     if(!testSaveSlot(id+1)){
 280              		.loc 1 52 0
 281 0026 2846     		mov	r0, r5
 282 0028 FFF7FEFF 		bl	testSaveSlot
 283              	.LVL37:
 284 002c 50B9     		cbnz	r0, .L15
 285              	.LBB6:
  53:bsp.c         ****         uint16 tmp = loadWord(0x05);
 286              		.loc 1 53 0
ARM GAS  C:\Users\Dell\AppData\Local\Temp\ccP39Qia.s 			page 7


 287 002e 0520     		movs	r0, #5
 288 0030 FFF7FEFF 		bl	loadWord
 289              	.LVL38:
  54:bsp.c         ****         tmp = tmp + (1 << id);
 290              		.loc 1 54 0
 291 0034 0123     		movs	r3, #1
 292 0036 03FA04F4 		lsl	r4, r3, r4
 293              	.LVL39:
 294 003a 2044     		add	r0, r0, r4
 295              	.LVL40:
  55:bsp.c         ****         saveWord(tmp, 0x05);
 296              		.loc 1 55 0
 297 003c 0521     		movs	r1, #5
 298 003e 80B2     		uxth	r0, r0
 299 0040 FFF7FEFF 		bl	saveWord
 300              	.LVL41:
 301              	.L15:
 302 0044 70BD     		pop	{r4, r5, r6, pc}
 303              	.LVL42:
 304              	.L19:
 305 0046 00BF     		.align	2
 306              	.L18:
 307 0048 00000000 		.word	rotator_state
 308              	.LBE6:
 309              		.cfi_endproc
 310              	.LFE67:
 311              		.size	saveToSaveSlot, .-saveToSaveSlot
 312              		.section	.text.moveToSaveSlot,"ax",%progbits
 313              		.align	2
 314              		.global	moveToSaveSlot
 315              		.thumb
 316              		.thumb_func
 317              		.type	moveToSaveSlot, %function
 318              	moveToSaveSlot:
 319              	.LFB68:
  56:bsp.c         ****     }
  57:bsp.c         **** }
  58:bsp.c         **** 
  59:bsp.c         **** void moveToSaveSlot(uint8 id){
 320              		.loc 1 59 0
 321              		.cfi_startproc
 322              		@ args = 0, pretend = 0, frame = 0
 323              		@ frame_needed = 0, uses_anonymous_args = 0
 324              	.LVL43:
 325 0000 38B5     		push	{r3, r4, r5, lr}
 326              		.cfi_def_cfa_offset 16
 327              		.cfi_offset 3, -16
 328              		.cfi_offset 4, -12
 329              		.cfi_offset 5, -8
 330              		.cfi_offset 14, -4
 331 0002 0446     		mov	r4, r0
  60:bsp.c         ****     if(testSaveSlot(id)){
 332              		.loc 1 60 0
 333 0004 FFF7FEFF 		bl	testSaveSlot
 334              	.LVL44:
 335 0008 88B1     		cbz	r0, .L21
  61:bsp.c         ****         id -= 1;
ARM GAS  C:\Users\Dell\AppData\Local\Temp\ccP39Qia.s 			page 8


 336              		.loc 1 61 0
 337 000a 013C     		subs	r4, r4, #1
 338 000c E4B2     		uxtb	r4, r4
 339              	.LVL45:
  62:bsp.c         ****         rotator_state.x_des = loadWord(0x06 + id*4);
 340              		.loc 1 62 0
 341 000e A000     		lsls	r0, r4, #2
 342 0010 0630     		adds	r0, r0, #6
 343 0012 00F0FE00 		and	r0, r0, #254
 344 0016 FFF7FEFF 		bl	loadWord
 345              	.LVL46:
 346 001a 074D     		ldr	r5, .L24
 347 001c 2860     		str	r0, [r5]
  63:bsp.c         ****         rotator_state.y_des = loadWord(0x06 + id*4 + 0x02);
 348              		.loc 1 63 0
 349 001e 0234     		adds	r4, r4, #2
 350              	.LVL47:
 351 0020 A000     		lsls	r0, r4, #2
 352 0022 00F0FC00 		and	r0, r0, #252
 353 0026 FFF7FEFF 		bl	loadWord
 354              	.LVL48:
 355 002a 6860     		str	r0, [r5, #4]
 356 002c 38BD     		pop	{r3, r4, r5, pc}
 357              	.LVL49:
 358              	.L21:
  64:bsp.c         ****     } else {
  65:bsp.c         ****         UART_PutString("Save slot empty.");
 359              		.loc 1 65 0
 360 002e 0348     		ldr	r0, .L24+4
 361 0030 FFF7FEFF 		bl	UART_PutString
 362              	.LVL50:
 363 0034 38BD     		pop	{r3, r4, r5, pc}
 364              	.L25:
 365 0036 00BF     		.align	2
 366              	.L24:
 367 0038 00000000 		.word	rotator_state
 368 003c 20000000 		.word	.LC2
 369              		.cfi_endproc
 370              	.LFE68:
 371              		.size	moveToSaveSlot, .-moveToSaveSlot
 372              		.comm	rotator_state,16,4
 373              		.section	.rodata.str1.4,"aMS",%progbits,1
 374              		.align	2
 375              	.LC0:
 376 0000 2532642E 		.ascii	"%2d.: %d\015\012\000"
 376      3A202564 
 376      0D0A00
 377 000b 00       		.space	1
 378              	.LC1:
 379 000c 486F6D65 		.ascii	"Home: X=%d Y=%d\015\012\000"
 379      3A20583D 
 379      25642059 
 379      3D25640D 
 379      0A00
 380 001e 0000     		.space	2
 381              	.LC2:
 382 0020 53617665 		.ascii	"Save slot empty.\000"
ARM GAS  C:\Users\Dell\AppData\Local\Temp\ccP39Qia.s 			page 9


 382      20736C6F 
 382      7420656D 
 382      7074792E 
 382      00
 383              		.text
 384              	.Letext0:
 385              		.file 2 "c:\\program files (x86)\\cypress\\psoc creator\\4.4\\psoc creator\\import\\gnu\\arm\\5.4.
 386              		.file 3 "c:\\program files (x86)\\cypress\\psoc creator\\4.4\\psoc creator\\import\\gnu\\arm\\5.4.
 387              		.file 4 "Generated_Source\\PSoC5/cytypes.h"
 388              		.file 5 "main.h"
 389              		.file 6 "Generated_Source\\PSoC5/core_cm3.h"
 390              		.file 7 "eeprom.h"
 391              		.file 8 "c:\\program files (x86)\\cypress\\psoc creator\\4.4\\psoc creator\\import\\gnu\\arm\\5.4.
 392              		.file 9 "Generated_Source\\PSoC5/UART.h"
 393              		.section	.debug_info,"",%progbits
 394              	.Ldebug_info0:
 395 0000 64040000 		.4byte	0x464
 396 0004 0400     		.2byte	0x4
 397 0006 00000000 		.4byte	.Ldebug_abbrev0
 398 000a 04       		.byte	0x4
 399 000b 01       		.uleb128 0x1
 400 000c 68000000 		.4byte	.LASF33
 401 0010 0C       		.byte	0xc
 402 0011 13000000 		.4byte	.LASF34
 403 0015 25010000 		.4byte	.LASF35
 404 0019 18000000 		.4byte	.Ldebug_ranges0+0x18
 405 001d 00000000 		.4byte	0
 406 0021 00000000 		.4byte	.Ldebug_line0
 407 0025 02       		.uleb128 0x2
 408 0026 01       		.byte	0x1
 409 0027 06       		.byte	0x6
 410 0028 41020000 		.4byte	.LASF0
 411 002c 02       		.uleb128 0x2
 412 002d 01       		.byte	0x1
 413 002e 08       		.byte	0x8
 414 002f 5A000000 		.4byte	.LASF1
 415 0033 02       		.uleb128 0x2
 416 0034 02       		.byte	0x2
 417 0035 05       		.byte	0x5
 418 0036 94010000 		.4byte	.LASF2
 419 003a 02       		.uleb128 0x2
 420 003b 02       		.byte	0x2
 421 003c 07       		.byte	0x7
 422 003d 00000000 		.4byte	.LASF3
 423 0041 03       		.uleb128 0x3
 424 0042 19000000 		.4byte	.LASF9
 425 0046 02       		.byte	0x2
 426 0047 3F       		.byte	0x3f
 427 0048 4C000000 		.4byte	0x4c
 428 004c 02       		.uleb128 0x2
 429 004d 04       		.byte	0x4
 430 004e 05       		.byte	0x5
 431 004f 26020000 		.4byte	.LASF4
 432 0053 02       		.uleb128 0x2
 433 0054 04       		.byte	0x4
 434 0055 07       		.byte	0x7
 435 0056 06010000 		.4byte	.LASF5
ARM GAS  C:\Users\Dell\AppData\Local\Temp\ccP39Qia.s 			page 10


 436 005a 02       		.uleb128 0x2
 437 005b 08       		.byte	0x8
 438 005c 05       		.byte	0x5
 439 005d F6010000 		.4byte	.LASF6
 440 0061 02       		.uleb128 0x2
 441 0062 08       		.byte	0x8
 442 0063 07       		.byte	0x7
 443 0064 C8010000 		.4byte	.LASF7
 444 0068 04       		.uleb128 0x4
 445 0069 04       		.byte	0x4
 446 006a 05       		.byte	0x5
 447 006b 696E7400 		.ascii	"int\000"
 448 006f 02       		.uleb128 0x2
 449 0070 04       		.byte	0x4
 450 0071 07       		.byte	0x7
 451 0072 AD010000 		.4byte	.LASF8
 452 0076 03       		.uleb128 0x3
 453 0077 DF010000 		.4byte	.LASF10
 454 007b 03       		.byte	0x3
 455 007c 2C       		.byte	0x2c
 456 007d 41000000 		.4byte	0x41
 457 0081 05       		.uleb128 0x5
 458 0082 20020000 		.4byte	.LASF11
 459 0086 04       		.byte	0x4
 460 0087 E801     		.2byte	0x1e8
 461 0089 2C000000 		.4byte	0x2c
 462 008d 05       		.uleb128 0x5
 463 008e 80010000 		.4byte	.LASF12
 464 0092 04       		.byte	0x4
 465 0093 E901     		.2byte	0x1e9
 466 0095 3A000000 		.4byte	0x3a
 467 0099 02       		.uleb128 0x2
 468 009a 04       		.byte	0x4
 469 009b 04       		.byte	0x4
 470 009c 54000000 		.4byte	.LASF13
 471 00a0 02       		.uleb128 0x2
 472 00a1 08       		.byte	0x8
 473 00a2 04       		.byte	0x4
 474 00a3 79010000 		.4byte	.LASF14
 475 00a7 02       		.uleb128 0x2
 476 00a8 01       		.byte	0x1
 477 00a9 08       		.byte	0x8
 478 00aa 04020000 		.4byte	.LASF15
 479 00ae 02       		.uleb128 0x2
 480 00af 08       		.byte	0x8
 481 00b0 04       		.byte	0x4
 482 00b1 2F020000 		.4byte	.LASF16
 483 00b5 02       		.uleb128 0x2
 484 00b6 04       		.byte	0x4
 485 00b7 07       		.byte	0x7
 486 00b8 ED010000 		.4byte	.LASF17
 487 00bc 06       		.uleb128 0x6
 488 00bd BA010000 		.4byte	.LASF36
 489 00c1 10       		.byte	0x10
 490 00c2 05       		.byte	0x5
 491 00c3 12       		.byte	0x12
 492 00c4 F9000000 		.4byte	0xf9
ARM GAS  C:\Users\Dell\AppData\Local\Temp\ccP39Qia.s 			page 11


 493 00c8 07       		.uleb128 0x7
 494 00c9 E7010000 		.4byte	.LASF18
 495 00cd 05       		.byte	0x5
 496 00ce 13       		.byte	0x13
 497 00cf 68000000 		.4byte	0x68
 498 00d3 00       		.byte	0
 499 00d4 07       		.uleb128 0x7
 500 00d5 3B020000 		.4byte	.LASF19
 501 00d9 05       		.byte	0x5
 502 00da 14       		.byte	0x14
 503 00db 68000000 		.4byte	0x68
 504 00df 04       		.byte	0x4
 505 00e0 07       		.uleb128 0x7
 506 00e1 6A020000 		.4byte	.LASF20
 507 00e5 05       		.byte	0x5
 508 00e6 15       		.byte	0x15
 509 00e7 68000000 		.4byte	0x68
 510 00eb 08       		.byte	0x8
 511 00ec 07       		.uleb128 0x7
 512 00ed 4E000000 		.4byte	.LASF21
 513 00f1 05       		.byte	0x5
 514 00f2 16       		.byte	0x16
 515 00f3 68000000 		.4byte	0x68
 516 00f7 0C       		.byte	0xc
 517 00f8 00       		.byte	0
 518 00f9 08       		.uleb128 0x8
 519 00fa 87010000 		.4byte	.LASF37
 520 00fe 01       		.byte	0x1
 521 00ff 11       		.byte	0x11
 522 0100 3F010000 		.4byte	0x13f
 523 0104 00000000 		.4byte	.LFB64
 524 0108 1A000000 		.4byte	.LFE64-.LFB64
 525 010c 01       		.uleb128 0x1
 526 010d 9C       		.byte	0x9c
 527 010e 3F010000 		.4byte	0x13f
 528 0112 09       		.uleb128 0x9
 529 0113 696400   		.ascii	"id\000"
 530 0116 01       		.byte	0x1
 531 0117 11       		.byte	0x11
 532 0118 81000000 		.4byte	0x81
 533 011c 00000000 		.4byte	.LLST0
 534 0120 0A       		.uleb128 0xa
 535 0121 746D7000 		.ascii	"tmp\000"
 536 0125 01       		.byte	0x1
 537 0126 12       		.byte	0x12
 538 0127 8D000000 		.4byte	0x8d
 539 012b 21000000 		.4byte	.LLST1
 540 012f 0B       		.uleb128 0xb
 541 0130 0A000000 		.4byte	.LVL2
 542 0134 3B040000 		.4byte	0x43b
 543 0138 0C       		.uleb128 0xc
 544 0139 01       		.uleb128 0x1
 545 013a 50       		.byte	0x50
 546 013b 01       		.uleb128 0x1
 547 013c 35       		.byte	0x35
 548 013d 00       		.byte	0
 549 013e 00       		.byte	0
ARM GAS  C:\Users\Dell\AppData\Local\Temp\ccP39Qia.s 			page 12


 550 013f 02       		.uleb128 0x2
 551 0140 01       		.byte	0x1
 552 0141 02       		.byte	0x2
 553 0142 5C020000 		.4byte	.LASF22
 554 0146 0D       		.uleb128 0xd
 555 0147 09020000 		.4byte	.LASF38
 556 014b 01       		.byte	0x1
 557 014c 16       		.byte	0x16
 558 014d 00000000 		.4byte	.LFB65
 559 0151 3C000000 		.4byte	.LFE65-.LFB65
 560 0155 01       		.uleb128 0x1
 561 0156 9C       		.byte	0x9c
 562 0157 EB010000 		.4byte	0x1eb
 563 015b 0A       		.uleb128 0xa
 564 015c 746D7000 		.ascii	"tmp\000"
 565 0160 01       		.byte	0x1
 566 0161 17       		.byte	0x17
 567 0162 8D000000 		.4byte	0x8d
 568 0166 34000000 		.4byte	.LLST2
 569 016a 0E       		.uleb128 0xe
 570 016b 23000000 		.4byte	.LASF23
 571 016f 01       		.byte	0x1
 572 0170 18       		.byte	0x18
 573 0171 8D000000 		.4byte	0x8d
 574 0175 47000000 		.4byte	.LLST3
 575 0179 0F       		.uleb128 0xf
 576 017a 00000000 		.4byte	.Ldebug_ranges0+0
 577 017e DB010000 		.4byte	0x1db
 578 0182 0A       		.uleb128 0xa
 579 0183 6900     		.ascii	"i\000"
 580 0185 01       		.byte	0x1
 581 0186 19       		.byte	0x19
 582 0187 68000000 		.4byte	0x68
 583 018b 71000000 		.4byte	.LLST4
 584 018f 10       		.uleb128 0x10
 585 0190 12000000 		.4byte	.LBB3
 586 0194 1C000000 		.4byte	.LBE3-.LBB3
 587 0198 11       		.uleb128 0x11
 588 0199 73747200 		.ascii	"str\000"
 589 019d 01       		.byte	0x1
 590 019e 1A       		.byte	0x1a
 591 019f EB010000 		.4byte	0x1eb
 592 01a3 02       		.uleb128 0x2
 593 01a4 91       		.byte	0x91
 594 01a5 64       		.sleb128 -28
 595 01a6 12       		.uleb128 0x12
 596 01a7 24000000 		.4byte	.LVL7
 597 01ab 46040000 		.4byte	0x446
 598 01af C9010000 		.4byte	0x1c9
 599 01b3 0C       		.uleb128 0xc
 600 01b4 01       		.uleb128 0x1
 601 01b5 50       		.byte	0x50
 602 01b6 02       		.uleb128 0x2
 603 01b7 91       		.byte	0x91
 604 01b8 64       		.sleb128 -28
 605 01b9 0C       		.uleb128 0xc
 606 01ba 01       		.uleb128 0x1
ARM GAS  C:\Users\Dell\AppData\Local\Temp\ccP39Qia.s 			page 13


 607 01bb 51       		.byte	0x51
 608 01bc 05       		.uleb128 0x5
 609 01bd 03       		.byte	0x3
 610 01be 00000000 		.4byte	.LC0
 611 01c2 0C       		.uleb128 0xc
 612 01c3 01       		.uleb128 0x1
 613 01c4 52       		.byte	0x52
 614 01c5 02       		.uleb128 0x2
 615 01c6 75       		.byte	0x75
 616 01c7 00       		.sleb128 0
 617 01c8 00       		.byte	0
 618 01c9 0B       		.uleb128 0xb
 619 01ca 2A000000 		.4byte	.LVL8
 620 01ce 51040000 		.4byte	0x451
 621 01d2 0C       		.uleb128 0xc
 622 01d3 01       		.uleb128 0x1
 623 01d4 50       		.byte	0x50
 624 01d5 02       		.uleb128 0x2
 625 01d6 91       		.byte	0x91
 626 01d7 64       		.sleb128 -28
 627 01d8 00       		.byte	0
 628 01d9 00       		.byte	0
 629 01da 00       		.byte	0
 630 01db 0B       		.uleb128 0xb
 631 01dc 0A000000 		.4byte	.LVL4
 632 01e0 3B040000 		.4byte	0x43b
 633 01e4 0C       		.uleb128 0xc
 634 01e5 01       		.uleb128 0x1
 635 01e6 50       		.byte	0x50
 636 01e7 01       		.uleb128 0x1
 637 01e8 35       		.byte	0x35
 638 01e9 00       		.byte	0
 639 01ea 00       		.byte	0
 640 01eb 13       		.uleb128 0x13
 641 01ec A7000000 		.4byte	0xa7
 642 01f0 FB010000 		.4byte	0x1fb
 643 01f4 14       		.uleb128 0x14
 644 01f5 B5000000 		.4byte	0xb5
 645 01f9 09       		.byte	0x9
 646 01fa 00       		.byte	0
 647 01fb 15       		.uleb128 0x15
 648 01fc F6000000 		.4byte	.LASF24
 649 0200 01       		.byte	0x1
 650 0201 21       		.byte	0x21
 651 0202 00000000 		.4byte	.LFB66
 652 0206 7C000000 		.4byte	.LFE66-.LFB66
 653 020a 01       		.uleb128 0x1
 654 020b 9C       		.byte	0x9c
 655 020c E3020000 		.4byte	0x2e3
 656 0210 09       		.uleb128 0x9
 657 0211 696400   		.ascii	"id\000"
 658 0214 01       		.byte	0x1
 659 0215 21       		.byte	0x21
 660 0216 81000000 		.4byte	0x81
 661 021a 90000000 		.4byte	.LLST5
 662 021e 16       		.uleb128 0x16
 663 021f 0C000000 		.4byte	.LBB5
ARM GAS  C:\Users\Dell\AppData\Local\Temp\ccP39Qia.s 			page 14


 664 0223 58000000 		.4byte	.LBE5-.LBB5
 665 0227 BB020000 		.4byte	0x2bb
 666 022b 0A       		.uleb128 0xa
 667 022c 7800     		.ascii	"x\000"
 668 022e 01       		.byte	0x1
 669 022f 24       		.byte	0x24
 670 0230 8D000000 		.4byte	0x8d
 671 0234 D7000000 		.4byte	.LLST6
 672 0238 0A       		.uleb128 0xa
 673 0239 7900     		.ascii	"y\000"
 674 023b 01       		.byte	0x1
 675 023c 25       		.byte	0x25
 676 023d 8D000000 		.4byte	0x8d
 677 0241 EA000000 		.4byte	.LLST7
 678 0245 11       		.uleb128 0x11
 679 0246 73747200 		.ascii	"str\000"
 680 024a 01       		.byte	0x1
 681 024b 27       		.byte	0x27
 682 024c E3020000 		.4byte	0x2e3
 683 0250 02       		.uleb128 0x2
 684 0251 91       		.byte	0x91
 685 0252 50       		.sleb128 -48
 686 0253 12       		.uleb128 0x12
 687 0254 1C000000 		.4byte	.LVL16
 688 0258 3B040000 		.4byte	0x43b
 689 025c 6E020000 		.4byte	0x26e
 690 0260 0C       		.uleb128 0xc
 691 0261 01       		.uleb128 0x1
 692 0262 50       		.byte	0x50
 693 0263 09       		.uleb128 0x9
 694 0264 74       		.byte	0x74
 695 0265 00       		.sleb128 0
 696 0266 32       		.byte	0x32
 697 0267 24       		.byte	0x24
 698 0268 23       		.byte	0x23
 699 0269 06       		.uleb128 0x6
 700 026a 08       		.byte	0x8
 701 026b FE       		.byte	0xfe
 702 026c 1A       		.byte	0x1a
 703 026d 00       		.byte	0
 704 026e 12       		.uleb128 0x12
 705 026f 2A000000 		.4byte	.LVL19
 706 0273 3B040000 		.4byte	0x43b
 707 0277 87020000 		.4byte	0x287
 708 027b 0C       		.uleb128 0xc
 709 027c 01       		.uleb128 0x1
 710 027d 50       		.byte	0x50
 711 027e 07       		.uleb128 0x7
 712 027f 74       		.byte	0x74
 713 0280 00       		.sleb128 0
 714 0281 32       		.byte	0x32
 715 0282 24       		.byte	0x24
 716 0283 08       		.byte	0x8
 717 0284 FC       		.byte	0xfc
 718 0285 1A       		.byte	0x1a
 719 0286 00       		.byte	0
 720 0287 12       		.uleb128 0x12
ARM GAS  C:\Users\Dell\AppData\Local\Temp\ccP39Qia.s 			page 15


 721 0288 5E000000 		.4byte	.LVL29
 722 028c 46040000 		.4byte	0x446
 723 0290 AA020000 		.4byte	0x2aa
 724 0294 0C       		.uleb128 0xc
 725 0295 01       		.uleb128 0x1
 726 0296 50       		.byte	0x50
 727 0297 02       		.uleb128 0x2
 728 0298 7D       		.byte	0x7d
 729 0299 00       		.sleb128 0
 730 029a 0C       		.uleb128 0xc
 731 029b 01       		.uleb128 0x1
 732 029c 51       		.byte	0x51
 733 029d 05       		.uleb128 0x5
 734 029e 03       		.byte	0x3
 735 029f 0C000000 		.4byte	.LC1
 736 02a3 0C       		.uleb128 0xc
 737 02a4 01       		.uleb128 0x1
 738 02a5 53       		.byte	0x53
 739 02a6 02       		.uleb128 0x2
 740 02a7 74       		.byte	0x74
 741 02a8 00       		.sleb128 0
 742 02a9 00       		.byte	0
 743 02aa 0B       		.uleb128 0xb
 744 02ab 64000000 		.4byte	.LVL30
 745 02af 51040000 		.4byte	0x451
 746 02b3 0C       		.uleb128 0xc
 747 02b4 01       		.uleb128 0x1
 748 02b5 50       		.byte	0x50
 749 02b6 02       		.uleb128 0x2
 750 02b7 7D       		.byte	0x7d
 751 02b8 00       		.sleb128 0
 752 02b9 00       		.byte	0
 753 02ba 00       		.byte	0
 754 02bb 12       		.uleb128 0x12
 755 02bc 0A000000 		.4byte	.LVL14
 756 02c0 F9000000 		.4byte	0xf9
 757 02c4 CF020000 		.4byte	0x2cf
 758 02c8 0C       		.uleb128 0xc
 759 02c9 01       		.uleb128 0x1
 760 02ca 50       		.byte	0x50
 761 02cb 02       		.uleb128 0x2
 762 02cc 74       		.byte	0x74
 763 02cd 00       		.sleb128 0
 764 02ce 00       		.byte	0
 765 02cf 0B       		.uleb128 0xb
 766 02d0 6C000000 		.4byte	.LVL32
 767 02d4 51040000 		.4byte	0x451
 768 02d8 0C       		.uleb128 0xc
 769 02d9 01       		.uleb128 0x1
 770 02da 50       		.byte	0x50
 771 02db 05       		.uleb128 0x5
 772 02dc 03       		.byte	0x3
 773 02dd 20000000 		.4byte	.LC2
 774 02e1 00       		.byte	0
 775 02e2 00       		.byte	0
 776 02e3 13       		.uleb128 0x13
 777 02e4 A7000000 		.4byte	0xa7
ARM GAS  C:\Users\Dell\AppData\Local\Temp\ccP39Qia.s 			page 16


 778 02e8 F3020000 		.4byte	0x2f3
 779 02ec 14       		.uleb128 0x14
 780 02ed B5000000 		.4byte	0xb5
 781 02f1 1F       		.byte	0x1f
 782 02f2 00       		.byte	0
 783 02f3 17       		.uleb128 0x17
 784 02f4 3F000000 		.4byte	.LASF25
 785 02f8 01       		.byte	0x1
 786 02f9 30       		.byte	0x30
 787 02fa 00000000 		.4byte	.LFB67
 788 02fe 4C000000 		.4byte	.LFE67-.LFB67
 789 0302 01       		.uleb128 0x1
 790 0303 9C       		.byte	0x9c
 791 0304 9A030000 		.4byte	0x39a
 792 0308 09       		.uleb128 0x9
 793 0309 696400   		.ascii	"id\000"
 794 030c 01       		.byte	0x1
 795 030d 30       		.byte	0x30
 796 030e 81000000 		.4byte	0x81
 797 0312 FD000000 		.4byte	.LLST8
 798 0316 16       		.uleb128 0x16
 799 0317 2E000000 		.4byte	.LBB6
 800 031b 1E000000 		.4byte	.LBE6-.LBB6
 801 031f 55030000 		.4byte	0x355
 802 0323 0A       		.uleb128 0xa
 803 0324 746D7000 		.ascii	"tmp\000"
 804 0328 01       		.byte	0x1
 805 0329 35       		.byte	0x35
 806 032a 8D000000 		.4byte	0x8d
 807 032e 28010000 		.4byte	.LLST9
 808 0332 12       		.uleb128 0x12
 809 0333 34000000 		.4byte	.LVL38
 810 0337 3B040000 		.4byte	0x43b
 811 033b 45030000 		.4byte	0x345
 812 033f 0C       		.uleb128 0xc
 813 0340 01       		.uleb128 0x1
 814 0341 50       		.byte	0x50
 815 0342 01       		.uleb128 0x1
 816 0343 35       		.byte	0x35
 817 0344 00       		.byte	0
 818 0345 0B       		.uleb128 0xb
 819 0346 44000000 		.4byte	.LVL41
 820 034a 5C040000 		.4byte	0x45c
 821 034e 0C       		.uleb128 0xc
 822 034f 01       		.uleb128 0x1
 823 0350 51       		.byte	0x51
 824 0351 01       		.uleb128 0x1
 825 0352 35       		.byte	0x35
 826 0353 00       		.byte	0
 827 0354 00       		.byte	0
 828 0355 12       		.uleb128 0x12
 829 0356 18000000 		.4byte	.LVL35
 830 035a 5C040000 		.4byte	0x45c
 831 035e 70030000 		.4byte	0x370
 832 0362 0C       		.uleb128 0xc
 833 0363 01       		.uleb128 0x1
 834 0364 51       		.byte	0x51
ARM GAS  C:\Users\Dell\AppData\Local\Temp\ccP39Qia.s 			page 17


 835 0365 09       		.uleb128 0x9
 836 0366 74       		.byte	0x74
 837 0367 00       		.sleb128 0
 838 0368 32       		.byte	0x32
 839 0369 24       		.byte	0x24
 840 036a 23       		.byte	0x23
 841 036b 06       		.uleb128 0x6
 842 036c 08       		.byte	0x8
 843 036d FE       		.byte	0xfe
 844 036e 1A       		.byte	0x1a
 845 036f 00       		.byte	0
 846 0370 12       		.uleb128 0x12
 847 0371 26000000 		.4byte	.LVL36
 848 0375 5C040000 		.4byte	0x45c
 849 0379 89030000 		.4byte	0x389
 850 037d 0C       		.uleb128 0xc
 851 037e 01       		.uleb128 0x1
 852 037f 51       		.byte	0x51
 853 0380 07       		.uleb128 0x7
 854 0381 74       		.byte	0x74
 855 0382 02       		.sleb128 2
 856 0383 32       		.byte	0x32
 857 0384 24       		.byte	0x24
 858 0385 08       		.byte	0x8
 859 0386 FC       		.byte	0xfc
 860 0387 1A       		.byte	0x1a
 861 0388 00       		.byte	0
 862 0389 0B       		.uleb128 0xb
 863 038a 2C000000 		.4byte	.LVL37
 864 038e F9000000 		.4byte	0xf9
 865 0392 0C       		.uleb128 0xc
 866 0393 01       		.uleb128 0x1
 867 0394 50       		.byte	0x50
 868 0395 02       		.uleb128 0x2
 869 0396 75       		.byte	0x75
 870 0397 00       		.sleb128 0
 871 0398 00       		.byte	0
 872 0399 00       		.byte	0
 873 039a 17       		.uleb128 0x17
 874 039b 9E010000 		.4byte	.LASF26
 875 039f 01       		.byte	0x1
 876 03a0 3B       		.byte	0x3b
 877 03a1 00000000 		.4byte	.LFB68
 878 03a5 40000000 		.4byte	.LFE68-.LFB68
 879 03a9 01       		.uleb128 0x1
 880 03aa 9C       		.byte	0x9c
 881 03ab 19040000 		.4byte	0x419
 882 03af 09       		.uleb128 0x9
 883 03b0 696400   		.ascii	"id\000"
 884 03b3 01       		.byte	0x1
 885 03b4 3B       		.byte	0x3b
 886 03b5 81000000 		.4byte	0x81
 887 03b9 3B010000 		.4byte	.LLST10
 888 03bd 12       		.uleb128 0x12
 889 03be 08000000 		.4byte	.LVL44
 890 03c2 F9000000 		.4byte	0xf9
 891 03c6 D1030000 		.4byte	0x3d1
ARM GAS  C:\Users\Dell\AppData\Local\Temp\ccP39Qia.s 			page 18


 892 03ca 0C       		.uleb128 0xc
 893 03cb 01       		.uleb128 0x1
 894 03cc 50       		.byte	0x50
 895 03cd 02       		.uleb128 0x2
 896 03ce 74       		.byte	0x74
 897 03cf 00       		.sleb128 0
 898 03d0 00       		.byte	0
 899 03d1 12       		.uleb128 0x12
 900 03d2 1A000000 		.4byte	.LVL46
 901 03d6 3B040000 		.4byte	0x43b
 902 03da EC030000 		.4byte	0x3ec
 903 03de 0C       		.uleb128 0xc
 904 03df 01       		.uleb128 0x1
 905 03e0 50       		.byte	0x50
 906 03e1 09       		.uleb128 0x9
 907 03e2 74       		.byte	0x74
 908 03e3 00       		.sleb128 0
 909 03e4 32       		.byte	0x32
 910 03e5 24       		.byte	0x24
 911 03e6 23       		.byte	0x23
 912 03e7 06       		.uleb128 0x6
 913 03e8 08       		.byte	0x8
 914 03e9 FE       		.byte	0xfe
 915 03ea 1A       		.byte	0x1a
 916 03eb 00       		.byte	0
 917 03ec 12       		.uleb128 0x12
 918 03ed 2A000000 		.4byte	.LVL48
 919 03f1 3B040000 		.4byte	0x43b
 920 03f5 05040000 		.4byte	0x405
 921 03f9 0C       		.uleb128 0xc
 922 03fa 01       		.uleb128 0x1
 923 03fb 50       		.byte	0x50
 924 03fc 07       		.uleb128 0x7
 925 03fd 74       		.byte	0x74
 926 03fe 00       		.sleb128 0
 927 03ff 32       		.byte	0x32
 928 0400 24       		.byte	0x24
 929 0401 08       		.byte	0x8
 930 0402 FC       		.byte	0xfc
 931 0403 1A       		.byte	0x1a
 932 0404 00       		.byte	0
 933 0405 0B       		.uleb128 0xb
 934 0406 34000000 		.4byte	.LVL50
 935 040a 51040000 		.4byte	0x451
 936 040e 0C       		.uleb128 0xc
 937 040f 01       		.uleb128 0x1
 938 0410 50       		.byte	0x50
 939 0411 05       		.uleb128 0x5
 940 0412 03       		.byte	0x3
 941 0413 20000000 		.4byte	.LC2
 942 0417 00       		.byte	0
 943 0418 00       		.byte	0
 944 0419 18       		.uleb128 0x18
 945 041a 18010000 		.4byte	.LASF27
 946 041e 06       		.byte	0x6
 947 041f 1207     		.2byte	0x712
 948 0421 25040000 		.4byte	0x425
ARM GAS  C:\Users\Dell\AppData\Local\Temp\ccP39Qia.s 			page 19


 949 0425 19       		.uleb128 0x19
 950 0426 76000000 		.4byte	0x76
 951 042a 1A       		.uleb128 0x1a
 952 042b 28000000 		.4byte	.LASF28
 953 042f 05       		.byte	0x5
 954 0430 19       		.byte	0x19
 955 0431 BC000000 		.4byte	0xbc
 956 0435 05       		.uleb128 0x5
 957 0436 03       		.byte	0x3
 958 0437 00000000 		.4byte	rotator_state
 959 043b 1B       		.uleb128 0x1b
 960 043c 17020000 		.4byte	.LASF29
 961 0440 17020000 		.4byte	.LASF29
 962 0444 07       		.byte	0x7
 963 0445 13       		.byte	0x13
 964 0446 1B       		.uleb128 0x1b
 965 0447 62020000 		.4byte	.LASF30
 966 044b 62020000 		.4byte	.LASF30
 967 044f 08       		.byte	0x8
 968 0450 E7       		.byte	0xe7
 969 0451 1B       		.uleb128 0x1b
 970 0452 4D020000 		.4byte	.LASF31
 971 0456 4D020000 		.4byte	.LASF31
 972 045a 09       		.byte	0x9
 973 045b 8B       		.byte	0x8b
 974 045c 1B       		.uleb128 0x1b
 975 045d 36000000 		.4byte	.LASF32
 976 0461 36000000 		.4byte	.LASF32
 977 0465 07       		.byte	0x7
 978 0466 12       		.byte	0x12
 979 0467 00       		.byte	0
 980              		.section	.debug_abbrev,"",%progbits
 981              	.Ldebug_abbrev0:
 982 0000 01       		.uleb128 0x1
 983 0001 11       		.uleb128 0x11
 984 0002 01       		.byte	0x1
 985 0003 25       		.uleb128 0x25
 986 0004 0E       		.uleb128 0xe
 987 0005 13       		.uleb128 0x13
 988 0006 0B       		.uleb128 0xb
 989 0007 03       		.uleb128 0x3
 990 0008 0E       		.uleb128 0xe
 991 0009 1B       		.uleb128 0x1b
 992 000a 0E       		.uleb128 0xe
 993 000b 55       		.uleb128 0x55
 994 000c 17       		.uleb128 0x17
 995 000d 11       		.uleb128 0x11
 996 000e 01       		.uleb128 0x1
 997 000f 10       		.uleb128 0x10
 998 0010 17       		.uleb128 0x17
 999 0011 00       		.byte	0
 1000 0012 00       		.byte	0
 1001 0013 02       		.uleb128 0x2
 1002 0014 24       		.uleb128 0x24
 1003 0015 00       		.byte	0
 1004 0016 0B       		.uleb128 0xb
 1005 0017 0B       		.uleb128 0xb
ARM GAS  C:\Users\Dell\AppData\Local\Temp\ccP39Qia.s 			page 20


 1006 0018 3E       		.uleb128 0x3e
 1007 0019 0B       		.uleb128 0xb
 1008 001a 03       		.uleb128 0x3
 1009 001b 0E       		.uleb128 0xe
 1010 001c 00       		.byte	0
 1011 001d 00       		.byte	0
 1012 001e 03       		.uleb128 0x3
 1013 001f 16       		.uleb128 0x16
 1014 0020 00       		.byte	0
 1015 0021 03       		.uleb128 0x3
 1016 0022 0E       		.uleb128 0xe
 1017 0023 3A       		.uleb128 0x3a
 1018 0024 0B       		.uleb128 0xb
 1019 0025 3B       		.uleb128 0x3b
 1020 0026 0B       		.uleb128 0xb
 1021 0027 49       		.uleb128 0x49
 1022 0028 13       		.uleb128 0x13
 1023 0029 00       		.byte	0
 1024 002a 00       		.byte	0
 1025 002b 04       		.uleb128 0x4
 1026 002c 24       		.uleb128 0x24
 1027 002d 00       		.byte	0
 1028 002e 0B       		.uleb128 0xb
 1029 002f 0B       		.uleb128 0xb
 1030 0030 3E       		.uleb128 0x3e
 1031 0031 0B       		.uleb128 0xb
 1032 0032 03       		.uleb128 0x3
 1033 0033 08       		.uleb128 0x8
 1034 0034 00       		.byte	0
 1035 0035 00       		.byte	0
 1036 0036 05       		.uleb128 0x5
 1037 0037 16       		.uleb128 0x16
 1038 0038 00       		.byte	0
 1039 0039 03       		.uleb128 0x3
 1040 003a 0E       		.uleb128 0xe
 1041 003b 3A       		.uleb128 0x3a
 1042 003c 0B       		.uleb128 0xb
 1043 003d 3B       		.uleb128 0x3b
 1044 003e 05       		.uleb128 0x5
 1045 003f 49       		.uleb128 0x49
 1046 0040 13       		.uleb128 0x13
 1047 0041 00       		.byte	0
 1048 0042 00       		.byte	0
 1049 0043 06       		.uleb128 0x6
 1050 0044 13       		.uleb128 0x13
 1051 0045 01       		.byte	0x1
 1052 0046 03       		.uleb128 0x3
 1053 0047 0E       		.uleb128 0xe
 1054 0048 0B       		.uleb128 0xb
 1055 0049 0B       		.uleb128 0xb
 1056 004a 3A       		.uleb128 0x3a
 1057 004b 0B       		.uleb128 0xb
 1058 004c 3B       		.uleb128 0x3b
 1059 004d 0B       		.uleb128 0xb
 1060 004e 01       		.uleb128 0x1
 1061 004f 13       		.uleb128 0x13
 1062 0050 00       		.byte	0
ARM GAS  C:\Users\Dell\AppData\Local\Temp\ccP39Qia.s 			page 21


 1063 0051 00       		.byte	0
 1064 0052 07       		.uleb128 0x7
 1065 0053 0D       		.uleb128 0xd
 1066 0054 00       		.byte	0
 1067 0055 03       		.uleb128 0x3
 1068 0056 0E       		.uleb128 0xe
 1069 0057 3A       		.uleb128 0x3a
 1070 0058 0B       		.uleb128 0xb
 1071 0059 3B       		.uleb128 0x3b
 1072 005a 0B       		.uleb128 0xb
 1073 005b 49       		.uleb128 0x49
 1074 005c 13       		.uleb128 0x13
 1075 005d 38       		.uleb128 0x38
 1076 005e 0B       		.uleb128 0xb
 1077 005f 00       		.byte	0
 1078 0060 00       		.byte	0
 1079 0061 08       		.uleb128 0x8
 1080 0062 2E       		.uleb128 0x2e
 1081 0063 01       		.byte	0x1
 1082 0064 3F       		.uleb128 0x3f
 1083 0065 19       		.uleb128 0x19
 1084 0066 03       		.uleb128 0x3
 1085 0067 0E       		.uleb128 0xe
 1086 0068 3A       		.uleb128 0x3a
 1087 0069 0B       		.uleb128 0xb
 1088 006a 3B       		.uleb128 0x3b
 1089 006b 0B       		.uleb128 0xb
 1090 006c 27       		.uleb128 0x27
 1091 006d 19       		.uleb128 0x19
 1092 006e 49       		.uleb128 0x49
 1093 006f 13       		.uleb128 0x13
 1094 0070 11       		.uleb128 0x11
 1095 0071 01       		.uleb128 0x1
 1096 0072 12       		.uleb128 0x12
 1097 0073 06       		.uleb128 0x6
 1098 0074 40       		.uleb128 0x40
 1099 0075 18       		.uleb128 0x18
 1100 0076 9742     		.uleb128 0x2117
 1101 0078 19       		.uleb128 0x19
 1102 0079 01       		.uleb128 0x1
 1103 007a 13       		.uleb128 0x13
 1104 007b 00       		.byte	0
 1105 007c 00       		.byte	0
 1106 007d 09       		.uleb128 0x9
 1107 007e 05       		.uleb128 0x5
 1108 007f 00       		.byte	0
 1109 0080 03       		.uleb128 0x3
 1110 0081 08       		.uleb128 0x8
 1111 0082 3A       		.uleb128 0x3a
 1112 0083 0B       		.uleb128 0xb
 1113 0084 3B       		.uleb128 0x3b
 1114 0085 0B       		.uleb128 0xb
 1115 0086 49       		.uleb128 0x49
 1116 0087 13       		.uleb128 0x13
 1117 0088 02       		.uleb128 0x2
 1118 0089 17       		.uleb128 0x17
 1119 008a 00       		.byte	0
ARM GAS  C:\Users\Dell\AppData\Local\Temp\ccP39Qia.s 			page 22


 1120 008b 00       		.byte	0
 1121 008c 0A       		.uleb128 0xa
 1122 008d 34       		.uleb128 0x34
 1123 008e 00       		.byte	0
 1124 008f 03       		.uleb128 0x3
 1125 0090 08       		.uleb128 0x8
 1126 0091 3A       		.uleb128 0x3a
 1127 0092 0B       		.uleb128 0xb
 1128 0093 3B       		.uleb128 0x3b
 1129 0094 0B       		.uleb128 0xb
 1130 0095 49       		.uleb128 0x49
 1131 0096 13       		.uleb128 0x13
 1132 0097 02       		.uleb128 0x2
 1133 0098 17       		.uleb128 0x17
 1134 0099 00       		.byte	0
 1135 009a 00       		.byte	0
 1136 009b 0B       		.uleb128 0xb
 1137 009c 898201   		.uleb128 0x4109
 1138 009f 01       		.byte	0x1
 1139 00a0 11       		.uleb128 0x11
 1140 00a1 01       		.uleb128 0x1
 1141 00a2 31       		.uleb128 0x31
 1142 00a3 13       		.uleb128 0x13
 1143 00a4 00       		.byte	0
 1144 00a5 00       		.byte	0
 1145 00a6 0C       		.uleb128 0xc
 1146 00a7 8A8201   		.uleb128 0x410a
 1147 00aa 00       		.byte	0
 1148 00ab 02       		.uleb128 0x2
 1149 00ac 18       		.uleb128 0x18
 1150 00ad 9142     		.uleb128 0x2111
 1151 00af 18       		.uleb128 0x18
 1152 00b0 00       		.byte	0
 1153 00b1 00       		.byte	0
 1154 00b2 0D       		.uleb128 0xd
 1155 00b3 2E       		.uleb128 0x2e
 1156 00b4 01       		.byte	0x1
 1157 00b5 3F       		.uleb128 0x3f
 1158 00b6 19       		.uleb128 0x19
 1159 00b7 03       		.uleb128 0x3
 1160 00b8 0E       		.uleb128 0xe
 1161 00b9 3A       		.uleb128 0x3a
 1162 00ba 0B       		.uleb128 0xb
 1163 00bb 3B       		.uleb128 0x3b
 1164 00bc 0B       		.uleb128 0xb
 1165 00bd 11       		.uleb128 0x11
 1166 00be 01       		.uleb128 0x1
 1167 00bf 12       		.uleb128 0x12
 1168 00c0 06       		.uleb128 0x6
 1169 00c1 40       		.uleb128 0x40
 1170 00c2 18       		.uleb128 0x18
 1171 00c3 9742     		.uleb128 0x2117
 1172 00c5 19       		.uleb128 0x19
 1173 00c6 01       		.uleb128 0x1
 1174 00c7 13       		.uleb128 0x13
 1175 00c8 00       		.byte	0
 1176 00c9 00       		.byte	0
ARM GAS  C:\Users\Dell\AppData\Local\Temp\ccP39Qia.s 			page 23


 1177 00ca 0E       		.uleb128 0xe
 1178 00cb 34       		.uleb128 0x34
 1179 00cc 00       		.byte	0
 1180 00cd 03       		.uleb128 0x3
 1181 00ce 0E       		.uleb128 0xe
 1182 00cf 3A       		.uleb128 0x3a
 1183 00d0 0B       		.uleb128 0xb
 1184 00d1 3B       		.uleb128 0x3b
 1185 00d2 0B       		.uleb128 0xb
 1186 00d3 49       		.uleb128 0x49
 1187 00d4 13       		.uleb128 0x13
 1188 00d5 02       		.uleb128 0x2
 1189 00d6 17       		.uleb128 0x17
 1190 00d7 00       		.byte	0
 1191 00d8 00       		.byte	0
 1192 00d9 0F       		.uleb128 0xf
 1193 00da 0B       		.uleb128 0xb
 1194 00db 01       		.byte	0x1
 1195 00dc 55       		.uleb128 0x55
 1196 00dd 17       		.uleb128 0x17
 1197 00de 01       		.uleb128 0x1
 1198 00df 13       		.uleb128 0x13
 1199 00e0 00       		.byte	0
 1200 00e1 00       		.byte	0
 1201 00e2 10       		.uleb128 0x10
 1202 00e3 0B       		.uleb128 0xb
 1203 00e4 01       		.byte	0x1
 1204 00e5 11       		.uleb128 0x11
 1205 00e6 01       		.uleb128 0x1
 1206 00e7 12       		.uleb128 0x12
 1207 00e8 06       		.uleb128 0x6
 1208 00e9 00       		.byte	0
 1209 00ea 00       		.byte	0
 1210 00eb 11       		.uleb128 0x11
 1211 00ec 34       		.uleb128 0x34
 1212 00ed 00       		.byte	0
 1213 00ee 03       		.uleb128 0x3
 1214 00ef 08       		.uleb128 0x8
 1215 00f0 3A       		.uleb128 0x3a
 1216 00f1 0B       		.uleb128 0xb
 1217 00f2 3B       		.uleb128 0x3b
 1218 00f3 0B       		.uleb128 0xb
 1219 00f4 49       		.uleb128 0x49
 1220 00f5 13       		.uleb128 0x13
 1221 00f6 02       		.uleb128 0x2
 1222 00f7 18       		.uleb128 0x18
 1223 00f8 00       		.byte	0
 1224 00f9 00       		.byte	0
 1225 00fa 12       		.uleb128 0x12
 1226 00fb 898201   		.uleb128 0x4109
 1227 00fe 01       		.byte	0x1
 1228 00ff 11       		.uleb128 0x11
 1229 0100 01       		.uleb128 0x1
 1230 0101 31       		.uleb128 0x31
 1231 0102 13       		.uleb128 0x13
 1232 0103 01       		.uleb128 0x1
 1233 0104 13       		.uleb128 0x13
ARM GAS  C:\Users\Dell\AppData\Local\Temp\ccP39Qia.s 			page 24


 1234 0105 00       		.byte	0
 1235 0106 00       		.byte	0
 1236 0107 13       		.uleb128 0x13
 1237 0108 01       		.uleb128 0x1
 1238 0109 01       		.byte	0x1
 1239 010a 49       		.uleb128 0x49
 1240 010b 13       		.uleb128 0x13
 1241 010c 01       		.uleb128 0x1
 1242 010d 13       		.uleb128 0x13
 1243 010e 00       		.byte	0
 1244 010f 00       		.byte	0
 1245 0110 14       		.uleb128 0x14
 1246 0111 21       		.uleb128 0x21
 1247 0112 00       		.byte	0
 1248 0113 49       		.uleb128 0x49
 1249 0114 13       		.uleb128 0x13
 1250 0115 2F       		.uleb128 0x2f
 1251 0116 0B       		.uleb128 0xb
 1252 0117 00       		.byte	0
 1253 0118 00       		.byte	0
 1254 0119 15       		.uleb128 0x15
 1255 011a 2E       		.uleb128 0x2e
 1256 011b 01       		.byte	0x1
 1257 011c 3F       		.uleb128 0x3f
 1258 011d 19       		.uleb128 0x19
 1259 011e 03       		.uleb128 0x3
 1260 011f 0E       		.uleb128 0xe
 1261 0120 3A       		.uleb128 0x3a
 1262 0121 0B       		.uleb128 0xb
 1263 0122 3B       		.uleb128 0x3b
 1264 0123 0B       		.uleb128 0xb
 1265 0124 27       		.uleb128 0x27
 1266 0125 19       		.uleb128 0x19
 1267 0126 11       		.uleb128 0x11
 1268 0127 01       		.uleb128 0x1
 1269 0128 12       		.uleb128 0x12
 1270 0129 06       		.uleb128 0x6
 1271 012a 40       		.uleb128 0x40
 1272 012b 18       		.uleb128 0x18
 1273 012c 9642     		.uleb128 0x2116
 1274 012e 19       		.uleb128 0x19
 1275 012f 01       		.uleb128 0x1
 1276 0130 13       		.uleb128 0x13
 1277 0131 00       		.byte	0
 1278 0132 00       		.byte	0
 1279 0133 16       		.uleb128 0x16
 1280 0134 0B       		.uleb128 0xb
 1281 0135 01       		.byte	0x1
 1282 0136 11       		.uleb128 0x11
 1283 0137 01       		.uleb128 0x1
 1284 0138 12       		.uleb128 0x12
 1285 0139 06       		.uleb128 0x6
 1286 013a 01       		.uleb128 0x1
 1287 013b 13       		.uleb128 0x13
 1288 013c 00       		.byte	0
 1289 013d 00       		.byte	0
 1290 013e 17       		.uleb128 0x17
ARM GAS  C:\Users\Dell\AppData\Local\Temp\ccP39Qia.s 			page 25


 1291 013f 2E       		.uleb128 0x2e
 1292 0140 01       		.byte	0x1
 1293 0141 3F       		.uleb128 0x3f
 1294 0142 19       		.uleb128 0x19
 1295 0143 03       		.uleb128 0x3
 1296 0144 0E       		.uleb128 0xe
 1297 0145 3A       		.uleb128 0x3a
 1298 0146 0B       		.uleb128 0xb
 1299 0147 3B       		.uleb128 0x3b
 1300 0148 0B       		.uleb128 0xb
 1301 0149 27       		.uleb128 0x27
 1302 014a 19       		.uleb128 0x19
 1303 014b 11       		.uleb128 0x11
 1304 014c 01       		.uleb128 0x1
 1305 014d 12       		.uleb128 0x12
 1306 014e 06       		.uleb128 0x6
 1307 014f 40       		.uleb128 0x40
 1308 0150 18       		.uleb128 0x18
 1309 0151 9742     		.uleb128 0x2117
 1310 0153 19       		.uleb128 0x19
 1311 0154 01       		.uleb128 0x1
 1312 0155 13       		.uleb128 0x13
 1313 0156 00       		.byte	0
 1314 0157 00       		.byte	0
 1315 0158 18       		.uleb128 0x18
 1316 0159 34       		.uleb128 0x34
 1317 015a 00       		.byte	0
 1318 015b 03       		.uleb128 0x3
 1319 015c 0E       		.uleb128 0xe
 1320 015d 3A       		.uleb128 0x3a
 1321 015e 0B       		.uleb128 0xb
 1322 015f 3B       		.uleb128 0x3b
 1323 0160 05       		.uleb128 0x5
 1324 0161 49       		.uleb128 0x49
 1325 0162 13       		.uleb128 0x13
 1326 0163 3F       		.uleb128 0x3f
 1327 0164 19       		.uleb128 0x19
 1328 0165 3C       		.uleb128 0x3c
 1329 0166 19       		.uleb128 0x19
 1330 0167 00       		.byte	0
 1331 0168 00       		.byte	0
 1332 0169 19       		.uleb128 0x19
 1333 016a 35       		.uleb128 0x35
 1334 016b 00       		.byte	0
 1335 016c 49       		.uleb128 0x49
 1336 016d 13       		.uleb128 0x13
 1337 016e 00       		.byte	0
 1338 016f 00       		.byte	0
 1339 0170 1A       		.uleb128 0x1a
 1340 0171 34       		.uleb128 0x34
 1341 0172 00       		.byte	0
 1342 0173 03       		.uleb128 0x3
 1343 0174 0E       		.uleb128 0xe
 1344 0175 3A       		.uleb128 0x3a
 1345 0176 0B       		.uleb128 0xb
 1346 0177 3B       		.uleb128 0x3b
 1347 0178 0B       		.uleb128 0xb
ARM GAS  C:\Users\Dell\AppData\Local\Temp\ccP39Qia.s 			page 26


 1348 0179 49       		.uleb128 0x49
 1349 017a 13       		.uleb128 0x13
 1350 017b 3F       		.uleb128 0x3f
 1351 017c 19       		.uleb128 0x19
 1352 017d 02       		.uleb128 0x2
 1353 017e 18       		.uleb128 0x18
 1354 017f 00       		.byte	0
 1355 0180 00       		.byte	0
 1356 0181 1B       		.uleb128 0x1b
 1357 0182 2E       		.uleb128 0x2e
 1358 0183 00       		.byte	0
 1359 0184 3F       		.uleb128 0x3f
 1360 0185 19       		.uleb128 0x19
 1361 0186 3C       		.uleb128 0x3c
 1362 0187 19       		.uleb128 0x19
 1363 0188 6E       		.uleb128 0x6e
 1364 0189 0E       		.uleb128 0xe
 1365 018a 03       		.uleb128 0x3
 1366 018b 0E       		.uleb128 0xe
 1367 018c 3A       		.uleb128 0x3a
 1368 018d 0B       		.uleb128 0xb
 1369 018e 3B       		.uleb128 0x3b
 1370 018f 0B       		.uleb128 0xb
 1371 0190 00       		.byte	0
 1372 0191 00       		.byte	0
 1373 0192 00       		.byte	0
 1374              		.section	.debug_loc,"",%progbits
 1375              	.Ldebug_loc0:
 1376              	.LLST0:
 1377 0000 00000000 		.4byte	.LVL0
 1378 0004 06000000 		.4byte	.LVL1
 1379 0008 0100     		.2byte	0x1
 1380 000a 50       		.byte	0x50
 1381 000b 06000000 		.4byte	.LVL1
 1382 000f 1A000000 		.4byte	.LFE64
 1383 0013 0400     		.2byte	0x4
 1384 0015 F3       		.byte	0xf3
 1385 0016 01       		.uleb128 0x1
 1386 0017 50       		.byte	0x50
 1387 0018 9F       		.byte	0x9f
 1388 0019 00000000 		.4byte	0
 1389 001d 00000000 		.4byte	0
 1390              	.LLST1:
 1391 0021 0A000000 		.4byte	.LVL2
 1392 0025 16000000 		.4byte	.LVL3
 1393 0029 0100     		.2byte	0x1
 1394 002b 50       		.byte	0x50
 1395 002c 00000000 		.4byte	0
 1396 0030 00000000 		.4byte	0
 1397              	.LLST2:
 1398 0034 0C000000 		.4byte	.LVL5
 1399 0038 38000000 		.4byte	.LVL12
 1400 003c 0100     		.2byte	0x1
 1401 003e 56       		.byte	0x56
 1402 003f 00000000 		.4byte	0
 1403 0043 00000000 		.4byte	0
 1404              	.LLST3:
ARM GAS  C:\Users\Dell\AppData\Local\Temp\ccP39Qia.s 			page 27


 1405 0047 0C000000 		.4byte	.LVL5
 1406 004b 12000000 		.4byte	.LVL6
 1407 004f 0200     		.2byte	0x2
 1408 0051 31       		.byte	0x31
 1409 0052 9F       		.byte	0x9f
 1410 0053 12000000 		.4byte	.LVL6
 1411 0057 2C000000 		.4byte	.LVL9
 1412 005b 0100     		.2byte	0x1
 1413 005d 54       		.byte	0x54
 1414 005e 2E000000 		.4byte	.LVL10
 1415 0062 38000000 		.4byte	.LVL12
 1416 0066 0100     		.2byte	0x1
 1417 0068 54       		.byte	0x54
 1418 0069 00000000 		.4byte	0
 1419 006d 00000000 		.4byte	0
 1420              	.LLST4:
 1421 0071 0C000000 		.4byte	.LVL5
 1422 0075 12000000 		.4byte	.LVL6
 1423 0079 0200     		.2byte	0x2
 1424 007b 31       		.byte	0x31
 1425 007c 9F       		.byte	0x9f
 1426 007d 12000000 		.4byte	.LVL6
 1427 0081 38000000 		.4byte	.LVL12
 1428 0085 0100     		.2byte	0x1
 1429 0087 55       		.byte	0x55
 1430 0088 00000000 		.4byte	0
 1431 008c 00000000 		.4byte	0
 1432              	.LLST5:
 1433 0090 00000000 		.4byte	.LVL13
 1434 0094 09000000 		.4byte	.LVL14-1
 1435 0098 0100     		.2byte	0x1
 1436 009a 50       		.byte	0x50
 1437 009b 09000000 		.4byte	.LVL14-1
 1438 009f 10000000 		.4byte	.LVL15
 1439 00a3 0400     		.2byte	0x4
 1440 00a5 F3       		.byte	0xf3
 1441 00a6 01       		.uleb128 0x1
 1442 00a7 50       		.byte	0x50
 1443 00a8 9F       		.byte	0x9f
 1444 00a9 10000000 		.4byte	.LVL15
 1445 00ad 20000000 		.4byte	.LVL18
 1446 00b1 0100     		.2byte	0x1
 1447 00b3 54       		.byte	0x54
 1448 00b4 20000000 		.4byte	.LVL18
 1449 00b8 2C000000 		.4byte	.LVL20
 1450 00bc 0300     		.2byte	0x3
 1451 00be 74       		.byte	0x74
 1452 00bf 7E       		.sleb128 -2
 1453 00c0 9F       		.byte	0x9f
 1454 00c1 66000000 		.4byte	.LVL31
 1455 00c5 6C000000 		.4byte	.LVL32
 1456 00c9 0400     		.2byte	0x4
 1457 00cb F3       		.byte	0xf3
 1458 00cc 01       		.uleb128 0x1
 1459 00cd 50       		.byte	0x50
 1460 00ce 9F       		.byte	0x9f
 1461 00cf 00000000 		.4byte	0
ARM GAS  C:\Users\Dell\AppData\Local\Temp\ccP39Qia.s 			page 28


 1462 00d3 00000000 		.4byte	0
 1463              	.LLST6:
 1464 00d7 1E000000 		.4byte	.LVL17
 1465 00db 3A000000 		.4byte	.LVL23
 1466 00df 0100     		.2byte	0x1
 1467 00e1 55       		.byte	0x55
 1468 00e2 00000000 		.4byte	0
 1469 00e6 00000000 		.4byte	0
 1470              	.LLST7:
 1471 00ea 2C000000 		.4byte	.LVL20
 1472 00ee 4C000000 		.4byte	.LVL27
 1473 00f2 0100     		.2byte	0x1
 1474 00f4 54       		.byte	0x54
 1475 00f5 00000000 		.4byte	0
 1476 00f9 00000000 		.4byte	0
 1477              	.LLST8:
 1478 00fd 00000000 		.4byte	.LVL33
 1479 0101 08000000 		.4byte	.LVL34
 1480 0105 0100     		.2byte	0x1
 1481 0107 50       		.byte	0x50
 1482 0108 08000000 		.4byte	.LVL34
 1483 010c 3A000000 		.4byte	.LVL39
 1484 0110 0100     		.2byte	0x1
 1485 0112 54       		.byte	0x54
 1486 0113 3A000000 		.4byte	.LVL39
 1487 0117 46000000 		.4byte	.LVL42
 1488 011b 0300     		.2byte	0x3
 1489 011d 75       		.byte	0x75
 1490 011e 7F       		.sleb128 -1
 1491 011f 9F       		.byte	0x9f
 1492 0120 00000000 		.4byte	0
 1493 0124 00000000 		.4byte	0
 1494              	.LLST9:
 1495 0128 34000000 		.4byte	.LVL38
 1496 012c 43000000 		.4byte	.LVL41-1
 1497 0130 0100     		.2byte	0x1
 1498 0132 50       		.byte	0x50
 1499 0133 00000000 		.4byte	0
 1500 0137 00000000 		.4byte	0
 1501              	.LLST10:
 1502 013b 00000000 		.4byte	.LVL43
 1503 013f 07000000 		.4byte	.LVL44-1
 1504 0143 0100     		.2byte	0x1
 1505 0145 50       		.byte	0x50
 1506 0146 07000000 		.4byte	.LVL44-1
 1507 014a 0E000000 		.4byte	.LVL45
 1508 014e 0400     		.2byte	0x4
 1509 0150 F3       		.byte	0xf3
 1510 0151 01       		.uleb128 0x1
 1511 0152 50       		.byte	0x50
 1512 0153 9F       		.byte	0x9f
 1513 0154 0E000000 		.4byte	.LVL45
 1514 0158 20000000 		.4byte	.LVL47
 1515 015c 0100     		.2byte	0x1
 1516 015e 54       		.byte	0x54
 1517 015f 20000000 		.4byte	.LVL47
 1518 0163 2E000000 		.4byte	.LVL49
ARM GAS  C:\Users\Dell\AppData\Local\Temp\ccP39Qia.s 			page 29


 1519 0167 0300     		.2byte	0x3
 1520 0169 74       		.byte	0x74
 1521 016a 7E       		.sleb128 -2
 1522 016b 9F       		.byte	0x9f
 1523 016c 2E000000 		.4byte	.LVL49
 1524 0170 40000000 		.4byte	.LFE68
 1525 0174 0400     		.2byte	0x4
 1526 0176 F3       		.byte	0xf3
 1527 0177 01       		.uleb128 0x1
 1528 0178 50       		.byte	0x50
 1529 0179 9F       		.byte	0x9f
 1530 017a 00000000 		.4byte	0
 1531 017e 00000000 		.4byte	0
 1532              		.section	.debug_aranges,"",%progbits
 1533 0000 3C000000 		.4byte	0x3c
 1534 0004 0200     		.2byte	0x2
 1535 0006 00000000 		.4byte	.Ldebug_info0
 1536 000a 04       		.byte	0x4
 1537 000b 00       		.byte	0
 1538 000c 0000     		.2byte	0
 1539 000e 0000     		.2byte	0
 1540 0010 00000000 		.4byte	.LFB64
 1541 0014 1A000000 		.4byte	.LFE64-.LFB64
 1542 0018 00000000 		.4byte	.LFB65
 1543 001c 3C000000 		.4byte	.LFE65-.LFB65
 1544 0020 00000000 		.4byte	.LFB66
 1545 0024 7C000000 		.4byte	.LFE66-.LFB66
 1546 0028 00000000 		.4byte	.LFB67
 1547 002c 4C000000 		.4byte	.LFE67-.LFB67
 1548 0030 00000000 		.4byte	.LFB68
 1549 0034 40000000 		.4byte	.LFE68-.LFB68
 1550 0038 00000000 		.4byte	0
 1551 003c 00000000 		.4byte	0
 1552              		.section	.debug_ranges,"",%progbits
 1553              	.Ldebug_ranges0:
 1554 0000 0C000000 		.4byte	.LBB2
 1555 0004 0E000000 		.4byte	.LBE2
 1556 0008 10000000 		.4byte	.LBB4
 1557 000c 34000000 		.4byte	.LBE4
 1558 0010 00000000 		.4byte	0
 1559 0014 00000000 		.4byte	0
 1560 0018 00000000 		.4byte	.LFB64
 1561 001c 1A000000 		.4byte	.LFE64
 1562 0020 00000000 		.4byte	.LFB65
 1563 0024 3C000000 		.4byte	.LFE65
 1564 0028 00000000 		.4byte	.LFB66
 1565 002c 7C000000 		.4byte	.LFE66
 1566 0030 00000000 		.4byte	.LFB67
 1567 0034 4C000000 		.4byte	.LFE67
 1568 0038 00000000 		.4byte	.LFB68
 1569 003c 40000000 		.4byte	.LFE68
 1570 0040 00000000 		.4byte	0
 1571 0044 00000000 		.4byte	0
 1572              		.section	.debug_line,"",%progbits
 1573              	.Ldebug_line0:
 1574 0000 67020000 		.section	.debug_str,"MS",%progbits,1
 1574      0200DE01 
ARM GAS  C:\Users\Dell\AppData\Local\Temp\ccP39Qia.s 			page 30


 1574      00000201 
 1574      FB0E0D00 
 1574      01010101 
 1575              	.LASF3:
 1576 0000 73686F72 		.ascii	"short unsigned int\000"
 1576      7420756E 
 1576      7369676E 
 1576      65642069 
 1576      6E7400
 1577              	.LASF34:
 1578 0013 6273702E 		.ascii	"bsp.c\000"
 1578      6300
 1579              	.LASF9:
 1580 0019 5F5F696E 		.ascii	"__int32_t\000"
 1580      7433325F 
 1580      7400
 1581              	.LASF23:
 1582 0023 6D61736B 		.ascii	"mask\000"
 1582      00
 1583              	.LASF28:
 1584 0028 726F7461 		.ascii	"rotator_state\000"
 1584      746F725F 
 1584      73746174 
 1584      6500
 1585              	.LASF32:
 1586 0036 73617665 		.ascii	"saveWord\000"
 1586      576F7264 
 1586      00
 1587              	.LASF25:
 1588 003f 73617665 		.ascii	"saveToSaveSlot\000"
 1588      546F5361 
 1588      7665536C 
 1588      6F7400
 1589              	.LASF21:
 1590 004e 795F6163 		.ascii	"y_act\000"
 1590      7400
 1591              	.LASF13:
 1592 0054 666C6F61 		.ascii	"float\000"
 1592      7400
 1593              	.LASF1:
 1594 005a 756E7369 		.ascii	"unsigned char\000"
 1594      676E6564 
 1594      20636861 
 1594      7200
 1595              	.LASF33:
 1596 0068 474E5520 		.ascii	"GNU C11 5.4.1 20160609 (release) [ARM/embedded-5-br"
 1596      43313120 
 1596      352E342E 
 1596      31203230 
 1596      31363036 
 1597 009b 616E6368 		.ascii	"anch revision 237715] -mcpu=cortex-m3 -mthumb -g -O"
 1597      20726576 
 1597      6973696F 
 1597      6E203233 
 1597      37373135 
 1598 00ce 67202D66 		.ascii	"g -ffunction-sections -ffat-lto-objects\000"
 1598      66756E63 
ARM GAS  C:\Users\Dell\AppData\Local\Temp\ccP39Qia.s 			page 31


 1598      74696F6E 
 1598      2D736563 
 1598      74696F6E 
 1599              	.LASF24:
 1600 00f6 73617665 		.ascii	"saveSlotDetails\000"
 1600      536C6F74 
 1600      44657461 
 1600      696C7300 
 1601              	.LASF5:
 1602 0106 6C6F6E67 		.ascii	"long unsigned int\000"
 1602      20756E73 
 1602      69676E65 
 1602      6420696E 
 1602      7400
 1603              	.LASF27:
 1604 0118 49544D5F 		.ascii	"ITM_RxBuffer\000"
 1604      52784275 
 1604      66666572 
 1604      00
 1605              	.LASF35:
 1606 0125 433A5C55 		.ascii	"C:\\Users\\Dell\\Documents\\GitHub\\PSoC_AntennaRot"
 1606      73657273 
 1606      5C44656C 
 1606      6C5C446F 
 1606      63756D65 
 1607 0153 61746F72 		.ascii	"ator\\Workspace01\\AntennaRotator.cydsn\000"
 1607      5C576F72 
 1607      6B737061 
 1607      63653031 
 1607      5C416E74 
 1608              	.LASF14:
 1609 0179 646F7562 		.ascii	"double\000"
 1609      6C6500
 1610              	.LASF12:
 1611 0180 75696E74 		.ascii	"uint16\000"
 1611      313600
 1612              	.LASF37:
 1613 0187 74657374 		.ascii	"testSaveSlot\000"
 1613      53617665 
 1613      536C6F74 
 1613      00
 1614              	.LASF2:
 1615 0194 73686F72 		.ascii	"short int\000"
 1615      7420696E 
 1615      7400
 1616              	.LASF26:
 1617 019e 6D6F7665 		.ascii	"moveToSaveSlot\000"
 1617      546F5361 
 1617      7665536C 
 1617      6F7400
 1618              	.LASF8:
 1619 01ad 756E7369 		.ascii	"unsigned int\000"
 1619      676E6564 
 1619      20696E74 
 1619      00
 1620              	.LASF36:
 1621 01ba 524F5441 		.ascii	"ROTATOR_STATE\000"
ARM GAS  C:\Users\Dell\AppData\Local\Temp\ccP39Qia.s 			page 32


 1621      544F525F 
 1621      53544154 
 1621      4500
 1622              	.LASF7:
 1623 01c8 6C6F6E67 		.ascii	"long long unsigned int\000"
 1623      206C6F6E 
 1623      6720756E 
 1623      7369676E 
 1623      65642069 
 1624              	.LASF10:
 1625 01df 696E7433 		.ascii	"int32_t\000"
 1625      325F7400 
 1626              	.LASF18:
 1627 01e7 785F6465 		.ascii	"x_des\000"
 1627      7300
 1628              	.LASF17:
 1629 01ed 73697A65 		.ascii	"sizetype\000"
 1629      74797065 
 1629      00
 1630              	.LASF6:
 1631 01f6 6C6F6E67 		.ascii	"long long int\000"
 1631      206C6F6E 
 1631      6720696E 
 1631      7400
 1632              	.LASF15:
 1633 0204 63686172 		.ascii	"char\000"
 1633      00
 1634              	.LASF38:
 1635 0209 6C697374 		.ascii	"listSaveSlots\000"
 1635      53617665 
 1635      536C6F74 
 1635      7300
 1636              	.LASF29:
 1637 0217 6C6F6164 		.ascii	"loadWord\000"
 1637      576F7264 
 1637      00
 1638              	.LASF11:
 1639 0220 75696E74 		.ascii	"uint8\000"
 1639      3800
 1640              	.LASF4:
 1641 0226 6C6F6E67 		.ascii	"long int\000"
 1641      20696E74 
 1641      00
 1642              	.LASF16:
 1643 022f 6C6F6E67 		.ascii	"long double\000"
 1643      20646F75 
 1643      626C6500 
 1644              	.LASF19:
 1645 023b 795F6465 		.ascii	"y_des\000"
 1645      7300
 1646              	.LASF0:
 1647 0241 7369676E 		.ascii	"signed char\000"
 1647      65642063 
 1647      68617200 
 1648              	.LASF31:
 1649 024d 55415254 		.ascii	"UART_PutString\000"
 1649      5F507574 
ARM GAS  C:\Users\Dell\AppData\Local\Temp\ccP39Qia.s 			page 33


 1649      53747269 
 1649      6E6700
 1650              	.LASF22:
 1651 025c 5F426F6F 		.ascii	"_Bool\000"
 1651      6C00
 1652              	.LASF30:
 1653 0262 73707269 		.ascii	"sprintf\000"
 1653      6E746600 
 1654              	.LASF20:
 1655 026a 785F6163 		.ascii	"x_act\000"
 1655      7400
 1656              		.ident	"GCC: (GNU Tools for ARM Embedded Processors) 5.4.1 20160609 (release) [ARM/embedded-5-bran
