ARM GAS  C:\Users\Dell\AppData\Local\Temp\cc4h1tOl.s 			page 1


   1              		.syntax unified
   2              		.cpu cortex-m3
   3              		.fpu softvfp
   4              		.eabi_attribute 20, 1
   5              		.eabi_attribute 21, 1
   6              		.eabi_attribute 23, 3
   7              		.eabi_attribute 24, 1
   8              		.eabi_attribute 25, 1
   9              		.eabi_attribute 26, 1
  10              		.eabi_attribute 30, 1
  11              		.eabi_attribute 34, 1
  12              		.eabi_attribute 18, 4
  13              		.thumb
  14              		.syntax unified
  15              		.file	"cymetadata.c"
  16              		.text
  17              	.Ltext0:
  18              		.cfi_sections	.debug_frame
  19              		.global	cy_metadata
  20              		.global	cy_meta_flashprotect
  21              		.global	cy_meta_wonvl
  22              		.global	cy_meta_custnvl
  23              		.global	cy_meta_configecc
  24              		.section	.cyconfigecc,"a",%progbits
  25              		.align	2
  26              		.type	cy_meta_configecc, %object
  27              		.size	cy_meta_configecc, 988
  28              	cy_meta_configecc:
  29 0000 01       		.byte	1
  30 0001 5B       		.byte	91
  31 0002 00       		.byte	0
  32 0003 40       		.byte	64
  33 0004 03       		.byte	3
  34 0005 65       		.byte	101
  35 0006 00       		.byte	0
  36 0007 40       		.byte	64
  37 0008 01       		.byte	1
  38 0009 07       		.byte	7
  39 000a 01       		.byte	1
  40 000b 40       		.byte	64
  41 000c 01       		.byte	1
  42 000d 09       		.byte	9
  43 000e 01       		.byte	1
  44 000f 40       		.byte	64
  45 0010 05       		.byte	5
  46 0011 15       		.byte	21
  47 0012 01       		.byte	1
  48 0013 40       		.byte	64
  49 0014 11       		.byte	17
  50 0015 18       		.byte	24
  51 0016 01       		.byte	1
  52 0017 40       		.byte	64
  53 0018 3C       		.byte	60
  54 0019 19       		.byte	25
  55 001a 01       		.byte	1
  56 001b 40       		.byte	64
  57 001c 70       		.byte	112
ARM GAS  C:\Users\Dell\AppData\Local\Temp\cc4h1tOl.s 			page 2


  58 001d 1A       		.byte	26
  59 001e 01       		.byte	1
  60 001f 40       		.byte	64
  61 0020 55       		.byte	85
  62 0021 1B       		.byte	27
  63 0022 01       		.byte	1
  64 0023 40       		.byte	64
  65 0024 03       		.byte	3
  66 0025 40       		.byte	64
  67 0026 01       		.byte	1
  68 0027 40       		.byte	64
  69 0028 02       		.byte	2
  70 0029 41       		.byte	65
  71 002a 01       		.byte	1
  72 002b 40       		.byte	64
  73 002c 04       		.byte	4
  74 002d 42       		.byte	66
  75 002e 01       		.byte	1
  76 002f 40       		.byte	64
  77 0030 04       		.byte	4
  78 0031 43       		.byte	67
  79 0032 01       		.byte	1
  80 0033 40       		.byte	64
  81 0034 02       		.byte	2
  82 0035 46       		.byte	70
  83 0036 01       		.byte	1
  84 0037 40       		.byte	64
  85 0038 01       		.byte	1
  86 0039 47       		.byte	71
  87 003a 01       		.byte	1
  88 003b 40       		.byte	64
  89 003c 02       		.byte	2
  90 003d 48       		.byte	72
  91 003e 01       		.byte	1
  92 003f 40       		.byte	64
  93 0040 13       		.byte	19
  94 0041 49       		.byte	73
  95 0042 01       		.byte	1
  96 0043 40       		.byte	64
  97 0044 09       		.byte	9
  98 0045 4C       		.byte	76
  99 0046 01       		.byte	1
 100 0047 40       		.byte	64
 101 0048 0E       		.byte	14
 102 0049 4D       		.byte	77
 103 004a 01       		.byte	1
 104 004b 40       		.byte	64
 105 004c 02       		.byte	2
 106 004d 50       		.byte	80
 107 004e 01       		.byte	1
 108 004f 40       		.byte	64
 109 0050 02       		.byte	2
 110 0051 51       		.byte	81
 111 0052 01       		.byte	1
 112 0053 40       		.byte	64
 113 0054 27       		.byte	39
 114 0055 21       		.byte	33
ARM GAS  C:\Users\Dell\AppData\Local\Temp\cc4h1tOl.s 			page 3


 115 0056 88       		.byte	-120
 116 0057 72       		.byte	114
 117 0058 89       		.byte	-119
 118 0059 38       		.byte	56
 119 005a 8B       		.byte	-117
 120 005b 0F       		.byte	15
 121 005c EE       		.byte	-18
 122 005d 04       		.byte	4
 123 005e EE       		.byte	-18
 124 005f 04       		.byte	4
 125 0060 E0       		.byte	-32
 126 0061 08       		.byte	8
 127 0062 E2       		.byte	-30
 128 0063 01       		.byte	1
 129 0064 E4       		.byte	-28
 130 0065 01       		.byte	1
 131 0066 EA       		.byte	-22
 132 0067 05       		.byte	5
 133 0068 EE       		.byte	-18
 134 0069 08       		.byte	8
 135 006a 82       		.byte	-126
 136 006b 04       		.byte	4
 137 006c 86       		.byte	-122
 138 006d 01       		.byte	1
 139 006e 98       		.byte	-104
 140 006f 08       		.byte	8
 141 0070 A6       		.byte	-90
 142 0071 02       		.byte	2
 143 0072 AA       		.byte	-86
 144 0073 02       		.byte	2
 145 0074 AE       		.byte	-82
 146 0075 01       		.byte	1
 147 0076 B0       		.byte	-80
 148 0077 02       		.byte	2
 149 0078 B2       		.byte	-78
 150 0079 04       		.byte	4
 151 007a B4       		.byte	-76
 152 007b 01       		.byte	1
 153 007c B6       		.byte	-74
 154 007d 08       		.byte	8
 155 007e BB       		.byte	-69
 156 007f 80       		.byte	-128
 157 0080 BE       		.byte	-66
 158 0081 51       		.byte	81
 159 0082 D4       		.byte	-44
 160 0083 18       		.byte	24
 161 0084 D8       		.byte	-40
 162 0085 04       		.byte	4
 163 0086 D9       		.byte	-39
 164 0087 04       		.byte	4
 165 0088 DB       		.byte	-37
 166 0089 04       		.byte	4
 167 008a DF       		.byte	-33
 168 008b 01       		.byte	1
 169 008c 00       		.byte	0
 170 008d 02       		.byte	2
 171 008e 03       		.byte	3
ARM GAS  C:\Users\Dell\AppData\Local\Temp\cc4h1tOl.s 			page 4


 172 008f 20       		.byte	32
 173 0090 05       		.byte	5
 174 0091 48       		.byte	72
 175 0092 06       		.byte	6
 176 0093 40       		.byte	64
 177 0094 07       		.byte	7
 178 0095 18       		.byte	24
 179 0096 08       		.byte	8
 180 0097 08       		.byte	8
 181 0098 09       		.byte	9
 182 0099 08       		.byte	8
 183 009a 0A       		.byte	10
 184 009b 08       		.byte	8
 185 009c 0C       		.byte	12
 186 009d 58       		.byte	88
 187 009e 0E       		.byte	14
 188 009f 41       		.byte	65
 189 00a0 10       		.byte	16
 190 00a1 20       		.byte	32
 191 00a2 11       		.byte	17
 192 00a3 A0       		.byte	-96
 193 00a4 15       		.byte	21
 194 00a5 80       		.byte	-128
 195 00a6 17       		.byte	23
 196 00a7 26       		.byte	38
 197 00a8 18       		.byte	24
 198 00a9 06       		.byte	6
 199 00aa 19       		.byte	25
 200 00ab 04       		.byte	4
 201 00ac 1B       		.byte	27
 202 00ad 01       		.byte	1
 203 00ae 1D       		.byte	29
 204 00af 08       		.byte	8
 205 00b0 1E       		.byte	30
 206 00b1 4B       		.byte	75
 207 00b2 21       		.byte	33
 208 00b3 40       		.byte	64
 209 00b4 22       		.byte	34
 210 00b5 80       		.byte	-128
 211 00b6 25       		.byte	37
 212 00b7 10       		.byte	16
 213 00b8 27       		.byte	39
 214 00b9 11       		.byte	17
 215 00ba 2C       		.byte	44
 216 00bb 08       		.byte	8
 217 00bc 2D       		.byte	45
 218 00bd 08       		.byte	8
 219 00be 2E       		.byte	46
 220 00bf 80       		.byte	-128
 221 00c0 2F       		.byte	47
 222 00c1 40       		.byte	64
 223 00c2 34       		.byte	52
 224 00c3 10       		.byte	16
 225 00c4 35       		.byte	53
 226 00c5 44       		.byte	68
 227 00c6 36       		.byte	54
 228 00c7 01       		.byte	1
ARM GAS  C:\Users\Dell\AppData\Local\Temp\cc4h1tOl.s 			page 5


 229 00c8 39       		.byte	57
 230 00c9 80       		.byte	-128
 231 00ca 3A       		.byte	58
 232 00cb 80       		.byte	-128
 233 00cc 3B       		.byte	59
 234 00cd 40       		.byte	64
 235 00ce 3E       		.byte	62
 236 00cf 6A       		.byte	106
 237 00d0 44       		.byte	68
 238 00d1 50       		.byte	80
 239 00d2 45       		.byte	69
 240 00d3 14       		.byte	20
 241 00d4 47       		.byte	71
 242 00d5 40       		.byte	64
 243 00d6 4C       		.byte	76
 244 00d7 20       		.byte	32
 245 00d8 4F       		.byte	79
 246 00d9 40       		.byte	64
 247 00da 57       		.byte	87
 248 00db 20       		.byte	32
 249 00dc 5B       		.byte	91
 250 00dd 01       		.byte	1
 251 00de 5E       		.byte	94
 252 00df 08       		.byte	8
 253 00e0 60       		.byte	96
 254 00e1 04       		.byte	4
 255 00e2 63       		.byte	99
 256 00e3 02       		.byte	2
 257 00e4 6D       		.byte	109
 258 00e5 50       		.byte	80
 259 00e6 6E       		.byte	110
 260 00e7 04       		.byte	4
 261 00e8 76       		.byte	118
 262 00e9 2A       		.byte	42
 263 00ea 77       		.byte	119
 264 00eb 26       		.byte	38
 265 00ec 80       		.byte	-128
 266 00ed 01       		.byte	1
 267 00ee C0       		.byte	-64
 268 00ef FC       		.byte	-4
 269 00f0 C2       		.byte	-62
 270 00f1 F2       		.byte	-14
 271 00f2 C4       		.byte	-60
 272 00f3 F7       		.byte	-9
 273 00f4 CA       		.byte	-54
 274 00f5 F0       		.byte	-16
 275 00f6 CC       		.byte	-52
 276 00f7 F0       		.byte	-16
 277 00f8 CE       		.byte	-50
 278 00f9 F0       		.byte	-16
 279 00fa D0       		.byte	-48
 280 00fb F0       		.byte	-16
 281 00fc D2       		.byte	-46
 282 00fd 10       		.byte	16
 283 00fe D6       		.byte	-42
 284 00ff 41       		.byte	65
 285 0100 D8       		.byte	-40
ARM GAS  C:\Users\Dell\AppData\Local\Temp\cc4h1tOl.s 			page 6


 286 0101 0C       		.byte	12
 287 0102 E4       		.byte	-28
 288 0103 04       		.byte	4
 289 0104 04       		.byte	4
 290 0105 10       		.byte	16
 291 0106 05       		.byte	5
 292 0107 80       		.byte	-128
 293 0108 06       		.byte	6
 294 0109 AC       		.byte	-84
 295 010a 07       		.byte	7
 296 010b 13       		.byte	19
 297 010c 0C       		.byte	12
 298 010d 0C       		.byte	12
 299 010e 0E       		.byte	14
 300 010f 71       		.byte	113
 301 0110 0F       		.byte	15
 302 0111 0C       		.byte	12
 303 0112 10       		.byte	16
 304 0113 09       		.byte	9
 305 0114 12       		.byte	18
 306 0115 D0       		.byte	-48
 307 0116 14       		.byte	20
 308 0117 14       		.byte	20
 309 0118 15       		.byte	21
 310 0119 2C       		.byte	44
 311 011a 17       		.byte	23
 312 011b 43       		.byte	67
 313 011c 19       		.byte	25
 314 011d 71       		.byte	113
 315 011e 1A       		.byte	26
 316 011f 03       		.byte	3
 317 0120 1B       		.byte	27
 318 0121 06       		.byte	6
 319 0122 1F       		.byte	31
 320 0123 08       		.byte	8
 321 0124 20       		.byte	32
 322 0125 10       		.byte	16
 323 0126 21       		.byte	33
 324 0127 71       		.byte	113
 325 0128 22       		.byte	34
 326 0129 40       		.byte	64
 327 012a 23       		.byte	35
 328 012b 0E       		.byte	14
 329 012c 26       		.byte	38
 330 012d 20       		.byte	32
 331 012e 28       		.byte	40
 332 012f DC       		.byte	-36
 333 0130 2A       		.byte	42
 334 0131 22       		.byte	34
 335 0132 30       		.byte	48
 336 0133 E0       		.byte	-32
 337 0134 31       		.byte	49
 338 0135 C0       		.byte	-64
 339 0136 33       		.byte	51
 340 0137 0F       		.byte	15
 341 0138 34       		.byte	52
 342 0139 1F       		.byte	31
ARM GAS  C:\Users\Dell\AppData\Local\Temp\cc4h1tOl.s 			page 7


 343 013a 35       		.byte	53
 344 013b 30       		.byte	48
 345 013c 39       		.byte	57
 346 013d 22       		.byte	34
 347 013e 3A       		.byte	58
 348 013f 02       		.byte	2
 349 0140 3B       		.byte	59
 350 0141 08       		.byte	8
 351 0142 3F       		.byte	63
 352 0143 10       		.byte	16
 353 0144 40       		.byte	64
 354 0145 02       		.byte	2
 355 0146 45       		.byte	69
 356 0147 40       		.byte	64
 357 0148 49       		.byte	73
 358 0149 FF       		.byte	-1
 359 014a 4A       		.byte	74
 360 014b 07       		.byte	7
 361 014c 4B       		.byte	75
 362 014d FF       		.byte	-1
 363 014e 4C       		.byte	76
 364 014f 40       		.byte	64
 365 0150 4D       		.byte	77
 366 0151 20       		.byte	32
 367 0152 4E       		.byte	78
 368 0153 F0       		.byte	-16
 369 0154 4F       		.byte	79
 370 0155 05       		.byte	5
 371 0156 50       		.byte	80
 372 0157 08       		.byte	8
 373 0158 58       		.byte	88
 374 0159 04       		.byte	4
 375 015a 59       		.byte	89
 376 015b 04       		.byte	4
 377 015c 5A       		.byte	90
 378 015d 04       		.byte	4
 379 015e 5F       		.byte	95
 380 015f 01       		.byte	1
 381 0160 60       		.byte	96
 382 0161 40       		.byte	64
 383 0162 61       		.byte	97
 384 0163 A8       		.byte	-88
 385 0164 62       		.byte	98
 386 0165 40       		.byte	64
 387 0166 63       		.byte	99
 388 0167 20       		.byte	32
 389 0168 80       		.byte	-128
 390 0169 13       		.byte	19
 391 016a 81       		.byte	-127
 392 016b 01       		.byte	1
 393 016c 82       		.byte	-126
 394 016d 04       		.byte	4
 395 016e 84       		.byte	-124
 396 016f 0A       		.byte	10
 397 0170 85       		.byte	-123
 398 0171 0E       		.byte	14
 399 0172 86       		.byte	-122
ARM GAS  C:\Users\Dell\AppData\Local\Temp\cc4h1tOl.s 			page 8


 400 0173 14       		.byte	20
 401 0174 88       		.byte	-120
 402 0175 80       		.byte	-128
 403 0176 89       		.byte	-119
 404 0177 0E       		.byte	14
 405 0178 8A       		.byte	-118
 406 0179 20       		.byte	32
 407 017a 8C       		.byte	-116
 408 017b 40       		.byte	64
 409 017c 8D       		.byte	-115
 410 017d 02       		.byte	2
 411 017e 8E       		.byte	-114
 412 017f 20       		.byte	32
 413 0180 92       		.byte	-110
 414 0181 08       		.byte	8
 415 0182 94       		.byte	-108
 416 0183 20       		.byte	32
 417 0184 95       		.byte	-107
 418 0185 08       		.byte	8
 419 0186 96       		.byte	-106
 420 0187 C0       		.byte	-64
 421 0188 97       		.byte	-105
 422 0189 24       		.byte	36
 423 018a 98       		.byte	-104
 424 018b E0       		.byte	-32
 425 018c 99       		.byte	-103
 426 018d 04       		.byte	4
 427 018e 9B       		.byte	-101
 428 018f 28       		.byte	40
 429 0190 9C       		.byte	-100
 430 0191 13       		.byte	19
 431 0192 9D       		.byte	-99
 432 0193 01       		.byte	1
 433 0194 9E       		.byte	-98
 434 0195 0C       		.byte	12
 435 0196 A6       		.byte	-90
 436 0197 15       		.byte	21
 437 0198 A7       		.byte	-89
 438 0199 01       		.byte	1
 439 019a A8       		.byte	-88
 440 019b E0       		.byte	-32
 441 019c AB       		.byte	-85
 442 019d 10       		.byte	16
 443 019e AC       		.byte	-84
 444 019f 03       		.byte	3
 445 01a0 AE       		.byte	-82
 446 01a1 14       		.byte	20
 447 01a2 AF       		.byte	-81
 448 01a3 01       		.byte	1
 449 01a4 B0       		.byte	-80
 450 01a5 10       		.byte	16
 451 01a6 B1       		.byte	-79
 452 01a7 30       		.byte	48
 453 01a8 B2       		.byte	-78
 454 01a9 E0       		.byte	-32
 455 01aa B3       		.byte	-77
 456 01ab 02       		.byte	2
ARM GAS  C:\Users\Dell\AppData\Local\Temp\cc4h1tOl.s 			page 9


 457 01ac B4       		.byte	-76
 458 01ad 0F       		.byte	15
 459 01ae B5       		.byte	-75
 460 01af 0C       		.byte	12
 461 01b0 B7       		.byte	-73
 462 01b1 01       		.byte	1
 463 01b2 B9       		.byte	-71
 464 01b3 80       		.byte	-128
 465 01b4 BA       		.byte	-70
 466 01b5 20       		.byte	32
 467 01b6 BE       		.byte	-66
 468 01b7 01       		.byte	1
 469 01b8 BF       		.byte	-65
 470 01b9 01       		.byte	1
 471 01ba C0       		.byte	-64
 472 01bb 26       		.byte	38
 473 01bc C1       		.byte	-63
 474 01bd 01       		.byte	1
 475 01be C5       		.byte	-59
 476 01bf 0B       		.byte	11
 477 01c0 C6       		.byte	-58
 478 01c1 0E       		.byte	14
 479 01c2 C7       		.byte	-57
 480 01c3 C0       		.byte	-64
 481 01c4 C8       		.byte	-56
 482 01c5 25       		.byte	37
 483 01c6 C9       		.byte	-55
 484 01c7 FF       		.byte	-1
 485 01c8 CA       		.byte	-54
 486 01c9 FF       		.byte	-1
 487 01ca CB       		.byte	-53
 488 01cb FF       		.byte	-1
 489 01cc CE       		.byte	-50
 490 01cd F0       		.byte	-16
 491 01ce CF       		.byte	-49
 492 01cf 44       		.byte	68
 493 01d0 D0       		.byte	-48
 494 01d1 0C       		.byte	12
 495 01d2 D4       		.byte	-44
 496 01d3 01       		.byte	1
 497 01d4 D8       		.byte	-40
 498 01d5 04       		.byte	4
 499 01d6 D9       		.byte	-39
 500 01d7 04       		.byte	4
 501 01d8 DA       		.byte	-38
 502 01d9 04       		.byte	4
 503 01da DB       		.byte	-37
 504 01db 04       		.byte	4
 505 01dc DF       		.byte	-33
 506 01dd 01       		.byte	1
 507 01de E6       		.byte	-26
 508 01df C0       		.byte	-64
 509 01e0 EA       		.byte	-22
 510 01e1 40       		.byte	64
 511 01e2 EB       		.byte	-21
 512 01e3 02       		.byte	2
 513 01e4 02       		.byte	2
ARM GAS  C:\Users\Dell\AppData\Local\Temp\cc4h1tOl.s 			page 10


 514 01e5 01       		.byte	1
 515 01e6 03       		.byte	3
 516 01e7 20       		.byte	32
 517 01e8 05       		.byte	5
 518 01e9 41       		.byte	65
 519 01ea 07       		.byte	7
 520 01eb 28       		.byte	40
 521 01ec 0A       		.byte	10
 522 01ed 28       		.byte	40
 523 01ee 0B       		.byte	11
 524 01ef 40       		.byte	64
 525 01f0 0C       		.byte	12
 526 01f1 08       		.byte	8
 527 01f2 0E       		.byte	14
 528 01f3 04       		.byte	4
 529 01f4 0F       		.byte	15
 530 01f5 42       		.byte	66
 531 01f6 10       		.byte	16
 532 01f7 80       		.byte	-128
 533 01f8 11       		.byte	17
 534 01f9 04       		.byte	4
 535 01fa 13       		.byte	19
 536 01fb 20       		.byte	32
 537 01fc 15       		.byte	21
 538 01fd 14       		.byte	20
 539 01fe 16       		.byte	22
 540 01ff 02       		.byte	2
 541 0200 19       		.byte	25
 542 0201 01       		.byte	1
 543 0202 1A       		.byte	26
 544 0203 08       		.byte	8
 545 0204 1D       		.byte	29
 546 0205 10       		.byte	16
 547 0206 1E       		.byte	30
 548 0207 80       		.byte	-128
 549 0208 1F       		.byte	31
 550 0209 24       		.byte	36
 551 020a 20       		.byte	32
 552 020b 04       		.byte	4
 553 020c 21       		.byte	33
 554 020d 08       		.byte	8
 555 020e 23       		.byte	35
 556 020f 60       		.byte	96
 557 0210 25       		.byte	37
 558 0211 44       		.byte	68
 559 0212 27       		.byte	39
 560 0213 4C       		.byte	76
 561 0214 29       		.byte	41
 562 0215 01       		.byte	1
 563 0216 2A       		.byte	42
 564 0217 01       		.byte	1
 565 0218 2C       		.byte	44
 566 0219 08       		.byte	8
 567 021a 2D       		.byte	45
 568 021b 08       		.byte	8
 569 021c 2E       		.byte	46
 570 021d 40       		.byte	64
ARM GAS  C:\Users\Dell\AppData\Local\Temp\cc4h1tOl.s 			page 11


 571 021e 2F       		.byte	47
 572 021f 04       		.byte	4
 573 0220 30       		.byte	48
 574 0221 80       		.byte	-128
 575 0222 31       		.byte	49
 576 0223 18       		.byte	24
 577 0224 33       		.byte	51
 578 0225 10       		.byte	16
 579 0226 36       		.byte	54
 580 0227 90       		.byte	-112
 581 0228 37       		.byte	55
 582 0229 04       		.byte	4
 583 022a 38       		.byte	56
 584 022b 08       		.byte	8
 585 022c 39       		.byte	57
 586 022d 04       		.byte	4
 587 022e 3B       		.byte	59
 588 022f 40       		.byte	64
 589 0230 3D       		.byte	61
 590 0231 50       		.byte	80
 591 0232 3E       		.byte	62
 592 0233 05       		.byte	5
 593 0234 40       		.byte	64
 594 0235 04       		.byte	4
 595 0236 46       		.byte	70
 596 0237 01       		.byte	1
 597 0238 47       		.byte	71
 598 0239 10       		.byte	16
 599 023a 48       		.byte	72
 600 023b 80       		.byte	-128
 601 023c 4C       		.byte	76
 602 023d 04       		.byte	4
 603 023e 4E       		.byte	78
 604 023f 10       		.byte	16
 605 0240 50       		.byte	80
 606 0241 04       		.byte	4
 607 0242 56       		.byte	86
 608 0243 42       		.byte	66
 609 0244 5C       		.byte	92
 610 0245 2A       		.byte	42
 611 0246 5E       		.byte	94
 612 0247 80       		.byte	-128
 613 0248 60       		.byte	96
 614 0249 02       		.byte	2
 615 024a 62       		.byte	98
 616 024b 40       		.byte	64
 617 024c 87       		.byte	-121
 618 024d 21       		.byte	33
 619 024e 88       		.byte	-120
 620 024f 01       		.byte	1
 621 0250 89       		.byte	-119
 622 0251 40       		.byte	64
 623 0252 8A       		.byte	-118
 624 0253 10       		.byte	16
 625 0254 8B       		.byte	-117
 626 0255 48       		.byte	72
 627 0256 8C       		.byte	-116
ARM GAS  C:\Users\Dell\AppData\Local\Temp\cc4h1tOl.s 			page 12


 628 0257 20       		.byte	32
 629 0258 8E       		.byte	-114
 630 0259 02       		.byte	2
 631 025a 91       		.byte	-111
 632 025b 50       		.byte	80
 633 025c 92       		.byte	-110
 634 025d 45       		.byte	69
 635 025e 96       		.byte	-106
 636 025f 08       		.byte	8
 637 0260 97       		.byte	-105
 638 0261 80       		.byte	-128
 639 0262 98       		.byte	-104
 640 0263 08       		.byte	8
 641 0264 99       		.byte	-103
 642 0265 08       		.byte	8
 643 0266 9D       		.byte	-99
 644 0267 40       		.byte	64
 645 0268 9E       		.byte	-98
 646 0269 40       		.byte	64
 647 026a 9F       		.byte	-97
 648 026b 48       		.byte	72
 649 026c A2       		.byte	-94
 650 026d 80       		.byte	-128
 651 026e A4       		.byte	-92
 652 026f 09       		.byte	9
 653 0270 A5       		.byte	-91
 654 0271 44       		.byte	68
 655 0272 C0       		.byte	-64
 656 0273 F5       		.byte	-11
 657 0274 C2       		.byte	-62
 658 0275 FE       		.byte	-2
 659 0276 C4       		.byte	-60
 660 0277 EE       		.byte	-18
 661 0278 CA       		.byte	-54
 662 0279 71       		.byte	113
 663 027a CC       		.byte	-52
 664 027b 7E       		.byte	126
 665 027c CE       		.byte	-50
 666 027d FA       		.byte	-6
 667 027e D0       		.byte	-48
 668 027f 34       		.byte	52
 669 0280 D2       		.byte	-46
 670 0281 20       		.byte	32
 671 0282 D6       		.byte	-42
 672 0283 F0       		.byte	-16
 673 0284 E0       		.byte	-32
 674 0285 08       		.byte	8
 675 0286 E2       		.byte	-30
 676 0287 01       		.byte	1
 677 0288 E4       		.byte	-28
 678 0289 01       		.byte	1
 679 028a EA       		.byte	-22
 680 028b 05       		.byte	5
 681 028c EE       		.byte	-18
 682 028d 08       		.byte	8
 683 028e 33       		.byte	51
 684 028f 20       		.byte	32
ARM GAS  C:\Users\Dell\AppData\Local\Temp\cc4h1tOl.s 			page 13


 685 0290 36       		.byte	54
 686 0291 80       		.byte	-128
 687 0292 CC       		.byte	-52
 688 0293 30       		.byte	48
 689 0294 A6       		.byte	-90
 690 0295 80       		.byte	-128
 691 0296 A7       		.byte	-89
 692 0297 20       		.byte	32
 693 0298 3E       		.byte	62
 694 0299 10       		.byte	16
 695 029a A6       		.byte	-90
 696 029b 80       		.byte	-128
 697 029c A7       		.byte	-89
 698 029d 20       		.byte	32
 699 029e CE       		.byte	-50
 700 029f 20       		.byte	32
 701 02a0 96       		.byte	-106
 702 02a1 10       		.byte	16
 703 02a2 A6       		.byte	-90
 704 02a3 80       		.byte	-128
 705 02a4 AB       		.byte	-85
 706 02a5 20       		.byte	32
 707 02a6 EE       		.byte	-18
 708 02a7 20       		.byte	32
 709 02a8 1B       		.byte	27
 710 02a9 04       		.byte	4
 711 02aa C6       		.byte	-58
 712 02ab 08       		.byte	8
 713 02ac AB       		.byte	-85
 714 02ad 04       		.byte	4
 715 02ae 96       		.byte	-106
 716 02af 10       		.byte	16
 717 02b0 A6       		.byte	-90
 718 02b1 80       		.byte	-128
 719 02b2 12       		.byte	18
 720 02b3 20       		.byte	32
 721 02b4 16       		.byte	22
 722 02b5 40       		.byte	64
 723 02b6 71       		.byte	113
 724 02b7 08       		.byte	8
 725 02b8 77       		.byte	119
 726 02b9 10       		.byte	16
 727 02ba 81       		.byte	-127
 728 02bb 08       		.byte	8
 729 02bc 82       		.byte	-126
 730 02bd 20       		.byte	32
 731 02be 86       		.byte	-122
 732 02bf 40       		.byte	64
 733 02c0 9B       		.byte	-101
 734 02c1 10       		.byte	16
 735 02c2 AA       		.byte	-86
 736 02c3 10       		.byte	16
 737 02c4 AB       		.byte	-85
 738 02c5 10       		.byte	16
 739 02c6 AE       		.byte	-82
 740 02c7 80       		.byte	-128
 741 02c8 C4       		.byte	-60
ARM GAS  C:\Users\Dell\AppData\Local\Temp\cc4h1tOl.s 			page 14


 742 02c9 30       		.byte	48
 743 02ca DC       		.byte	-36
 744 02cb 80       		.byte	-128
 745 02cc DE       		.byte	-34
 746 02cd 20       		.byte	32
 747 02ce E0       		.byte	-32
 748 02cf 10       		.byte	16
 749 02d0 E2       		.byte	-30
 750 02d1 80       		.byte	-128
 751 02d2 E4       		.byte	-28
 752 02d3 80       		.byte	-128
 753 02d4 EA       		.byte	-22
 754 02d5 A0       		.byte	-96
 755 02d6 EE       		.byte	-18
 756 02d7 10       		.byte	16
 757 02d8 13       		.byte	19
 758 02d9 21       		.byte	33
 759 02da 17       		.byte	23
 760 02db 08       		.byte	8
 761 02dc 1F       		.byte	31
 762 02dd 80       		.byte	-128
 763 02de 7B       		.byte	123
 764 02df 10       		.byte	16
 765 02e0 7F       		.byte	127
 766 02e1 40       		.byte	64
 767 02e2 81       		.byte	-127
 768 02e3 02       		.byte	2
 769 02e4 C4       		.byte	-60
 770 02e5 0E       		.byte	14
 771 02e6 C6       		.byte	-58
 772 02e7 01       		.byte	1
 773 02e8 DE       		.byte	-34
 774 02e9 03       		.byte	3
 775 02ea 10       		.byte	16
 776 02eb 40       		.byte	64
 777 02ec 75       		.byte	117
 778 02ed 02       		.byte	2
 779 02ee 83       		.byte	-125
 780 02ef 11       		.byte	17
 781 02f0 87       		.byte	-121
 782 02f1 40       		.byte	64
 783 02f2 88       		.byte	-120
 784 02f3 40       		.byte	64
 785 02f4 93       		.byte	-109
 786 02f5 01       		.byte	1
 787 02f6 97       		.byte	-105
 788 02f7 80       		.byte	-128
 789 02f8 99       		.byte	-103
 790 02f9 02       		.byte	2
 791 02fa A7       		.byte	-89
 792 02fb 10       		.byte	16
 793 02fc AB       		.byte	-85
 794 02fd 28       		.byte	40
 795 02fe AF       		.byte	-81
 796 02ff 80       		.byte	-128
 797 0300 C4       		.byte	-60
 798 0301 08       		.byte	8
ARM GAS  C:\Users\Dell\AppData\Local\Temp\cc4h1tOl.s 			page 15


 799 0302 DE       		.byte	-34
 800 0303 04       		.byte	4
 801 0304 E2       		.byte	-30
 802 0305 01       		.byte	1
 803 0306 10       		.byte	16
 804 0307 01       		.byte	1
 805 0308 1C       		.byte	28
 806 0309 01       		.byte	1
 807 030a 00       		.byte	0
 808 030b 0F       		.byte	15
 809 030c 03       		.byte	3
 810 030d C0       		.byte	-64
 811 030e 00       		.byte	0
 812 030f 00       		.byte	0
 813 0310 82       		.byte	-126
 814 0311 80       		.byte	-128
 815 0312 00       		.byte	0
 816 0313 00       		.byte	0
 817 0314 43       		.byte	67
 818 0315 00       		.byte	0
 819 0316 00       		.byte	0
 820 0317 00       		.byte	0
 821 0318 40       		.byte	64
 822 0319 10       		.byte	16
 823 031a 00       		.byte	0
 824 031b 00       		.byte	0
 825 031c 1C       		.byte	28
 826 031d 08       		.byte	8
 827 031e 23       		.byte	35
 828 031f 00       		.byte	0
 829 0320 02       		.byte	2
 830 0321 18       		.byte	24
 831 0322 00       		.byte	0
 832 0323 00       		.byte	0
 833 0324 01       		.byte	1
 834 0325 1C       		.byte	28
 835 0326 00       		.byte	0
 836 0327 E1       		.byte	-31
 837 0328 1F       		.byte	31
 838 0329 E7       		.byte	-25
 839 032a 20       		.byte	32
 840 032b 18       		.byte	24
 841 032c 03       		.byte	3
 842 032d 00       		.byte	0
 843 032e 00       		.byte	0
 844 032f 04       		.byte	4
 845 0330 00       		.byte	0
 846 0331 00       		.byte	0
 847 0332 23       		.byte	35
 848 0333 E3       		.byte	-29
 849 0334 33       		.byte	51
 850 0335 44       		.byte	68
 851 0336 0C       		.byte	12
 852 0337 00       		.byte	0
 853 0338 08       		.byte	8
 854 0339 80       		.byte	-128
 855 033a 00       		.byte	0
ARM GAS  C:\Users\Dell\AppData\Local\Temp\cc4h1tOl.s 			page 16


 856 033b 00       		.byte	0
 857 033c 04       		.byte	4
 858 033d 3C       		.byte	60
 859 033e 00       		.byte	0
 860 033f C2       		.byte	-62
 861 0340 0C       		.byte	12
 862 0341 C0       		.byte	-64
 863 0342 00       		.byte	0
 864 0343 00       		.byte	0
 865 0344 3F       		.byte	63
 866 0345 FF       		.byte	-1
 867 0346 00       		.byte	0
 868 0347 00       		.byte	0
 869 0348 2C       		.byte	44
 870 0349 00       		.byte	0
 871 034a 40       		.byte	64
 872 034b 1F       		.byte	31
 873 034c 10       		.byte	16
 874 034d 38       		.byte	56
 875 034e 0F       		.byte	15
 876 034f C0       		.byte	-64
 877 0350 00       		.byte	0
 878 0351 00       		.byte	0
 879 0352 82       		.byte	-126
 880 0353 08       		.byte	8
 881 0354 00       		.byte	0
 882 0355 00       		.byte	0
 883 0356 14       		.byte	20
 884 0357 00       		.byte	0
 885 0358 43       		.byte	67
 886 0359 05       		.byte	5
 887 035a 02       		.byte	2
 888 035b 00       		.byte	0
 889 035c 01       		.byte	1
 890 035d 0C       		.byte	12
 891 035e E0       		.byte	-32
 892 035f 00       		.byte	0
 893 0360 09       		.byte	9
 894 0361 FF       		.byte	-1
 895 0362 FF       		.byte	-1
 896 0363 FF       		.byte	-1
 897 0364 62       		.byte	98
 898 0365 A0       		.byte	-96
 899 0366 F0       		.byte	-16
 900 0367 41       		.byte	65
 901 0368 0C       		.byte	12
 902 0369 00       		.byte	0
 903 036a 00       		.byte	0
 904 036b 00       		.byte	0
 905 036c 00       		.byte	0
 906 036d 00       		.byte	0
 907 036e 02       		.byte	2
 908 036f 12       		.byte	18
 909 0370 04       		.byte	4
 910 0371 04       		.byte	4
 911 0372 04       		.byte	4
 912 0373 04       		.byte	4
ARM GAS  C:\Users\Dell\AppData\Local\Temp\cc4h1tOl.s 			page 17


 913 0374 00       		.byte	0
 914 0375 00       		.byte	0
 915 0376 00       		.byte	0
 916 0377 01       		.byte	1
 917 0378 00       		.byte	0
 918 0379 00       		.byte	0
 919 037a 00       		.byte	0
 920 037b 00       		.byte	0
 921 037c 00       		.byte	0
 922 037d 00       		.byte	0
 923 037e 40       		.byte	64
 924 037f 02       		.byte	2
 925 0380 00       		.byte	0
 926 0381 10       		.byte	16
 927 0382 30       		.byte	48
 928 0383 10       		.byte	16
 929 0384 00       		.byte	0
 930 0385 10       		.byte	16
 931 0386 10       		.byte	16
 932 0387 12       		.byte	18
 933 0388 00       		.byte	0
 934 0389 00       		.byte	0
 935 038a 00       		.byte	0
 936 038b 00       		.byte	0
 937 038c 00       		.byte	0
 938 038d 00       		.byte	0
 939 038e 00       		.byte	0
 940 038f 00       		.byte	0
 941 0390 00       		.byte	0
 942 0391 00       		.byte	0
 943 0392 00       		.byte	0
 944 0393 00       		.byte	0
 945 0394 00       		.byte	0
 946 0395 00       		.byte	0
 947 0396 00       		.byte	0
 948 0397 00       		.byte	0
 949 0398 00       		.byte	0
 950 0399 00       		.byte	0
 951 039a 00       		.byte	0
 952 039b 00       		.byte	0
 953 039c 00       		.byte	0
 954 039d 00       		.byte	0
 955 039e 14       		.byte	20
 956 039f 00       		.byte	0
 957 03a0 83       		.byte	-125
 958 03a1 00       		.byte	0
 959 03a2 40       		.byte	64
 960 03a3 83       		.byte	-125
 961 03a4 80       		.byte	-128
 962 03a5 00       		.byte	0
 963 03a6 83       		.byte	-125
 964 03a7 00       		.byte	0
 965 03a8 00       		.byte	0
 966 03a9 00       		.byte	0
 967 03aa 00       		.byte	0
 968 03ab 00       		.byte	0
 969 03ac 00       		.byte	0
ARM GAS  C:\Users\Dell\AppData\Local\Temp\cc4h1tOl.s 			page 18


 970 03ad 00       		.byte	0
 971 03ae 00       		.byte	0
 972 03af 00       		.byte	0
 973 03b0 00       		.byte	0
 974 03b1 00       		.byte	0
 975 03b2 10       		.byte	16
 976 03b3 00       		.byte	0
 977 03b4 44       		.byte	68
 978 03b5 00       		.byte	0
 979 03b6 00       		.byte	0
 980 03b7 4F       		.byte	79
 981 03b8 0B       		.byte	11
 982 03b9 00       		.byte	0
 983 03ba 00       		.byte	0
 984 03bb 00       		.byte	0
 985 03bc 00       		.byte	0
 986 03bd 00       		.byte	0
 987 03be 00       		.byte	0
 988 03bf 00       		.byte	0
 989 03c0 C0       		.byte	-64
 990 03c1 00       		.byte	0
 991 03c2 00       		.byte	0
 992 03c3 C2       		.byte	-62
 993 03c4 02       		.byte	2
 994 03c5 00       		.byte	0
 995 03c6 00       		.byte	0
 996 03c7 00       		.byte	0
 997 03c8 00       		.byte	0
 998 03c9 00       		.byte	0
 999 03ca 00       		.byte	0
 1000 03cb 00       		.byte	0
 1001 03cc 00       		.byte	0
 1002 03cd 00       		.byte	0
 1003 03ce 00       		.byte	0
 1004 03cf 00       		.byte	0
 1005 03d0 00       		.byte	0
 1006 03d1 00       		.byte	0
 1007 03d2 80       		.byte	-128
 1008 03d3 00       		.byte	0
 1009 03d4 01       		.byte	1
 1010 03d5 00       		.byte	0
 1011 03d6 18       		.byte	24
 1012 03d7 01       		.byte	1
 1013 03d8 0C       		.byte	12
 1014 03d9 00       		.byte	0
 1015 03da 18       		.byte	24
 1016 03db 01       		.byte	1
 1017              		.section	.cywolatch,"a",%progbits
 1018              		.align	2
 1019              		.type	cy_meta_wonvl, %object
 1020              		.size	cy_meta_wonvl, 4
 1021              	cy_meta_wonvl:
 1022 0000 BC       		.byte	-68
 1023 0001 90       		.byte	-112
 1024 0002 AC       		.byte	-84
 1025 0003 AF       		.byte	-81
 1026              		.section	.cycustnvl,"a",%progbits
ARM GAS  C:\Users\Dell\AppData\Local\Temp\cc4h1tOl.s 			page 19


 1027              		.align	2
 1028              		.type	cy_meta_custnvl, %object
 1029              		.size	cy_meta_custnvl, 4
 1030              	cy_meta_custnvl:
 1031 0000 00       		.byte	0
 1032 0001 00       		.byte	0
 1033 0002 40       		.byte	64
 1034 0003 05       		.byte	5
 1035              		.section	.cymeta,"a",%progbits
 1036              		.align	2
 1037              		.type	cy_metadata, %object
 1038              		.size	cy_metadata, 12
 1039              	cy_metadata:
 1040 0000 00       		.byte	0
 1041 0001 01       		.byte	1
 1042 0002 2E       		.byte	46
 1043 0003 16       		.byte	22
 1044 0004 10       		.byte	16
 1045 0005 69       		.byte	105
 1046 0006 00       		.byte	0
 1047 0007 01       		.byte	1
 1048 0008 00       		.byte	0
 1049 0009 00       		.byte	0
 1050 000a 00       		.byte	0
 1051 000b 00       		.byte	0
 1052              		.section	.cyflashprotect,"a",%progbits
 1053              		.align	2
 1054              		.type	cy_meta_flashprotect, %object
 1055              		.size	cy_meta_flashprotect, 256
 1056              	cy_meta_flashprotect:
 1057 0000 00000000 		.space	256
 1057      00000000 
 1057      00000000 
 1057      00000000 
 1057      00000000 
 1058              		.text
 1059              	.Letext0:
 1060              		.file 1 "c:\\program files (x86)\\cypress\\psoc creator\\4.4\\psoc creator\\import\\gnu\\arm\\5.4.
 1061              		.file 2 "c:\\program files (x86)\\cypress\\psoc creator\\4.4\\psoc creator\\import\\gnu\\arm\\5.4.
 1062              		.file 3 "Generated_Source\\PSoC5\\cymetadata.c"
 1063              		.section	.debug_info,"",%progbits
 1064              	.Ldebug_info0:
 1065 0000 31010000 		.4byte	0x131
 1066 0004 0400     		.2byte	0x4
 1067 0006 00000000 		.4byte	.Ldebug_abbrev0
 1068 000a 04       		.byte	0x4
 1069 000b 01       		.uleb128 0x1
 1070 000c 24000000 		.4byte	.LASF17
 1071 0010 0C       		.byte	0xc
 1072 0011 D2010000 		.4byte	.LASF18
 1073 0015 D7000000 		.4byte	.LASF19
 1074 0019 00000000 		.4byte	.Ldebug_line0
 1075 001d 02       		.uleb128 0x2
 1076 001e 01       		.byte	0x1
 1077 001f 06       		.byte	0x6
 1078 0020 C6010000 		.4byte	.LASF0
 1079 0024 03       		.uleb128 0x3
ARM GAS  C:\Users\Dell\AppData\Local\Temp\cc4h1tOl.s 			page 20


 1080 0025 00000000 		.4byte	.LASF9
 1081 0029 01       		.byte	0x1
 1082 002a 1D       		.byte	0x1d
 1083 002b 2F000000 		.4byte	0x2f
 1084 002f 02       		.uleb128 0x2
 1085 0030 01       		.byte	0x1
 1086 0031 08       		.byte	0x8
 1087 0032 16000000 		.4byte	.LASF1
 1088 0036 02       		.uleb128 0x2
 1089 0037 02       		.byte	0x2
 1090 0038 05       		.byte	0x5
 1091 0039 B3010000 		.4byte	.LASF2
 1092 003d 02       		.uleb128 0x2
 1093 003e 02       		.byte	0x2
 1094 003f 07       		.byte	0x7
 1095 0040 C4000000 		.4byte	.LASF3
 1096 0044 02       		.uleb128 0x2
 1097 0045 04       		.byte	0x4
 1098 0046 05       		.byte	0x5
 1099 0047 BD010000 		.4byte	.LASF4
 1100 004b 02       		.uleb128 0x2
 1101 004c 04       		.byte	0x4
 1102 004d 07       		.byte	0x7
 1103 004e B2000000 		.4byte	.LASF5
 1104 0052 02       		.uleb128 0x2
 1105 0053 08       		.byte	0x8
 1106 0054 05       		.byte	0x5
 1107 0055 A5010000 		.4byte	.LASF6
 1108 0059 02       		.uleb128 0x2
 1109 005a 08       		.byte	0x8
 1110 005b 07       		.byte	0x7
 1111 005c 5A010000 		.4byte	.LASF7
 1112 0060 04       		.uleb128 0x4
 1113 0061 04       		.byte	0x4
 1114 0062 05       		.byte	0x5
 1115 0063 696E7400 		.ascii	"int\000"
 1116 0067 02       		.uleb128 0x2
 1117 0068 04       		.byte	0x4
 1118 0069 07       		.byte	0x7
 1119 006a 4D010000 		.4byte	.LASF8
 1120 006e 03       		.uleb128 0x3
 1121 006f 71010000 		.4byte	.LASF10
 1122 0073 02       		.byte	0x2
 1123 0074 18       		.byte	0x18
 1124 0075 24000000 		.4byte	0x24
 1125 0079 05       		.uleb128 0x5
 1126 007a 91000000 		.4byte	0x91
 1127 007e 8A000000 		.4byte	0x8a
 1128 0082 06       		.uleb128 0x6
 1129 0083 8A000000 		.4byte	0x8a
 1130 0087 DB03     		.2byte	0x3db
 1131 0089 00       		.byte	0
 1132 008a 02       		.uleb128 0x2
 1133 008b 04       		.byte	0x4
 1134 008c 07       		.byte	0x7
 1135 008d 9C010000 		.4byte	.LASF11
 1136 0091 07       		.uleb128 0x7
ARM GAS  C:\Users\Dell\AppData\Local\Temp\cc4h1tOl.s 			page 21


 1137 0092 6E000000 		.4byte	0x6e
 1138 0096 08       		.uleb128 0x8
 1139 0097 3B010000 		.4byte	.LASF12
 1140 009b 03       		.byte	0x3
 1141 009c 1F       		.byte	0x1f
 1142 009d A7000000 		.4byte	0xa7
 1143 00a1 05       		.uleb128 0x5
 1144 00a2 03       		.byte	0x3
 1145 00a3 00000000 		.4byte	cy_meta_configecc
 1146 00a7 07       		.uleb128 0x7
 1147 00a8 79000000 		.4byte	0x79
 1148 00ac 05       		.uleb128 0x5
 1149 00ad 91000000 		.4byte	0x91
 1150 00b1 BC000000 		.4byte	0xbc
 1151 00b5 09       		.uleb128 0x9
 1152 00b6 8A000000 		.4byte	0x8a
 1153 00ba 03       		.byte	0x3
 1154 00bb 00       		.byte	0
 1155 00bc 08       		.uleb128 0x8
 1156 00bd 2B010000 		.4byte	.LASF13
 1157 00c1 03       		.byte	0x3
 1158 00c2 A8       		.byte	0xa8
 1159 00c3 CD000000 		.4byte	0xcd
 1160 00c7 05       		.uleb128 0x5
 1161 00c8 03       		.byte	0x3
 1162 00c9 00000000 		.4byte	cy_meta_custnvl
 1163 00cd 07       		.uleb128 0x7
 1164 00ce AC000000 		.4byte	0xac
 1165 00d2 08       		.uleb128 0x8
 1166 00d3 8E010000 		.4byte	.LASF14
 1167 00d7 03       		.byte	0x3
 1168 00d8 B6       		.byte	0xb6
 1169 00d9 E3000000 		.4byte	0xe3
 1170 00dd 05       		.uleb128 0x5
 1171 00de 03       		.byte	0x3
 1172 00df 00000000 		.4byte	cy_meta_wonvl
 1173 00e3 07       		.uleb128 0x7
 1174 00e4 AC000000 		.4byte	0xac
 1175 00e8 05       		.uleb128 0x5
 1176 00e9 91000000 		.4byte	0x91
 1177 00ed F8000000 		.4byte	0xf8
 1178 00f1 09       		.uleb128 0x9
 1179 00f2 8A000000 		.4byte	0x8a
 1180 00f6 FF       		.byte	0xff
 1181 00f7 00       		.byte	0
 1182 00f8 08       		.uleb128 0x8
 1183 00f9 79010000 		.4byte	.LASF15
 1184 00fd 03       		.byte	0x3
 1185 00fe C4       		.byte	0xc4
 1186 00ff 09010000 		.4byte	0x109
 1187 0103 05       		.uleb128 0x5
 1188 0104 03       		.byte	0x3
 1189 0105 00000000 		.4byte	cy_meta_flashprotect
 1190 0109 07       		.uleb128 0x7
 1191 010a E8000000 		.4byte	0xe8
 1192 010e 05       		.uleb128 0x5
 1193 010f 91000000 		.4byte	0x91
ARM GAS  C:\Users\Dell\AppData\Local\Temp\cc4h1tOl.s 			page 22


 1194 0113 1E010000 		.4byte	0x11e
 1195 0117 09       		.uleb128 0x9
 1196 0118 8A000000 		.4byte	0x8a
 1197 011c 0B       		.byte	0xb
 1198 011d 00       		.byte	0
 1199 011e 08       		.uleb128 0x8
 1200 011f 0A000000 		.4byte	.LASF16
 1201 0123 03       		.byte	0x3
 1202 0124 F1       		.byte	0xf1
 1203 0125 2F010000 		.4byte	0x12f
 1204 0129 05       		.uleb128 0x5
 1205 012a 03       		.byte	0x3
 1206 012b 00000000 		.4byte	cy_metadata
 1207 012f 07       		.uleb128 0x7
 1208 0130 0E010000 		.4byte	0x10e
 1209 0134 00       		.byte	0
 1210              		.section	.debug_abbrev,"",%progbits
 1211              	.Ldebug_abbrev0:
 1212 0000 01       		.uleb128 0x1
 1213 0001 11       		.uleb128 0x11
 1214 0002 01       		.byte	0x1
 1215 0003 25       		.uleb128 0x25
 1216 0004 0E       		.uleb128 0xe
 1217 0005 13       		.uleb128 0x13
 1218 0006 0B       		.uleb128 0xb
 1219 0007 03       		.uleb128 0x3
 1220 0008 0E       		.uleb128 0xe
 1221 0009 1B       		.uleb128 0x1b
 1222 000a 0E       		.uleb128 0xe
 1223 000b 10       		.uleb128 0x10
 1224 000c 17       		.uleb128 0x17
 1225 000d 00       		.byte	0
 1226 000e 00       		.byte	0
 1227 000f 02       		.uleb128 0x2
 1228 0010 24       		.uleb128 0x24
 1229 0011 00       		.byte	0
 1230 0012 0B       		.uleb128 0xb
 1231 0013 0B       		.uleb128 0xb
 1232 0014 3E       		.uleb128 0x3e
 1233 0015 0B       		.uleb128 0xb
 1234 0016 03       		.uleb128 0x3
 1235 0017 0E       		.uleb128 0xe
 1236 0018 00       		.byte	0
 1237 0019 00       		.byte	0
 1238 001a 03       		.uleb128 0x3
 1239 001b 16       		.uleb128 0x16
 1240 001c 00       		.byte	0
 1241 001d 03       		.uleb128 0x3
 1242 001e 0E       		.uleb128 0xe
 1243 001f 3A       		.uleb128 0x3a
 1244 0020 0B       		.uleb128 0xb
 1245 0021 3B       		.uleb128 0x3b
 1246 0022 0B       		.uleb128 0xb
 1247 0023 49       		.uleb128 0x49
 1248 0024 13       		.uleb128 0x13
 1249 0025 00       		.byte	0
 1250 0026 00       		.byte	0
ARM GAS  C:\Users\Dell\AppData\Local\Temp\cc4h1tOl.s 			page 23


 1251 0027 04       		.uleb128 0x4
 1252 0028 24       		.uleb128 0x24
 1253 0029 00       		.byte	0
 1254 002a 0B       		.uleb128 0xb
 1255 002b 0B       		.uleb128 0xb
 1256 002c 3E       		.uleb128 0x3e
 1257 002d 0B       		.uleb128 0xb
 1258 002e 03       		.uleb128 0x3
 1259 002f 08       		.uleb128 0x8
 1260 0030 00       		.byte	0
 1261 0031 00       		.byte	0
 1262 0032 05       		.uleb128 0x5
 1263 0033 01       		.uleb128 0x1
 1264 0034 01       		.byte	0x1
 1265 0035 49       		.uleb128 0x49
 1266 0036 13       		.uleb128 0x13
 1267 0037 01       		.uleb128 0x1
 1268 0038 13       		.uleb128 0x13
 1269 0039 00       		.byte	0
 1270 003a 00       		.byte	0
 1271 003b 06       		.uleb128 0x6
 1272 003c 21       		.uleb128 0x21
 1273 003d 00       		.byte	0
 1274 003e 49       		.uleb128 0x49
 1275 003f 13       		.uleb128 0x13
 1276 0040 2F       		.uleb128 0x2f
 1277 0041 05       		.uleb128 0x5
 1278 0042 00       		.byte	0
 1279 0043 00       		.byte	0
 1280 0044 07       		.uleb128 0x7
 1281 0045 26       		.uleb128 0x26
 1282 0046 00       		.byte	0
 1283 0047 49       		.uleb128 0x49
 1284 0048 13       		.uleb128 0x13
 1285 0049 00       		.byte	0
 1286 004a 00       		.byte	0
 1287 004b 08       		.uleb128 0x8
 1288 004c 34       		.uleb128 0x34
 1289 004d 00       		.byte	0
 1290 004e 03       		.uleb128 0x3
 1291 004f 0E       		.uleb128 0xe
 1292 0050 3A       		.uleb128 0x3a
 1293 0051 0B       		.uleb128 0xb
 1294 0052 3B       		.uleb128 0x3b
 1295 0053 0B       		.uleb128 0xb
 1296 0054 49       		.uleb128 0x49
 1297 0055 13       		.uleb128 0x13
 1298 0056 3F       		.uleb128 0x3f
 1299 0057 19       		.uleb128 0x19
 1300 0058 02       		.uleb128 0x2
 1301 0059 18       		.uleb128 0x18
 1302 005a 00       		.byte	0
 1303 005b 00       		.byte	0
 1304 005c 09       		.uleb128 0x9
 1305 005d 21       		.uleb128 0x21
 1306 005e 00       		.byte	0
 1307 005f 49       		.uleb128 0x49
ARM GAS  C:\Users\Dell\AppData\Local\Temp\cc4h1tOl.s 			page 24


 1308 0060 13       		.uleb128 0x13
 1309 0061 2F       		.uleb128 0x2f
 1310 0062 0B       		.uleb128 0xb
 1311 0063 00       		.byte	0
 1312 0064 00       		.byte	0
 1313 0065 00       		.byte	0
 1314              		.section	.debug_aranges,"",%progbits
 1315 0000 14000000 		.4byte	0x14
 1316 0004 0200     		.2byte	0x2
 1317 0006 00000000 		.4byte	.Ldebug_info0
 1318 000a 04       		.byte	0x4
 1319 000b 00       		.byte	0
 1320 000c 0000     		.2byte	0
 1321 000e 0000     		.2byte	0
 1322 0010 00000000 		.4byte	0
 1323 0014 00000000 		.4byte	0
 1324              		.section	.debug_line,"",%progbits
 1325              	.Ldebug_line0:
 1326 0000 3D010000 		.section	.debug_str,"MS",%progbits,1
 1326      02003701 
 1326      00000201 
 1326      FB0E0D00 
 1326      01010101 
 1327              	.LASF9:
 1328 0000 5F5F7569 		.ascii	"__uint8_t\000"
 1328      6E74385F 
 1328      7400
 1329              	.LASF16:
 1330 000a 63795F6D 		.ascii	"cy_metadata\000"
 1330      65746164 
 1330      61746100 
 1331              	.LASF1:
 1332 0016 756E7369 		.ascii	"unsigned char\000"
 1332      676E6564 
 1332      20636861 
 1332      7200
 1333              	.LASF17:
 1334 0024 474E5520 		.ascii	"GNU C11 5.4.1 20160609 (release) [ARM/embedded-5-br"
 1334      43313120 
 1334      352E342E 
 1334      31203230 
 1334      31363036 
 1335 0057 616E6368 		.ascii	"anch revision 237715] -mcpu=cortex-m3 -mthumb -g -O"
 1335      20726576 
 1335      6973696F 
 1335      6E203233 
 1335      37373135 
 1336 008a 67202D66 		.ascii	"g -ffunction-sections -ffat-lto-objects\000"
 1336      66756E63 
 1336      74696F6E 
 1336      2D736563 
 1336      74696F6E 
 1337              	.LASF5:
 1338 00b2 6C6F6E67 		.ascii	"long unsigned int\000"
 1338      20756E73 
 1338      69676E65 
 1338      6420696E 
ARM GAS  C:\Users\Dell\AppData\Local\Temp\cc4h1tOl.s 			page 25


 1338      7400
 1339              	.LASF3:
 1340 00c4 73686F72 		.ascii	"short unsigned int\000"
 1340      7420756E 
 1340      7369676E 
 1340      65642069 
 1340      6E7400
 1341              	.LASF19:
 1342 00d7 433A5C55 		.ascii	"C:\\Users\\Dell\\Documents\\GitHub\\PSoC_AntennaRot"
 1342      73657273 
 1342      5C44656C 
 1342      6C5C446F 
 1342      63756D65 
 1343 0105 61746F72 		.ascii	"ator\\Workspace01\\AntennaRotator.cydsn\000"
 1343      5C576F72 
 1343      6B737061 
 1343      63653031 
 1343      5C416E74 
 1344              	.LASF13:
 1345 012b 63795F6D 		.ascii	"cy_meta_custnvl\000"
 1345      6574615F 
 1345      63757374 
 1345      6E766C00 
 1346              	.LASF12:
 1347 013b 63795F6D 		.ascii	"cy_meta_configecc\000"
 1347      6574615F 
 1347      636F6E66 
 1347      69676563 
 1347      6300
 1348              	.LASF8:
 1349 014d 756E7369 		.ascii	"unsigned int\000"
 1349      676E6564 
 1349      20696E74 
 1349      00
 1350              	.LASF7:
 1351 015a 6C6F6E67 		.ascii	"long long unsigned int\000"
 1351      206C6F6E 
 1351      6720756E 
 1351      7369676E 
 1351      65642069 
 1352              	.LASF10:
 1353 0171 75696E74 		.ascii	"uint8_t\000"
 1353      385F7400 
 1354              	.LASF15:
 1355 0179 63795F6D 		.ascii	"cy_meta_flashprotect\000"
 1355      6574615F 
 1355      666C6173 
 1355      6870726F 
 1355      74656374 
 1356              	.LASF14:
 1357 018e 63795F6D 		.ascii	"cy_meta_wonvl\000"
 1357      6574615F 
 1357      776F6E76 
 1357      6C00
 1358              	.LASF11:
 1359 019c 73697A65 		.ascii	"sizetype\000"
 1359      74797065 
ARM GAS  C:\Users\Dell\AppData\Local\Temp\cc4h1tOl.s 			page 26


 1359      00
 1360              	.LASF6:
 1361 01a5 6C6F6E67 		.ascii	"long long int\000"
 1361      206C6F6E 
 1361      6720696E 
 1361      7400
 1362              	.LASF2:
 1363 01b3 73686F72 		.ascii	"short int\000"
 1363      7420696E 
 1363      7400
 1364              	.LASF4:
 1365 01bd 6C6F6E67 		.ascii	"long int\000"
 1365      20696E74 
 1365      00
 1366              	.LASF0:
 1367 01c6 7369676E 		.ascii	"signed char\000"
 1367      65642063 
 1367      68617200 
 1368              	.LASF18:
 1369 01d2 47656E65 		.ascii	"Generated_Source\\PSoC5\\cymetadata.c\000"
 1369      72617465 
 1369      645F536F 
 1369      75726365 
 1369      5C50536F 
 1370              		.ident	"GCC: (GNU Tools for ARM Embedded Processors) 5.4.1 20160609 (release) [ARM/embedded-5-bran
