ARM GAS  C:\Users\Dell\AppData\Local\Temp\cco4Kole.s 			page 1


   1              		.syntax unified
   2              		.cpu cortex-m3
   3              		.fpu softvfp
   4              		.eabi_attribute 20, 1
   5              		.eabi_attribute 21, 1
   6              		.eabi_attribute 23, 3
   7              		.eabi_attribute 24, 1
   8              		.eabi_attribute 25, 1
   9              		.eabi_attribute 26, 1
  10              		.eabi_attribute 30, 1
  11              		.eabi_attribute 34, 1
  12              		.eabi_attribute 18, 4
  13              		.thumb
  14              		.syntax unified
  15              		.file	"eeprom.c"
  16              		.text
  17              	.Ltext0:
  18              		.cfi_sections	.debug_frame
  19              		.section	.text.saveWord,"ax",%progbits
  20              		.align	2
  21              		.global	saveWord
  22              		.thumb
  23              		.thumb_func
  24              		.type	saveWord, %function
  25              	saveWord:
  26              	.LFB63:
  27              		.file 1 "eeprom.c"
   1:eeprom.c      **** /* ========================================
   2:eeprom.c      ****  *
   3:eeprom.c      ****  * Copyright YOUR COMPANY, THE YEAR
   4:eeprom.c      ****  * All Rights Reserved
   5:eeprom.c      ****  * UNPUBLISHED, LICENSED SOFTWARE.
   6:eeprom.c      ****  *
   7:eeprom.c      ****  * CONFIDENTIAL AND PROPRIETARY INFORMATION
   8:eeprom.c      ****  * WHICH IS THE PROPERTY OF your company.
   9:eeprom.c      ****  *
  10:eeprom.c      ****  * ========================================
  11:eeprom.c      **** */
  12:eeprom.c      **** #include "eeprom.h"
  13:eeprom.c      **** 
  14:eeprom.c      **** void saveWord(uint16 data, uint8 address){ 
  28              		.loc 1 14 0
  29              		.cfi_startproc
  30              		@ args = 0, pretend = 0, frame = 0
  31              		@ frame_needed = 0, uses_anonymous_args = 0
  32              	.LVL0:
  33 0000 38B5     		push	{r3, r4, r5, lr}
  34              		.cfi_def_cfa_offset 16
  35              		.cfi_offset 3, -16
  36              		.cfi_offset 4, -12
  37              		.cfi_offset 5, -8
  38              		.cfi_offset 14, -4
  39 0002 0446     		mov	r4, r0
  15:eeprom.c      ****     EEPROM_1_WriteByte((data >> 8), address);
  40              		.loc 1 15 0
  41 0004 0D46     		mov	r5, r1
  42 0006 000A     		lsrs	r0, r0, #8
ARM GAS  C:\Users\Dell\AppData\Local\Temp\cco4Kole.s 			page 2


  43              	.LVL1:
  44 0008 FFF7FEFF 		bl	EEPROM_1_WriteByte
  45              	.LVL2:
  16:eeprom.c      ****     EEPROM_1_WriteByte((data & 0x00ff), address + 1);
  46              		.loc 1 16 0
  47 000c 691C     		adds	r1, r5, #1
  48 000e E0B2     		uxtb	r0, r4
  49 0010 FFF7FEFF 		bl	EEPROM_1_WriteByte
  50              	.LVL3:
  51 0014 38BD     		pop	{r3, r4, r5, pc}
  52              		.cfi_endproc
  53              	.LFE63:
  54              		.size	saveWord, .-saveWord
  55 0016 00BF     		.section	.text.loadWord,"ax",%progbits
  56              		.align	2
  57              		.global	loadWord
  58              		.thumb
  59              		.thumb_func
  60              		.type	loadWord, %function
  61              	loadWord:
  62              	.LFB64:
  17:eeprom.c      **** }
  18:eeprom.c      **** 
  19:eeprom.c      **** uint16 loadWord(uint8 address){
  63              		.loc 1 19 0
  64              		.cfi_startproc
  65              		@ args = 0, pretend = 0, frame = 0
  66              		@ frame_needed = 0, uses_anonymous_args = 0
  67              	.LVL4:
  68 0000 38B5     		push	{r3, r4, r5, lr}
  69              		.cfi_def_cfa_offset 16
  70              		.cfi_offset 3, -16
  71              		.cfi_offset 4, -12
  72              		.cfi_offset 5, -8
  73              		.cfi_offset 14, -4
  20:eeprom.c      ****     uint8 tmp1, tmp2;
  21:eeprom.c      ****     
  22:eeprom.c      ****     tmp1 = EEPROM_1_ReadByte(address);
  74              		.loc 1 22 0
  75 0002 0546     		mov	r5, r0
  76 0004 FFF7FEFF 		bl	EEPROM_1_ReadByte
  77              	.LVL5:
  78 0008 0446     		mov	r4, r0
  79              	.LVL6:
  23:eeprom.c      ****     tmp2 = EEPROM_1_ReadByte(address + 1);
  80              		.loc 1 23 0
  81 000a 681C     		adds	r0, r5, #1
  82 000c FFF7FEFF 		bl	EEPROM_1_ReadByte
  83              	.LVL7:
  24:eeprom.c      ****     
  25:eeprom.c      ****     uint16 res = (tmp1<<8) + tmp2;
  84              		.loc 1 25 0
  85 0010 00EB0420 		add	r0, r0, r4, lsl #8
  86              	.LVL8:
  26:eeprom.c      ****     
  27:eeprom.c      ****     return res;
  28:eeprom.c      **** }
ARM GAS  C:\Users\Dell\AppData\Local\Temp\cco4Kole.s 			page 3


  87              		.loc 1 28 0
  88 0014 80B2     		uxth	r0, r0
  89 0016 38BD     		pop	{r3, r4, r5, pc}
  90              		.cfi_endproc
  91              	.LFE64:
  92              		.size	loadWord, .-loadWord
  93              		.section	.text.setBit,"ax",%progbits
  94              		.align	2
  95              		.global	setBit
  96              		.thumb
  97              		.thumb_func
  98              		.type	setBit, %function
  99              	setBit:
 100              	.LFB65:
  29:eeprom.c      **** 
  30:eeprom.c      **** void setBit(bool value, uint8 bit, uint8 address){
 101              		.loc 1 30 0
 102              		.cfi_startproc
 103              		@ args = 0, pretend = 0, frame = 0
 104              		@ frame_needed = 0, uses_anonymous_args = 0
 105              	.LVL9:
 106 0000 70B5     		push	{r4, r5, r6, lr}
 107              		.cfi_def_cfa_offset 16
 108              		.cfi_offset 4, -16
 109              		.cfi_offset 5, -12
 110              		.cfi_offset 6, -8
 111              		.cfi_offset 14, -4
 112 0002 0646     		mov	r6, r0
 113 0004 0D46     		mov	r5, r1
  31:eeprom.c      ****     uint8 tmp = EEPROM_1_ReadByte(address);
 114              		.loc 1 31 0
 115 0006 1446     		mov	r4, r2
 116 0008 1046     		mov	r0, r2
 117              	.LVL10:
 118 000a FFF7FEFF 		bl	EEPROM_1_ReadByte
 119              	.LVL11:
  32:eeprom.c      ****     if(value){
 120              		.loc 1 32 0
 121 000e 6EB1     		cbz	r6, .L6
  33:eeprom.c      ****         if(!(tmp & (1 << bit))){
 122              		.loc 1 33 0
 123 0010 40FA05F3 		asr	r3, r0, r5
 124 0014 13F0010F 		tst	r3, #1
 125 0018 16D1     		bne	.L5
  34:eeprom.c      ****             EEPROM_1_WriteByte(tmp | (1 << bit), address);
 126              		.loc 1 34 0
 127 001a 0123     		movs	r3, #1
 128 001c 03FA05F5 		lsl	r5, r3, r5
 129 0020 2843     		orrs	r0, r0, r5
 130              	.LVL12:
 131 0022 2146     		mov	r1, r4
 132 0024 C0B2     		uxtb	r0, r0
 133 0026 FFF7FEFF 		bl	EEPROM_1_WriteByte
 134              	.LVL13:
 135 002a 70BD     		pop	{r4, r5, r6, pc}
 136              	.LVL14:
 137              	.L6:
ARM GAS  C:\Users\Dell\AppData\Local\Temp\cco4Kole.s 			page 4


  35:eeprom.c      ****         }
  36:eeprom.c      ****     } else {
  37:eeprom.c      ****         if(tmp & (1 << bit)){
 138              		.loc 1 37 0
 139 002c 40FA05F3 		asr	r3, r0, r5
 140 0030 13F0010F 		tst	r3, #1
 141 0034 08D0     		beq	.L5
  38:eeprom.c      ****             EEPROM_1_WriteByte(tmp & ~(1 << bit), address);
 142              		.loc 1 38 0
 143 0036 0123     		movs	r3, #1
 144 0038 03FA05F5 		lsl	r5, r3, r5
 145 003c 20EA0500 		bic	r0, r0, r5
 146              	.LVL15:
 147 0040 2146     		mov	r1, r4
 148 0042 C0B2     		uxtb	r0, r0
 149 0044 FFF7FEFF 		bl	EEPROM_1_WriteByte
 150              	.LVL16:
 151              	.L5:
 152 0048 70BD     		pop	{r4, r5, r6, pc}
 153              		.cfi_endproc
 154              	.LFE65:
 155              		.size	setBit, .-setBit
 156 004a 00BF     		.section	.text.testBit,"ax",%progbits
 157              		.align	2
 158              		.global	testBit
 159              		.thumb
 160              		.thumb_func
 161              		.type	testBit, %function
 162              	testBit:
 163              	.LFB66:
  39:eeprom.c      ****         }
  40:eeprom.c      ****     }
  41:eeprom.c      **** }
  42:eeprom.c      **** 
  43:eeprom.c      **** bool testBit(uint8 bit, uint8 address){
 164              		.loc 1 43 0
 165              		.cfi_startproc
 166              		@ args = 0, pretend = 0, frame = 0
 167              		@ frame_needed = 0, uses_anonymous_args = 0
 168              	.LVL17:
 169 0000 10B5     		push	{r4, lr}
 170              		.cfi_def_cfa_offset 8
 171              		.cfi_offset 4, -8
 172              		.cfi_offset 14, -4
 173 0002 0446     		mov	r4, r0
  44:eeprom.c      ****     uint8 tmp = EEPROM_1_ReadByte(address);
 174              		.loc 1 44 0
 175 0004 0846     		mov	r0, r1
 176              	.LVL18:
 177 0006 FFF7FEFF 		bl	EEPROM_1_ReadByte
 178              	.LVL19:
  45:eeprom.c      ****     return (tmp & (1 << bit));
 179              		.loc 1 45 0
 180 000a 0123     		movs	r3, #1
 181 000c A340     		lsls	r3, r3, r4
 182 000e 1842     		tst	r0, r3
  46:eeprom.c      **** }
ARM GAS  C:\Users\Dell\AppData\Local\Temp\cco4Kole.s 			page 5


 183              		.loc 1 46 0
 184 0010 14BF     		ite	ne
 185 0012 0120     		movne	r0, #1
 186              	.LVL20:
 187 0014 0020     		moveq	r0, #0
 188 0016 10BD     		pop	{r4, pc}
 189              		.cfi_endproc
 190              	.LFE66:
 191              		.size	testBit, .-testBit
 192              		.text
 193              	.Letext0:
 194              		.file 2 "c:\\program files (x86)\\cypress\\psoc creator\\4.4\\psoc creator\\import\\gnu\\arm\\5.4.
 195              		.file 3 "c:\\program files (x86)\\cypress\\psoc creator\\4.4\\psoc creator\\import\\gnu\\arm\\5.4.
 196              		.file 4 "Generated_Source\\PSoC5/cytypes.h"
 197              		.file 5 "Generated_Source\\PSoC5/EEPROM_1.h"
 198              		.file 6 "Generated_Source\\PSoC5/core_cm3.h"
 199              		.section	.debug_info,"",%progbits
 200              	.Ldebug_info0:
 201 0000 9D020000 		.4byte	0x29d
 202 0004 0400     		.2byte	0x4
 203 0006 00000000 		.4byte	.Ldebug_abbrev0
 204 000a 04       		.byte	0x4
 205 000b 01       		.uleb128 0x1
 206 000c 69000000 		.4byte	.LASF30
 207 0010 0C       		.byte	0xc
 208 0011 1C020000 		.4byte	.LASF31
 209 0015 29010000 		.4byte	.LASF32
 210 0019 00000000 		.4byte	.Ldebug_ranges0+0
 211 001d 00000000 		.4byte	0
 212 0021 00000000 		.4byte	.Ldebug_line0
 213 0025 02       		.uleb128 0x2
 214 0026 01       		.byte	0x1
 215 0027 06       		.byte	0x6
 216 0028 09020000 		.4byte	.LASF0
 217 002c 02       		.uleb128 0x2
 218 002d 01       		.byte	0x1
 219 002e 08       		.byte	0x8
 220 002f 5B000000 		.4byte	.LASF1
 221 0033 02       		.uleb128 0x2
 222 0034 02       		.byte	0x2
 223 0035 05       		.byte	0x5
 224 0036 E4010000 		.4byte	.LASF2
 225 003a 02       		.uleb128 0x2
 226 003b 02       		.byte	0x2
 227 003c 07       		.byte	0x7
 228 003d 09010000 		.4byte	.LASF3
 229 0041 03       		.uleb128 0x3
 230 0042 06000000 		.4byte	.LASF9
 231 0046 02       		.byte	0x2
 232 0047 3F       		.byte	0x3f
 233 0048 4C000000 		.4byte	0x4c
 234 004c 02       		.uleb128 0x2
 235 004d 04       		.byte	0x4
 236 004e 05       		.byte	0x5
 237 004f F4010000 		.4byte	.LASF4
 238 0053 02       		.uleb128 0x2
 239 0054 04       		.byte	0x4
ARM GAS  C:\Users\Dell\AppData\Local\Temp\cco4Kole.s 			page 6


 240 0055 07       		.byte	0x7
 241 0056 F7000000 		.4byte	.LASF5
 242 005a 02       		.uleb128 0x2
 243 005b 08       		.byte	0x8
 244 005c 05       		.byte	0x5
 245 005d C8010000 		.4byte	.LASF6
 246 0061 02       		.uleb128 0x2
 247 0062 08       		.byte	0x8
 248 0063 07       		.byte	0x7
 249 0064 A0010000 		.4byte	.LASF7
 250 0068 04       		.uleb128 0x4
 251 0069 04       		.byte	0x4
 252 006a 05       		.byte	0x5
 253 006b 696E7400 		.ascii	"int\000"
 254 006f 02       		.uleb128 0x2
 255 0070 04       		.byte	0x4
 256 0071 07       		.byte	0x7
 257 0072 8B010000 		.4byte	.LASF8
 258 0076 03       		.uleb128 0x3
 259 0077 B7010000 		.4byte	.LASF10
 260 007b 03       		.byte	0x3
 261 007c 2C       		.byte	0x2c
 262 007d 41000000 		.4byte	0x41
 263 0081 05       		.uleb128 0x5
 264 0082 EE010000 		.4byte	.LASF11
 265 0086 04       		.byte	0x4
 266 0087 E801     		.2byte	0x1e8
 267 0089 2C000000 		.4byte	0x2c
 268 008d 05       		.uleb128 0x5
 269 008e 84010000 		.4byte	.LASF12
 270 0092 04       		.byte	0x4
 271 0093 E901     		.2byte	0x1e9
 272 0095 3A000000 		.4byte	0x3a
 273 0099 02       		.uleb128 0x2
 274 009a 04       		.byte	0x4
 275 009b 04       		.byte	0x4
 276 009c 50000000 		.4byte	.LASF13
 277 00a0 02       		.uleb128 0x2
 278 00a1 08       		.byte	0x8
 279 00a2 04       		.byte	0x4
 280 00a3 7D010000 		.4byte	.LASF14
 281 00a7 02       		.uleb128 0x2
 282 00a8 01       		.byte	0x1
 283 00a9 08       		.byte	0x8
 284 00aa D6010000 		.4byte	.LASF15
 285 00ae 02       		.uleb128 0x2
 286 00af 08       		.byte	0x8
 287 00b0 04       		.byte	0x4
 288 00b1 FD010000 		.4byte	.LASF16
 289 00b5 02       		.uleb128 0x2
 290 00b6 04       		.byte	0x4
 291 00b7 07       		.byte	0x7
 292 00b8 BF010000 		.4byte	.LASF17
 293 00bc 06       		.uleb128 0x6
 294 00bd 2B000000 		.4byte	.LASF22
 295 00c1 01       		.byte	0x1
 296 00c2 0E       		.byte	0xe
ARM GAS  C:\Users\Dell\AppData\Local\Temp\cco4Kole.s 			page 7


 297 00c3 00000000 		.4byte	.LFB63
 298 00c7 16000000 		.4byte	.LFE63-.LFB63
 299 00cb 01       		.uleb128 0x1
 300 00cc 9C       		.byte	0x9c
 301 00cd 22010000 		.4byte	0x122
 302 00d1 07       		.uleb128 0x7
 303 00d2 56000000 		.4byte	.LASF18
 304 00d6 01       		.byte	0x1
 305 00d7 0E       		.byte	0xe
 306 00d8 8D000000 		.4byte	0x8d
 307 00dc 00000000 		.4byte	.LLST0
 308 00e0 07       		.uleb128 0x7
 309 00e1 98010000 		.4byte	.LASF19
 310 00e5 01       		.byte	0x1
 311 00e6 0E       		.byte	0xe
 312 00e7 81000000 		.4byte	0x81
 313 00eb 21000000 		.4byte	.LLST1
 314 00ef 08       		.uleb128 0x8
 315 00f0 0C000000 		.4byte	.LVL2
 316 00f4 8A020000 		.4byte	0x28a
 317 00f8 0B010000 		.4byte	0x10b
 318 00fc 09       		.uleb128 0x9
 319 00fd 01       		.uleb128 0x1
 320 00fe 50       		.byte	0x50
 321 00ff 04       		.uleb128 0x4
 322 0100 74       		.byte	0x74
 323 0101 00       		.sleb128 0
 324 0102 38       		.byte	0x38
 325 0103 25       		.byte	0x25
 326 0104 09       		.uleb128 0x9
 327 0105 01       		.uleb128 0x1
 328 0106 51       		.byte	0x51
 329 0107 02       		.uleb128 0x2
 330 0108 75       		.byte	0x75
 331 0109 00       		.sleb128 0
 332 010a 00       		.byte	0
 333 010b 0A       		.uleb128 0xa
 334 010c 14000000 		.4byte	.LVL3
 335 0110 8A020000 		.4byte	0x28a
 336 0114 09       		.uleb128 0x9
 337 0115 01       		.uleb128 0x1
 338 0116 50       		.byte	0x50
 339 0117 02       		.uleb128 0x2
 340 0118 74       		.byte	0x74
 341 0119 00       		.sleb128 0
 342 011a 09       		.uleb128 0x9
 343 011b 01       		.uleb128 0x1
 344 011c 51       		.byte	0x51
 345 011d 02       		.uleb128 0x2
 346 011e 75       		.byte	0x75
 347 011f 01       		.sleb128 1
 348 0120 00       		.byte	0
 349 0121 00       		.byte	0
 350 0122 0B       		.uleb128 0xb
 351 0123 DB010000 		.4byte	.LASF26
 352 0127 01       		.byte	0x1
 353 0128 13       		.byte	0x13
ARM GAS  C:\Users\Dell\AppData\Local\Temp\cco4Kole.s 			page 8


 354 0129 8D000000 		.4byte	0x8d
 355 012d 00000000 		.4byte	.LFB64
 356 0131 18000000 		.4byte	.LFE64-.LFB64
 357 0135 01       		.uleb128 0x1
 358 0136 9C       		.byte	0x9c
 359 0137 98010000 		.4byte	0x198
 360 013b 07       		.uleb128 0x7
 361 013c 98010000 		.4byte	.LASF19
 362 0140 01       		.byte	0x1
 363 0141 13       		.byte	0x13
 364 0142 81000000 		.4byte	0x81
 365 0146 42000000 		.4byte	.LLST2
 366 014a 0C       		.uleb128 0xc
 367 014b 46000000 		.4byte	.LASF20
 368 014f 01       		.byte	0x1
 369 0150 14       		.byte	0x14
 370 0151 81000000 		.4byte	0x81
 371 0155 01       		.uleb128 0x1
 372 0156 54       		.byte	0x54
 373 0157 0D       		.uleb128 0xd
 374 0158 4B000000 		.4byte	.LASF21
 375 015c 01       		.byte	0x1
 376 015d 14       		.byte	0x14
 377 015e 81000000 		.4byte	0x81
 378 0162 63000000 		.4byte	.LLST3
 379 0166 0E       		.uleb128 0xe
 380 0167 72657300 		.ascii	"res\000"
 381 016b 01       		.byte	0x1
 382 016c 19       		.byte	0x19
 383 016d 8D000000 		.4byte	0x8d
 384 0171 01       		.uleb128 0x1
 385 0172 50       		.byte	0x50
 386 0173 08       		.uleb128 0x8
 387 0174 08000000 		.4byte	.LVL5
 388 0178 95020000 		.4byte	0x295
 389 017c 87010000 		.4byte	0x187
 390 0180 09       		.uleb128 0x9
 391 0181 01       		.uleb128 0x1
 392 0182 50       		.byte	0x50
 393 0183 02       		.uleb128 0x2
 394 0184 75       		.byte	0x75
 395 0185 00       		.sleb128 0
 396 0186 00       		.byte	0
 397 0187 0A       		.uleb128 0xa
 398 0188 10000000 		.4byte	.LVL7
 399 018c 95020000 		.4byte	0x295
 400 0190 09       		.uleb128 0x9
 401 0191 01       		.uleb128 0x1
 402 0192 50       		.byte	0x50
 403 0193 02       		.uleb128 0x2
 404 0194 75       		.byte	0x75
 405 0195 01       		.sleb128 1
 406 0196 00       		.byte	0
 407 0197 00       		.byte	0
 408 0198 06       		.uleb128 0x6
 409 0199 15020000 		.4byte	.LASF23
 410 019d 01       		.byte	0x1
ARM GAS  C:\Users\Dell\AppData\Local\Temp\cco4Kole.s 			page 9


 411 019e 1E       		.byte	0x1e
 412 019f 00000000 		.4byte	.LFB65
 413 01a3 4A000000 		.4byte	.LFE65-.LFB65
 414 01a7 01       		.uleb128 0x1
 415 01a8 9C       		.byte	0x9c
 416 01a9 22020000 		.4byte	0x222
 417 01ad 07       		.uleb128 0x7
 418 01ae 00000000 		.4byte	.LASF24
 419 01b2 01       		.byte	0x1
 420 01b3 1E       		.byte	0x1e
 421 01b4 22020000 		.4byte	0x222
 422 01b8 76000000 		.4byte	.LLST4
 423 01bc 0F       		.uleb128 0xf
 424 01bd 62697400 		.ascii	"bit\000"
 425 01c1 01       		.byte	0x1
 426 01c2 1E       		.byte	0x1e
 427 01c3 81000000 		.4byte	0x81
 428 01c7 97000000 		.4byte	.LLST5
 429 01cb 07       		.uleb128 0x7
 430 01cc 98010000 		.4byte	.LASF19
 431 01d0 01       		.byte	0x1
 432 01d1 1E       		.byte	0x1e
 433 01d2 81000000 		.4byte	0x81
 434 01d6 B8000000 		.4byte	.LLST6
 435 01da 10       		.uleb128 0x10
 436 01db 746D7000 		.ascii	"tmp\000"
 437 01df 01       		.byte	0x1
 438 01e0 1F       		.byte	0x1f
 439 01e1 81000000 		.4byte	0x81
 440 01e5 D9000000 		.4byte	.LLST7
 441 01e9 08       		.uleb128 0x8
 442 01ea 0E000000 		.4byte	.LVL11
 443 01ee 95020000 		.4byte	0x295
 444 01f2 FD010000 		.4byte	0x1fd
 445 01f6 09       		.uleb128 0x9
 446 01f7 01       		.uleb128 0x1
 447 01f8 50       		.byte	0x50
 448 01f9 02       		.uleb128 0x2
 449 01fa 74       		.byte	0x74
 450 01fb 00       		.sleb128 0
 451 01fc 00       		.byte	0
 452 01fd 08       		.uleb128 0x8
 453 01fe 2A000000 		.4byte	.LVL13
 454 0202 8A020000 		.4byte	0x28a
 455 0206 11020000 		.4byte	0x211
 456 020a 09       		.uleb128 0x9
 457 020b 01       		.uleb128 0x1
 458 020c 51       		.byte	0x51
 459 020d 02       		.uleb128 0x2
 460 020e 74       		.byte	0x74
 461 020f 00       		.sleb128 0
 462 0210 00       		.byte	0
 463 0211 0A       		.uleb128 0xa
 464 0212 48000000 		.4byte	.LVL16
 465 0216 8A020000 		.4byte	0x28a
 466 021a 09       		.uleb128 0x9
 467 021b 01       		.uleb128 0x1
ARM GAS  C:\Users\Dell\AppData\Local\Temp\cco4Kole.s 			page 10


 468 021c 51       		.byte	0x51
 469 021d 02       		.uleb128 0x2
 470 021e 74       		.byte	0x74
 471 021f 00       		.sleb128 0
 472 0220 00       		.byte	0
 473 0221 00       		.byte	0
 474 0222 02       		.uleb128 0x2
 475 0223 01       		.byte	0x1
 476 0224 02       		.byte	0x2
 477 0225 25020000 		.4byte	.LASF25
 478 0229 0B       		.uleb128 0xb
 479 022a 23000000 		.4byte	.LASF27
 480 022e 01       		.byte	0x1
 481 022f 2B       		.byte	0x2b
 482 0230 22020000 		.4byte	0x222
 483 0234 00000000 		.4byte	.LFB66
 484 0238 18000000 		.4byte	.LFE66-.LFB66
 485 023c 01       		.uleb128 0x1
 486 023d 9C       		.byte	0x9c
 487 023e 79020000 		.4byte	0x279
 488 0242 0F       		.uleb128 0xf
 489 0243 62697400 		.ascii	"bit\000"
 490 0247 01       		.byte	0x1
 491 0248 2B       		.byte	0x2b
 492 0249 81000000 		.4byte	0x81
 493 024d F7000000 		.4byte	.LLST8
 494 0251 07       		.uleb128 0x7
 495 0252 98010000 		.4byte	.LASF19
 496 0256 01       		.byte	0x1
 497 0257 2B       		.byte	0x2b
 498 0258 81000000 		.4byte	0x81
 499 025c 18010000 		.4byte	.LLST9
 500 0260 10       		.uleb128 0x10
 501 0261 746D7000 		.ascii	"tmp\000"
 502 0265 01       		.byte	0x1
 503 0266 2C       		.byte	0x2c
 504 0267 81000000 		.4byte	0x81
 505 026b 39010000 		.4byte	.LLST10
 506 026f 11       		.uleb128 0x11
 507 0270 0A000000 		.4byte	.LVL19
 508 0274 95020000 		.4byte	0x295
 509 0278 00       		.byte	0
 510 0279 12       		.uleb128 0x12
 511 027a 1C010000 		.4byte	.LASF33
 512 027e 06       		.byte	0x6
 513 027f 1207     		.2byte	0x712
 514 0281 85020000 		.4byte	0x285
 515 0285 13       		.uleb128 0x13
 516 0286 76000000 		.4byte	0x76
 517 028a 14       		.uleb128 0x14
 518 028b 10000000 		.4byte	.LASF28
 519 028f 10000000 		.4byte	.LASF28
 520 0293 05       		.byte	0x5
 521 0294 21       		.byte	0x21
 522 0295 14       		.uleb128 0x14
 523 0296 34000000 		.4byte	.LASF29
 524 029a 34000000 		.4byte	.LASF29
ARM GAS  C:\Users\Dell\AppData\Local\Temp\cco4Kole.s 			page 11


 525 029e 05       		.byte	0x5
 526 029f 23       		.byte	0x23
 527 02a0 00       		.byte	0
 528              		.section	.debug_abbrev,"",%progbits
 529              	.Ldebug_abbrev0:
 530 0000 01       		.uleb128 0x1
 531 0001 11       		.uleb128 0x11
 532 0002 01       		.byte	0x1
 533 0003 25       		.uleb128 0x25
 534 0004 0E       		.uleb128 0xe
 535 0005 13       		.uleb128 0x13
 536 0006 0B       		.uleb128 0xb
 537 0007 03       		.uleb128 0x3
 538 0008 0E       		.uleb128 0xe
 539 0009 1B       		.uleb128 0x1b
 540 000a 0E       		.uleb128 0xe
 541 000b 55       		.uleb128 0x55
 542 000c 17       		.uleb128 0x17
 543 000d 11       		.uleb128 0x11
 544 000e 01       		.uleb128 0x1
 545 000f 10       		.uleb128 0x10
 546 0010 17       		.uleb128 0x17
 547 0011 00       		.byte	0
 548 0012 00       		.byte	0
 549 0013 02       		.uleb128 0x2
 550 0014 24       		.uleb128 0x24
 551 0015 00       		.byte	0
 552 0016 0B       		.uleb128 0xb
 553 0017 0B       		.uleb128 0xb
 554 0018 3E       		.uleb128 0x3e
 555 0019 0B       		.uleb128 0xb
 556 001a 03       		.uleb128 0x3
 557 001b 0E       		.uleb128 0xe
 558 001c 00       		.byte	0
 559 001d 00       		.byte	0
 560 001e 03       		.uleb128 0x3
 561 001f 16       		.uleb128 0x16
 562 0020 00       		.byte	0
 563 0021 03       		.uleb128 0x3
 564 0022 0E       		.uleb128 0xe
 565 0023 3A       		.uleb128 0x3a
 566 0024 0B       		.uleb128 0xb
 567 0025 3B       		.uleb128 0x3b
 568 0026 0B       		.uleb128 0xb
 569 0027 49       		.uleb128 0x49
 570 0028 13       		.uleb128 0x13
 571 0029 00       		.byte	0
 572 002a 00       		.byte	0
 573 002b 04       		.uleb128 0x4
 574 002c 24       		.uleb128 0x24
 575 002d 00       		.byte	0
 576 002e 0B       		.uleb128 0xb
 577 002f 0B       		.uleb128 0xb
 578 0030 3E       		.uleb128 0x3e
 579 0031 0B       		.uleb128 0xb
 580 0032 03       		.uleb128 0x3
 581 0033 08       		.uleb128 0x8
ARM GAS  C:\Users\Dell\AppData\Local\Temp\cco4Kole.s 			page 12


 582 0034 00       		.byte	0
 583 0035 00       		.byte	0
 584 0036 05       		.uleb128 0x5
 585 0037 16       		.uleb128 0x16
 586 0038 00       		.byte	0
 587 0039 03       		.uleb128 0x3
 588 003a 0E       		.uleb128 0xe
 589 003b 3A       		.uleb128 0x3a
 590 003c 0B       		.uleb128 0xb
 591 003d 3B       		.uleb128 0x3b
 592 003e 05       		.uleb128 0x5
 593 003f 49       		.uleb128 0x49
 594 0040 13       		.uleb128 0x13
 595 0041 00       		.byte	0
 596 0042 00       		.byte	0
 597 0043 06       		.uleb128 0x6
 598 0044 2E       		.uleb128 0x2e
 599 0045 01       		.byte	0x1
 600 0046 3F       		.uleb128 0x3f
 601 0047 19       		.uleb128 0x19
 602 0048 03       		.uleb128 0x3
 603 0049 0E       		.uleb128 0xe
 604 004a 3A       		.uleb128 0x3a
 605 004b 0B       		.uleb128 0xb
 606 004c 3B       		.uleb128 0x3b
 607 004d 0B       		.uleb128 0xb
 608 004e 27       		.uleb128 0x27
 609 004f 19       		.uleb128 0x19
 610 0050 11       		.uleb128 0x11
 611 0051 01       		.uleb128 0x1
 612 0052 12       		.uleb128 0x12
 613 0053 06       		.uleb128 0x6
 614 0054 40       		.uleb128 0x40
 615 0055 18       		.uleb128 0x18
 616 0056 9742     		.uleb128 0x2117
 617 0058 19       		.uleb128 0x19
 618 0059 01       		.uleb128 0x1
 619 005a 13       		.uleb128 0x13
 620 005b 00       		.byte	0
 621 005c 00       		.byte	0
 622 005d 07       		.uleb128 0x7
 623 005e 05       		.uleb128 0x5
 624 005f 00       		.byte	0
 625 0060 03       		.uleb128 0x3
 626 0061 0E       		.uleb128 0xe
 627 0062 3A       		.uleb128 0x3a
 628 0063 0B       		.uleb128 0xb
 629 0064 3B       		.uleb128 0x3b
 630 0065 0B       		.uleb128 0xb
 631 0066 49       		.uleb128 0x49
 632 0067 13       		.uleb128 0x13
 633 0068 02       		.uleb128 0x2
 634 0069 17       		.uleb128 0x17
 635 006a 00       		.byte	0
 636 006b 00       		.byte	0
 637 006c 08       		.uleb128 0x8
 638 006d 898201   		.uleb128 0x4109
ARM GAS  C:\Users\Dell\AppData\Local\Temp\cco4Kole.s 			page 13


 639 0070 01       		.byte	0x1
 640 0071 11       		.uleb128 0x11
 641 0072 01       		.uleb128 0x1
 642 0073 31       		.uleb128 0x31
 643 0074 13       		.uleb128 0x13
 644 0075 01       		.uleb128 0x1
 645 0076 13       		.uleb128 0x13
 646 0077 00       		.byte	0
 647 0078 00       		.byte	0
 648 0079 09       		.uleb128 0x9
 649 007a 8A8201   		.uleb128 0x410a
 650 007d 00       		.byte	0
 651 007e 02       		.uleb128 0x2
 652 007f 18       		.uleb128 0x18
 653 0080 9142     		.uleb128 0x2111
 654 0082 18       		.uleb128 0x18
 655 0083 00       		.byte	0
 656 0084 00       		.byte	0
 657 0085 0A       		.uleb128 0xa
 658 0086 898201   		.uleb128 0x4109
 659 0089 01       		.byte	0x1
 660 008a 11       		.uleb128 0x11
 661 008b 01       		.uleb128 0x1
 662 008c 31       		.uleb128 0x31
 663 008d 13       		.uleb128 0x13
 664 008e 00       		.byte	0
 665 008f 00       		.byte	0
 666 0090 0B       		.uleb128 0xb
 667 0091 2E       		.uleb128 0x2e
 668 0092 01       		.byte	0x1
 669 0093 3F       		.uleb128 0x3f
 670 0094 19       		.uleb128 0x19
 671 0095 03       		.uleb128 0x3
 672 0096 0E       		.uleb128 0xe
 673 0097 3A       		.uleb128 0x3a
 674 0098 0B       		.uleb128 0xb
 675 0099 3B       		.uleb128 0x3b
 676 009a 0B       		.uleb128 0xb
 677 009b 27       		.uleb128 0x27
 678 009c 19       		.uleb128 0x19
 679 009d 49       		.uleb128 0x49
 680 009e 13       		.uleb128 0x13
 681 009f 11       		.uleb128 0x11
 682 00a0 01       		.uleb128 0x1
 683 00a1 12       		.uleb128 0x12
 684 00a2 06       		.uleb128 0x6
 685 00a3 40       		.uleb128 0x40
 686 00a4 18       		.uleb128 0x18
 687 00a5 9742     		.uleb128 0x2117
 688 00a7 19       		.uleb128 0x19
 689 00a8 01       		.uleb128 0x1
 690 00a9 13       		.uleb128 0x13
 691 00aa 00       		.byte	0
 692 00ab 00       		.byte	0
 693 00ac 0C       		.uleb128 0xc
 694 00ad 34       		.uleb128 0x34
 695 00ae 00       		.byte	0
ARM GAS  C:\Users\Dell\AppData\Local\Temp\cco4Kole.s 			page 14


 696 00af 03       		.uleb128 0x3
 697 00b0 0E       		.uleb128 0xe
 698 00b1 3A       		.uleb128 0x3a
 699 00b2 0B       		.uleb128 0xb
 700 00b3 3B       		.uleb128 0x3b
 701 00b4 0B       		.uleb128 0xb
 702 00b5 49       		.uleb128 0x49
 703 00b6 13       		.uleb128 0x13
 704 00b7 02       		.uleb128 0x2
 705 00b8 18       		.uleb128 0x18
 706 00b9 00       		.byte	0
 707 00ba 00       		.byte	0
 708 00bb 0D       		.uleb128 0xd
 709 00bc 34       		.uleb128 0x34
 710 00bd 00       		.byte	0
 711 00be 03       		.uleb128 0x3
 712 00bf 0E       		.uleb128 0xe
 713 00c0 3A       		.uleb128 0x3a
 714 00c1 0B       		.uleb128 0xb
 715 00c2 3B       		.uleb128 0x3b
 716 00c3 0B       		.uleb128 0xb
 717 00c4 49       		.uleb128 0x49
 718 00c5 13       		.uleb128 0x13
 719 00c6 02       		.uleb128 0x2
 720 00c7 17       		.uleb128 0x17
 721 00c8 00       		.byte	0
 722 00c9 00       		.byte	0
 723 00ca 0E       		.uleb128 0xe
 724 00cb 34       		.uleb128 0x34
 725 00cc 00       		.byte	0
 726 00cd 03       		.uleb128 0x3
 727 00ce 08       		.uleb128 0x8
 728 00cf 3A       		.uleb128 0x3a
 729 00d0 0B       		.uleb128 0xb
 730 00d1 3B       		.uleb128 0x3b
 731 00d2 0B       		.uleb128 0xb
 732 00d3 49       		.uleb128 0x49
 733 00d4 13       		.uleb128 0x13
 734 00d5 02       		.uleb128 0x2
 735 00d6 18       		.uleb128 0x18
 736 00d7 00       		.byte	0
 737 00d8 00       		.byte	0
 738 00d9 0F       		.uleb128 0xf
 739 00da 05       		.uleb128 0x5
 740 00db 00       		.byte	0
 741 00dc 03       		.uleb128 0x3
 742 00dd 08       		.uleb128 0x8
 743 00de 3A       		.uleb128 0x3a
 744 00df 0B       		.uleb128 0xb
 745 00e0 3B       		.uleb128 0x3b
 746 00e1 0B       		.uleb128 0xb
 747 00e2 49       		.uleb128 0x49
 748 00e3 13       		.uleb128 0x13
 749 00e4 02       		.uleb128 0x2
 750 00e5 17       		.uleb128 0x17
 751 00e6 00       		.byte	0
 752 00e7 00       		.byte	0
ARM GAS  C:\Users\Dell\AppData\Local\Temp\cco4Kole.s 			page 15


 753 00e8 10       		.uleb128 0x10
 754 00e9 34       		.uleb128 0x34
 755 00ea 00       		.byte	0
 756 00eb 03       		.uleb128 0x3
 757 00ec 08       		.uleb128 0x8
 758 00ed 3A       		.uleb128 0x3a
 759 00ee 0B       		.uleb128 0xb
 760 00ef 3B       		.uleb128 0x3b
 761 00f0 0B       		.uleb128 0xb
 762 00f1 49       		.uleb128 0x49
 763 00f2 13       		.uleb128 0x13
 764 00f3 02       		.uleb128 0x2
 765 00f4 17       		.uleb128 0x17
 766 00f5 00       		.byte	0
 767 00f6 00       		.byte	0
 768 00f7 11       		.uleb128 0x11
 769 00f8 898201   		.uleb128 0x4109
 770 00fb 00       		.byte	0
 771 00fc 11       		.uleb128 0x11
 772 00fd 01       		.uleb128 0x1
 773 00fe 31       		.uleb128 0x31
 774 00ff 13       		.uleb128 0x13
 775 0100 00       		.byte	0
 776 0101 00       		.byte	0
 777 0102 12       		.uleb128 0x12
 778 0103 34       		.uleb128 0x34
 779 0104 00       		.byte	0
 780 0105 03       		.uleb128 0x3
 781 0106 0E       		.uleb128 0xe
 782 0107 3A       		.uleb128 0x3a
 783 0108 0B       		.uleb128 0xb
 784 0109 3B       		.uleb128 0x3b
 785 010a 05       		.uleb128 0x5
 786 010b 49       		.uleb128 0x49
 787 010c 13       		.uleb128 0x13
 788 010d 3F       		.uleb128 0x3f
 789 010e 19       		.uleb128 0x19
 790 010f 3C       		.uleb128 0x3c
 791 0110 19       		.uleb128 0x19
 792 0111 00       		.byte	0
 793 0112 00       		.byte	0
 794 0113 13       		.uleb128 0x13
 795 0114 35       		.uleb128 0x35
 796 0115 00       		.byte	0
 797 0116 49       		.uleb128 0x49
 798 0117 13       		.uleb128 0x13
 799 0118 00       		.byte	0
 800 0119 00       		.byte	0
 801 011a 14       		.uleb128 0x14
 802 011b 2E       		.uleb128 0x2e
 803 011c 00       		.byte	0
 804 011d 3F       		.uleb128 0x3f
 805 011e 19       		.uleb128 0x19
 806 011f 3C       		.uleb128 0x3c
 807 0120 19       		.uleb128 0x19
 808 0121 6E       		.uleb128 0x6e
 809 0122 0E       		.uleb128 0xe
ARM GAS  C:\Users\Dell\AppData\Local\Temp\cco4Kole.s 			page 16


 810 0123 03       		.uleb128 0x3
 811 0124 0E       		.uleb128 0xe
 812 0125 3A       		.uleb128 0x3a
 813 0126 0B       		.uleb128 0xb
 814 0127 3B       		.uleb128 0x3b
 815 0128 0B       		.uleb128 0xb
 816 0129 00       		.byte	0
 817 012a 00       		.byte	0
 818 012b 00       		.byte	0
 819              		.section	.debug_loc,"",%progbits
 820              	.Ldebug_loc0:
 821              	.LLST0:
 822 0000 00000000 		.4byte	.LVL0
 823 0004 08000000 		.4byte	.LVL1
 824 0008 0100     		.2byte	0x1
 825 000a 50       		.byte	0x50
 826 000b 08000000 		.4byte	.LVL1
 827 000f 16000000 		.4byte	.LFE63
 828 0013 0400     		.2byte	0x4
 829 0015 F3       		.byte	0xf3
 830 0016 01       		.uleb128 0x1
 831 0017 50       		.byte	0x50
 832 0018 9F       		.byte	0x9f
 833 0019 00000000 		.4byte	0
 834 001d 00000000 		.4byte	0
 835              	.LLST1:
 836 0021 00000000 		.4byte	.LVL0
 837 0025 0B000000 		.4byte	.LVL2-1
 838 0029 0100     		.2byte	0x1
 839 002b 51       		.byte	0x51
 840 002c 0B000000 		.4byte	.LVL2-1
 841 0030 16000000 		.4byte	.LFE63
 842 0034 0400     		.2byte	0x4
 843 0036 F3       		.byte	0xf3
 844 0037 01       		.uleb128 0x1
 845 0038 51       		.byte	0x51
 846 0039 9F       		.byte	0x9f
 847 003a 00000000 		.4byte	0
 848 003e 00000000 		.4byte	0
 849              	.LLST2:
 850 0042 00000000 		.4byte	.LVL4
 851 0046 07000000 		.4byte	.LVL5-1
 852 004a 0100     		.2byte	0x1
 853 004c 50       		.byte	0x50
 854 004d 07000000 		.4byte	.LVL5-1
 855 0051 18000000 		.4byte	.LFE64
 856 0055 0400     		.2byte	0x4
 857 0057 F3       		.byte	0xf3
 858 0058 01       		.uleb128 0x1
 859 0059 50       		.byte	0x50
 860 005a 9F       		.byte	0x9f
 861 005b 00000000 		.4byte	0
 862 005f 00000000 		.4byte	0
 863              	.LLST3:
 864 0063 10000000 		.4byte	.LVL7
 865 0067 14000000 		.4byte	.LVL8
 866 006b 0100     		.2byte	0x1
ARM GAS  C:\Users\Dell\AppData\Local\Temp\cco4Kole.s 			page 17


 867 006d 50       		.byte	0x50
 868 006e 00000000 		.4byte	0
 869 0072 00000000 		.4byte	0
 870              	.LLST4:
 871 0076 00000000 		.4byte	.LVL9
 872 007a 0A000000 		.4byte	.LVL10
 873 007e 0100     		.2byte	0x1
 874 0080 50       		.byte	0x50
 875 0081 0A000000 		.4byte	.LVL10
 876 0085 4A000000 		.4byte	.LFE65
 877 0089 0400     		.2byte	0x4
 878 008b F3       		.byte	0xf3
 879 008c 01       		.uleb128 0x1
 880 008d 50       		.byte	0x50
 881 008e 9F       		.byte	0x9f
 882 008f 00000000 		.4byte	0
 883 0093 00000000 		.4byte	0
 884              	.LLST5:
 885 0097 00000000 		.4byte	.LVL9
 886 009b 0D000000 		.4byte	.LVL11-1
 887 009f 0100     		.2byte	0x1
 888 00a1 51       		.byte	0x51
 889 00a2 0D000000 		.4byte	.LVL11-1
 890 00a6 4A000000 		.4byte	.LFE65
 891 00aa 0400     		.2byte	0x4
 892 00ac F3       		.byte	0xf3
 893 00ad 01       		.uleb128 0x1
 894 00ae 51       		.byte	0x51
 895 00af 9F       		.byte	0x9f
 896 00b0 00000000 		.4byte	0
 897 00b4 00000000 		.4byte	0
 898              	.LLST6:
 899 00b8 00000000 		.4byte	.LVL9
 900 00bc 0D000000 		.4byte	.LVL11-1
 901 00c0 0100     		.2byte	0x1
 902 00c2 52       		.byte	0x52
 903 00c3 0D000000 		.4byte	.LVL11-1
 904 00c7 4A000000 		.4byte	.LFE65
 905 00cb 0400     		.2byte	0x4
 906 00cd F3       		.byte	0xf3
 907 00ce 01       		.uleb128 0x1
 908 00cf 52       		.byte	0x52
 909 00d0 9F       		.byte	0x9f
 910 00d1 00000000 		.4byte	0
 911 00d5 00000000 		.4byte	0
 912              	.LLST7:
 913 00d9 0E000000 		.4byte	.LVL11
 914 00dd 22000000 		.4byte	.LVL12
 915 00e1 0100     		.2byte	0x1
 916 00e3 50       		.byte	0x50
 917 00e4 2C000000 		.4byte	.LVL14
 918 00e8 40000000 		.4byte	.LVL15
 919 00ec 0100     		.2byte	0x1
 920 00ee 50       		.byte	0x50
 921 00ef 00000000 		.4byte	0
 922 00f3 00000000 		.4byte	0
 923              	.LLST8:
ARM GAS  C:\Users\Dell\AppData\Local\Temp\cco4Kole.s 			page 18


 924 00f7 00000000 		.4byte	.LVL17
 925 00fb 06000000 		.4byte	.LVL18
 926 00ff 0100     		.2byte	0x1
 927 0101 50       		.byte	0x50
 928 0102 06000000 		.4byte	.LVL18
 929 0106 18000000 		.4byte	.LFE66
 930 010a 0400     		.2byte	0x4
 931 010c F3       		.byte	0xf3
 932 010d 01       		.uleb128 0x1
 933 010e 50       		.byte	0x50
 934 010f 9F       		.byte	0x9f
 935 0110 00000000 		.4byte	0
 936 0114 00000000 		.4byte	0
 937              	.LLST9:
 938 0118 00000000 		.4byte	.LVL17
 939 011c 09000000 		.4byte	.LVL19-1
 940 0120 0100     		.2byte	0x1
 941 0122 51       		.byte	0x51
 942 0123 09000000 		.4byte	.LVL19-1
 943 0127 18000000 		.4byte	.LFE66
 944 012b 0400     		.2byte	0x4
 945 012d F3       		.byte	0xf3
 946 012e 01       		.uleb128 0x1
 947 012f 51       		.byte	0x51
 948 0130 9F       		.byte	0x9f
 949 0131 00000000 		.4byte	0
 950 0135 00000000 		.4byte	0
 951              	.LLST10:
 952 0139 0A000000 		.4byte	.LVL19
 953 013d 14000000 		.4byte	.LVL20
 954 0141 0100     		.2byte	0x1
 955 0143 50       		.byte	0x50
 956 0144 00000000 		.4byte	0
 957 0148 00000000 		.4byte	0
 958              		.section	.debug_aranges,"",%progbits
 959 0000 34000000 		.4byte	0x34
 960 0004 0200     		.2byte	0x2
 961 0006 00000000 		.4byte	.Ldebug_info0
 962 000a 04       		.byte	0x4
 963 000b 00       		.byte	0
 964 000c 0000     		.2byte	0
 965 000e 0000     		.2byte	0
 966 0010 00000000 		.4byte	.LFB63
 967 0014 16000000 		.4byte	.LFE63-.LFB63
 968 0018 00000000 		.4byte	.LFB64
 969 001c 18000000 		.4byte	.LFE64-.LFB64
 970 0020 00000000 		.4byte	.LFB65
 971 0024 4A000000 		.4byte	.LFE65-.LFB65
 972 0028 00000000 		.4byte	.LFB66
 973 002c 18000000 		.4byte	.LFE66-.LFB66
 974 0030 00000000 		.4byte	0
 975 0034 00000000 		.4byte	0
 976              		.section	.debug_ranges,"",%progbits
 977              	.Ldebug_ranges0:
 978 0000 00000000 		.4byte	.LFB63
 979 0004 16000000 		.4byte	.LFE63
 980 0008 00000000 		.4byte	.LFB64
ARM GAS  C:\Users\Dell\AppData\Local\Temp\cco4Kole.s 			page 19


 981 000c 18000000 		.4byte	.LFE64
 982 0010 00000000 		.4byte	.LFB65
 983 0014 4A000000 		.4byte	.LFE65
 984 0018 00000000 		.4byte	.LFB66
 985 001c 18000000 		.4byte	.LFE66
 986 0020 00000000 		.4byte	0
 987 0024 00000000 		.4byte	0
 988              		.section	.debug_line,"",%progbits
 989              	.Ldebug_line0:
 990 0000 AD010000 		.section	.debug_str,"MS",%progbits,1
 990      02005C01 
 990      00000201 
 990      FB0E0D00 
 990      01010101 
 991              	.LASF24:
 992 0000 76616C75 		.ascii	"value\000"
 992      6500
 993              	.LASF9:
 994 0006 5F5F696E 		.ascii	"__int32_t\000"
 994      7433325F 
 994      7400
 995              	.LASF28:
 996 0010 45455052 		.ascii	"EEPROM_1_WriteByte\000"
 996      4F4D5F31 
 996      5F577269 
 996      74654279 
 996      746500
 997              	.LASF27:
 998 0023 74657374 		.ascii	"testBit\000"
 998      42697400 
 999              	.LASF22:
 1000 002b 73617665 		.ascii	"saveWord\000"
 1000      576F7264 
 1000      00
 1001              	.LASF29:
 1002 0034 45455052 		.ascii	"EEPROM_1_ReadByte\000"
 1002      4F4D5F31 
 1002      5F526561 
 1002      64427974 
 1002      6500
 1003              	.LASF20:
 1004 0046 746D7031 		.ascii	"tmp1\000"
 1004      00
 1005              	.LASF21:
 1006 004b 746D7032 		.ascii	"tmp2\000"
 1006      00
 1007              	.LASF13:
 1008 0050 666C6F61 		.ascii	"float\000"
 1008      7400
 1009              	.LASF18:
 1010 0056 64617461 		.ascii	"data\000"
 1010      00
 1011              	.LASF1:
 1012 005b 756E7369 		.ascii	"unsigned char\000"
 1012      676E6564 
 1012      20636861 
 1012      7200
ARM GAS  C:\Users\Dell\AppData\Local\Temp\cco4Kole.s 			page 20


 1013              	.LASF30:
 1014 0069 474E5520 		.ascii	"GNU C11 5.4.1 20160609 (release) [ARM/embedded-5-br"
 1014      43313120 
 1014      352E342E 
 1014      31203230 
 1014      31363036 
 1015 009c 616E6368 		.ascii	"anch revision 237715] -mcpu=cortex-m3 -mthumb -g -O"
 1015      20726576 
 1015      6973696F 
 1015      6E203233 
 1015      37373135 
 1016 00cf 67202D66 		.ascii	"g -ffunction-sections -ffat-lto-objects\000"
 1016      66756E63 
 1016      74696F6E 
 1016      2D736563 
 1016      74696F6E 
 1017              	.LASF5:
 1018 00f7 6C6F6E67 		.ascii	"long unsigned int\000"
 1018      20756E73 
 1018      69676E65 
 1018      6420696E 
 1018      7400
 1019              	.LASF3:
 1020 0109 73686F72 		.ascii	"short unsigned int\000"
 1020      7420756E 
 1020      7369676E 
 1020      65642069 
 1020      6E7400
 1021              	.LASF33:
 1022 011c 49544D5F 		.ascii	"ITM_RxBuffer\000"
 1022      52784275 
 1022      66666572 
 1022      00
 1023              	.LASF32:
 1024 0129 433A5C55 		.ascii	"C:\\Users\\Dell\\Documents\\GitHub\\PSoC_AntennaRot"
 1024      73657273 
 1024      5C44656C 
 1024      6C5C446F 
 1024      63756D65 
 1025 0157 61746F72 		.ascii	"ator\\Workspace01\\AntennaRotator.cydsn\000"
 1025      5C576F72 
 1025      6B737061 
 1025      63653031 
 1025      5C416E74 
 1026              	.LASF14:
 1027 017d 646F7562 		.ascii	"double\000"
 1027      6C6500
 1028              	.LASF12:
 1029 0184 75696E74 		.ascii	"uint16\000"
 1029      313600
 1030              	.LASF8:
 1031 018b 756E7369 		.ascii	"unsigned int\000"
 1031      676E6564 
 1031      20696E74 
 1031      00
 1032              	.LASF19:
 1033 0198 61646472 		.ascii	"address\000"
ARM GAS  C:\Users\Dell\AppData\Local\Temp\cco4Kole.s 			page 21


 1033      65737300 
 1034              	.LASF7:
 1035 01a0 6C6F6E67 		.ascii	"long long unsigned int\000"
 1035      206C6F6E 
 1035      6720756E 
 1035      7369676E 
 1035      65642069 
 1036              	.LASF10:
 1037 01b7 696E7433 		.ascii	"int32_t\000"
 1037      325F7400 
 1038              	.LASF17:
 1039 01bf 73697A65 		.ascii	"sizetype\000"
 1039      74797065 
 1039      00
 1040              	.LASF6:
 1041 01c8 6C6F6E67 		.ascii	"long long int\000"
 1041      206C6F6E 
 1041      6720696E 
 1041      7400
 1042              	.LASF15:
 1043 01d6 63686172 		.ascii	"char\000"
 1043      00
 1044              	.LASF26:
 1045 01db 6C6F6164 		.ascii	"loadWord\000"
 1045      576F7264 
 1045      00
 1046              	.LASF2:
 1047 01e4 73686F72 		.ascii	"short int\000"
 1047      7420696E 
 1047      7400
 1048              	.LASF11:
 1049 01ee 75696E74 		.ascii	"uint8\000"
 1049      3800
 1050              	.LASF4:
 1051 01f4 6C6F6E67 		.ascii	"long int\000"
 1051      20696E74 
 1051      00
 1052              	.LASF16:
 1053 01fd 6C6F6E67 		.ascii	"long double\000"
 1053      20646F75 
 1053      626C6500 
 1054              	.LASF0:
 1055 0209 7369676E 		.ascii	"signed char\000"
 1055      65642063 
 1055      68617200 
 1056              	.LASF23:
 1057 0215 73657442 		.ascii	"setBit\000"
 1057      697400
 1058              	.LASF31:
 1059 021c 65657072 		.ascii	"eeprom.c\000"
 1059      6F6D2E63 
 1059      00
 1060              	.LASF25:
 1061 0225 5F426F6F 		.ascii	"_Bool\000"
 1061      6C00
 1062              		.ident	"GCC: (GNU Tools for ARM Embedded Processors) 5.4.1 20160609 (release) [ARM/embedded-5-bran
