ARM GAS  C:\Users\Dell\AppData\Local\Temp\ccjE71v9.s 			page 1


   1              		.syntax unified
   2              		.cpu cortex-m3
   3              		.fpu softvfp
   4              		.eabi_attribute 20, 1
   5              		.eabi_attribute 21, 1
   6              		.eabi_attribute 23, 3
   7              		.eabi_attribute 24, 1
   8              		.eabi_attribute 25, 1
   9              		.eabi_attribute 26, 1
  10              		.eabi_attribute 30, 1
  11              		.eabi_attribute 34, 1
  12              		.eabi_attribute 18, 4
  13              		.thumb
  14              		.syntax unified
  15              		.file	"RotatorHorizon.c"
  16              		.text
  17              	.Ltext0:
  18              		.cfi_sections	.debug_frame
  19              		.section	.text.Horizon_Init,"ax",%progbits
  20              		.align	2
  21              		.global	Horizon_Init
  22              		.thumb
  23              		.thumb_func
  24              		.type	Horizon_Init, %function
  25              	Horizon_Init:
  26              	.LFB64:
  27              		.file 1 "RotatorHorizon.c"
   1:RotatorHorizon.c **** /* ========================================
   2:RotatorHorizon.c ****  *
   3:RotatorHorizon.c ****  * Copyright YOUR COMPANY, THE YEAR
   4:RotatorHorizon.c ****  * All Rights Reserved
   5:RotatorHorizon.c ****  * UNPUBLISHED, LICENSED SOFTWARE.
   6:RotatorHorizon.c ****  *
   7:RotatorHorizon.c ****  * CONFIDENTIAL AND PROPRIETARY INFORMATION
   8:RotatorHorizon.c ****  * WHICH IS THE PROPERTY OF your company.
   9:RotatorHorizon.c ****  *
  10:RotatorHorizon.c ****  * ========================================
  11:RotatorHorizon.c **** */
  12:RotatorHorizon.c **** #include <project.h>
  13:RotatorHorizon.c **** #include "RotatorHorizon.h"
  14:RotatorHorizon.c **** #include "ssd1306.h"
  15:RotatorHorizon.c **** #include <stdio.h>
  16:RotatorHorizon.c **** 
  17:RotatorHorizon.c **** #define DISPLAY_ADDRESS 0x3C // 011110+SA0+RW - 0x3C or 0x3D	
  18:RotatorHorizon.c **** 
  19:RotatorHorizon.c **** void Horizon_Init(){
  28              		.loc 1 19 0
  29              		.cfi_startproc
  30              		@ args = 0, pretend = 0, frame = 0
  31              		@ frame_needed = 0, uses_anonymous_args = 0
  32 0000 08B5     		push	{r3, lr}
  33              		.cfi_def_cfa_offset 8
  34              		.cfi_offset 3, -8
  35              		.cfi_offset 14, -4
  20:RotatorHorizon.c ****     display_init(DISPLAY_ADDRESS);
  36              		.loc 1 20 0
  37 0002 3C20     		movs	r0, #60
ARM GAS  C:\Users\Dell\AppData\Local\Temp\ccjE71v9.s 			page 2


  38 0004 FFF7FEFF 		bl	display_init
  39              	.LVL0:
  21:RotatorHorizon.c ****     display_clear();    
  40              		.loc 1 21 0
  41 0008 FFF7FEFF 		bl	display_clear
  42              	.LVL1:
  22:RotatorHorizon.c ****     display_update(); 
  43              		.loc 1 22 0
  44 000c FFF7FEFF 		bl	display_update
  45              	.LVL2:
  46 0010 08BD     		pop	{r3, pc}
  47              		.cfi_endproc
  48              	.LFE64:
  49              		.size	Horizon_Init, .-Horizon_Init
  50              		.global	__aeabi_i2f
  51              		.global	__aeabi_fdiv
  52              		.global	__aeabi_f2d
  53 0012 00BF     		.section	.text.Horizon_Render,"ax",%progbits
  54              		.align	2
  55              		.global	Horizon_Render
  56              		.thumb
  57              		.thumb_func
  58              		.type	Horizon_Render, %function
  59              	Horizon_Render:
  60              	.LFB65:
  23:RotatorHorizon.c **** }
  24:RotatorHorizon.c **** 
  25:RotatorHorizon.c **** void Horizon_Render(){
  61              		.loc 1 25 0
  62              		.cfi_startproc
  63              		@ args = 0, pretend = 0, frame = 48
  64              		@ frame_needed = 0, uses_anonymous_args = 0
  65 0000 70B5     		push	{r4, r5, r6, lr}
  66              		.cfi_def_cfa_offset 16
  67              		.cfi_offset 4, -16
  68              		.cfi_offset 5, -12
  69              		.cfi_offset 6, -8
  70              		.cfi_offset 14, -4
  71 0002 8EB0     		sub	sp, sp, #56
  72              		.cfi_def_cfa_offset 72
  26:RotatorHorizon.c ****     ROTATOR_STATE rotator_state = getRotation();
  73              		.loc 1 26 0
  74 0004 0AA8     		add	r0, sp, #40
  75 0006 FFF7FEFF 		bl	getRotation
  76              	.LVL3:
  27:RotatorHorizon.c ****     
  28:RotatorHorizon.c ****     char str[32];
  29:RotatorHorizon.c ****     display_clear();    
  77              		.loc 1 29 0
  78 000a FFF7FEFF 		bl	display_clear
  79              	.LVL4:
  30:RotatorHorizon.c ****         
  31:RotatorHorizon.c ****     gfx_setTextSize(1);
  80              		.loc 1 31 0
  81 000e 0120     		movs	r0, #1
  82 0010 FFF7FEFF 		bl	gfx_setTextSize
  83              	.LVL5:
ARM GAS  C:\Users\Dell\AppData\Local\Temp\ccjE71v9.s 			page 3


  32:RotatorHorizon.c ****     gfx_setTextColor(WHITE);
  84              		.loc 1 32 0
  85 0014 0120     		movs	r0, #1
  86 0016 FFF7FEFF 		bl	gfx_setTextColor
  87              	.LVL6:
  33:RotatorHorizon.c ****     gfx_setCursor(0,0);
  88              		.loc 1 33 0
  89 001a 0021     		movs	r1, #0
  90 001c 0846     		mov	r0, r1
  91 001e FFF7FEFF 		bl	gfx_setCursor
  92              	.LVL7:
  34:RotatorHorizon.c **** 
  35:RotatorHorizon.c ****     // text display
  36:RotatorHorizon.c ****     gfx_setTextSize(1);
  93              		.loc 1 36 0
  94 0022 0120     		movs	r0, #1
  95 0024 FFF7FEFF 		bl	gfx_setTextSize
  96              	.LVL8:
  37:RotatorHorizon.c ****     gfx_setTextColor(WHITE);
  97              		.loc 1 37 0
  98 0028 0120     		movs	r0, #1
  99 002a FFF7FEFF 		bl	gfx_setTextColor
 100              	.LVL9:
  38:RotatorHorizon.c ****     gfx_setCursor(0,0);
 101              		.loc 1 38 0
 102 002e 0021     		movs	r1, #0
 103 0030 0846     		mov	r0, r1
 104 0032 FFF7FEFF 		bl	gfx_setCursor
 105              	.LVL10:
  39:RotatorHorizon.c ****     sprintf(str, "X : %3.2f : %3.2f", AS5600_TO_ANGULAR(rotator_state.x_des), AS5600_TO_ANGULAR(rot
 106              		.loc 1 39 0
 107 0036 0A98     		ldr	r0, [sp, #40]
 108 0038 FFF7FEFF 		bl	__aeabi_i2f
 109              	.LVL11:
 110 003c 2449     		ldr	r1, .L5
 111 003e FFF7FEFF 		bl	__aeabi_fdiv
 112              	.LVL12:
 113 0042 0446     		mov	r4, r0
 114 0044 0C98     		ldr	r0, [sp, #48]
 115 0046 FFF7FEFF 		bl	__aeabi_i2f
 116              	.LVL13:
 117 004a 2149     		ldr	r1, .L5
 118 004c FFF7FEFF 		bl	__aeabi_fdiv
 119              	.LVL14:
 120 0050 0646     		mov	r6, r0
 121 0052 2046     		mov	r0, r4
 122 0054 FFF7FEFF 		bl	__aeabi_f2d
 123              	.LVL15:
 124 0058 0446     		mov	r4, r0
 125 005a 0D46     		mov	r5, r1
 126 005c 3046     		mov	r0, r6
 127 005e FFF7FEFF 		bl	__aeabi_f2d
 128              	.LVL16:
 129 0062 CDE90001 		strd	r0, [sp]
 130 0066 2246     		mov	r2, r4
 131 0068 2B46     		mov	r3, r5
 132 006a 1A49     		ldr	r1, .L5+4
ARM GAS  C:\Users\Dell\AppData\Local\Temp\ccjE71v9.s 			page 4


 133 006c 02A8     		add	r0, sp, #8
 134 006e FFF7FEFF 		bl	sprintf
 135              	.LVL17:
  40:RotatorHorizon.c ****     gfx_println(str); 
 136              		.loc 1 40 0
 137 0072 02A8     		add	r0, sp, #8
 138 0074 FFF7FEFF 		bl	gfx_println
 139              	.LVL18:
  41:RotatorHorizon.c ****     gfx_setTextColor(WHITE);
 140              		.loc 1 41 0
 141 0078 0120     		movs	r0, #1
 142 007a FFF7FEFF 		bl	gfx_setTextColor
 143              	.LVL19:
  42:RotatorHorizon.c ****     sprintf(str, "Y : %3.2f : %3.2f", AS5600_TO_ANGULAR(rotator_state.y_des), AS5600_TO_ANGULAR(rot
 144              		.loc 1 42 0
 145 007e 0B98     		ldr	r0, [sp, #44]
 146 0080 FFF7FEFF 		bl	__aeabi_i2f
 147              	.LVL20:
 148 0084 1249     		ldr	r1, .L5
 149 0086 FFF7FEFF 		bl	__aeabi_fdiv
 150              	.LVL21:
 151 008a 0446     		mov	r4, r0
 152 008c 0D98     		ldr	r0, [sp, #52]
 153 008e FFF7FEFF 		bl	__aeabi_i2f
 154              	.LVL22:
 155 0092 0F49     		ldr	r1, .L5
 156 0094 FFF7FEFF 		bl	__aeabi_fdiv
 157              	.LVL23:
 158 0098 0646     		mov	r6, r0
 159 009a 2046     		mov	r0, r4
 160 009c FFF7FEFF 		bl	__aeabi_f2d
 161              	.LVL24:
 162 00a0 0446     		mov	r4, r0
 163 00a2 0D46     		mov	r5, r1
 164 00a4 3046     		mov	r0, r6
 165 00a6 FFF7FEFF 		bl	__aeabi_f2d
 166              	.LVL25:
 167 00aa CDE90001 		strd	r0, [sp]
 168 00ae 2246     		mov	r2, r4
 169 00b0 2B46     		mov	r3, r5
 170 00b2 0949     		ldr	r1, .L5+8
 171 00b4 02A8     		add	r0, sp, #8
 172 00b6 FFF7FEFF 		bl	sprintf
 173              	.LVL26:
  43:RotatorHorizon.c ****     gfx_setCursor(0,8);
 174              		.loc 1 43 0
 175 00ba 0821     		movs	r1, #8
 176 00bc 0020     		movs	r0, #0
 177 00be FFF7FEFF 		bl	gfx_setCursor
 178              	.LVL27:
  44:RotatorHorizon.c ****     gfx_println(str); 
 179              		.loc 1 44 0
 180 00c2 02A8     		add	r0, sp, #8
 181 00c4 FFF7FEFF 		bl	gfx_println
 182              	.LVL28:
  45:RotatorHorizon.c ****     display_update();
 183              		.loc 1 45 0
ARM GAS  C:\Users\Dell\AppData\Local\Temp\ccjE71v9.s 			page 5


 184 00c8 FFF7FEFF 		bl	display_update
 185              	.LVL29:
  46:RotatorHorizon.c ****     
  47:RotatorHorizon.c **** }
 186              		.loc 1 47 0
 187 00cc 0EB0     		add	sp, sp, #56
 188              		.cfi_def_cfa_offset 16
 189              		@ sp needed
 190 00ce 70BD     		pop	{r4, r5, r6, pc}
 191              	.L6:
 192              		.align	2
 193              	.L5:
 194 00d0 610B3641 		.word	1094060897
 195 00d4 00000000 		.word	.LC0
 196 00d8 14000000 		.word	.LC1
 197              		.cfi_endproc
 198              	.LFE65:
 199              		.size	Horizon_Render, .-Horizon_Render
 200              		.section	.rodata.str1.4,"aMS",%progbits,1
 201              		.align	2
 202              	.LC0:
 203 0000 58203A20 		.ascii	"X : %3.2f : %3.2f\000"
 203      25332E32 
 203      66203A20 
 203      25332E32 
 203      6600
 204 0012 0000     		.space	2
 205              	.LC1:
 206 0014 59203A20 		.ascii	"Y : %3.2f : %3.2f\000"
 206      25332E32 
 206      66203A20 
 206      25332E32 
 206      6600
 207              		.text
 208              	.Letext0:
 209              		.file 2 "c:\\program files (x86)\\cypress\\psoc creator\\4.4\\psoc creator\\import\\gnu\\arm\\5.4.
 210              		.file 3 "c:\\program files (x86)\\cypress\\psoc creator\\4.4\\psoc creator\\import\\gnu\\arm\\5.4.
 211              		.file 4 "rotation.h"
 212              		.file 5 "ssd1306.h"
 213              		.file 6 "c:\\program files (x86)\\cypress\\psoc creator\\4.4\\psoc creator\\import\\gnu\\arm\\5.4.
 214              		.file 7 "Generated_Source\\PSoC5/core_cm3.h"
 215              		.section	.debug_info,"",%progbits
 216              	.Ldebug_info0:
 217 0000 0A030000 		.4byte	0x30a
 218 0004 0400     		.2byte	0x4
 219 0006 00000000 		.4byte	.Ldebug_abbrev0
 220 000a 04       		.byte	0x4
 221 000b 01       		.uleb128 0x1
 222 000c 5D000000 		.4byte	.LASF33
 223 0010 0C       		.byte	0xc
 224 0011 0C020000 		.4byte	.LASF34
 225 0015 94010000 		.4byte	.LASF35
 226 0019 00000000 		.4byte	.Ldebug_ranges0+0
 227 001d 00000000 		.4byte	0
 228 0021 00000000 		.4byte	.Ldebug_line0
 229 0025 02       		.uleb128 0x2
 230 0026 01       		.byte	0x1
ARM GAS  C:\Users\Dell\AppData\Local\Temp\ccjE71v9.s 			page 6


 231 0027 06       		.byte	0x6
 232 0028 5B020000 		.4byte	.LASF0
 233 002c 02       		.uleb128 0x2
 234 002d 01       		.byte	0x1
 235 002e 08       		.byte	0x8
 236 002f 4F000000 		.4byte	.LASF1
 237 0033 02       		.uleb128 0x2
 238 0034 02       		.byte	0x2
 239 0035 05       		.byte	0x5
 240 0036 1D020000 		.4byte	.LASF2
 241 003a 02       		.uleb128 0x2
 242 003b 02       		.byte	0x2
 243 003c 07       		.byte	0x7
 244 003d 0A010000 		.4byte	.LASF3
 245 0041 03       		.uleb128 0x3
 246 0042 16000000 		.4byte	.LASF9
 247 0046 02       		.byte	0x2
 248 0047 3F       		.byte	0x3f
 249 0048 4C000000 		.4byte	0x4c
 250 004c 02       		.uleb128 0x2
 251 004d 04       		.byte	0x4
 252 004e 05       		.byte	0x5
 253 004f 33020000 		.4byte	.LASF4
 254 0053 02       		.uleb128 0x2
 255 0054 04       		.byte	0x4
 256 0055 07       		.byte	0x7
 257 0056 EB000000 		.4byte	.LASF5
 258 005a 02       		.uleb128 0x2
 259 005b 08       		.byte	0x8
 260 005c 05       		.byte	0x5
 261 005d F9010000 		.4byte	.LASF6
 262 0061 02       		.uleb128 0x2
 263 0062 08       		.byte	0x8
 264 0063 07       		.byte	0x7
 265 0064 7D010000 		.4byte	.LASF7
 266 0068 04       		.uleb128 0x4
 267 0069 04       		.byte	0x4
 268 006a 05       		.byte	0x5
 269 006b 696E7400 		.ascii	"int\000"
 270 006f 02       		.uleb128 0x2
 271 0070 04       		.byte	0x4
 272 0071 07       		.byte	0x7
 273 0072 62010000 		.4byte	.LASF8
 274 0076 03       		.uleb128 0x3
 275 0077 E8010000 		.4byte	.LASF10
 276 007b 03       		.byte	0x3
 277 007c 2C       		.byte	0x2c
 278 007d 41000000 		.4byte	0x41
 279 0081 02       		.uleb128 0x2
 280 0082 04       		.byte	0x4
 281 0083 04       		.byte	0x4
 282 0084 49000000 		.4byte	.LASF11
 283 0088 02       		.uleb128 0x2
 284 0089 08       		.byte	0x8
 285 008a 04       		.byte	0x4
 286 008b 2E000000 		.4byte	.LASF12
 287 008f 02       		.uleb128 0x2
ARM GAS  C:\Users\Dell\AppData\Local\Temp\ccjE71v9.s 			page 7


 288 0090 01       		.byte	0x1
 289 0091 08       		.byte	0x8
 290 0092 07020000 		.4byte	.LASF13
 291 0096 02       		.uleb128 0x2
 292 0097 08       		.byte	0x8
 293 0098 04       		.byte	0x4
 294 0099 49020000 		.4byte	.LASF14
 295 009d 02       		.uleb128 0x2
 296 009e 04       		.byte	0x4
 297 009f 07       		.byte	0x7
 298 00a0 F0010000 		.4byte	.LASF15
 299 00a4 05       		.uleb128 0x5
 300 00a5 6F010000 		.4byte	.LASF20
 301 00a9 10       		.byte	0x10
 302 00aa 04       		.byte	0x4
 303 00ab 16       		.byte	0x16
 304 00ac E1000000 		.4byte	0xe1
 305 00b0 06       		.uleb128 0x6
 306 00b1 10000000 		.4byte	.LASF16
 307 00b5 04       		.byte	0x4
 308 00b6 17       		.byte	0x17
 309 00b7 68000000 		.4byte	0x68
 310 00bb 00       		.byte	0
 311 00bc 06       		.uleb128 0x6
 312 00bd 55020000 		.4byte	.LASF17
 313 00c1 04       		.byte	0x4
 314 00c2 18       		.byte	0x18
 315 00c3 68000000 		.4byte	0x68
 316 00c7 04       		.byte	0x4
 317 00c8 06       		.uleb128 0x6
 318 00c9 80020000 		.4byte	.LASF18
 319 00cd 04       		.byte	0x4
 320 00ce 19       		.byte	0x19
 321 00cf 68000000 		.4byte	0x68
 322 00d3 08       		.byte	0x8
 323 00d4 06       		.uleb128 0x6
 324 00d5 35000000 		.4byte	.LASF19
 325 00d9 04       		.byte	0x4
 326 00da 1A       		.byte	0x1a
 327 00db 68000000 		.4byte	0x68
 328 00df 0C       		.byte	0xc
 329 00e0 00       		.byte	0
 330 00e1 03       		.uleb128 0x3
 331 00e2 6F010000 		.4byte	.LASF20
 332 00e6 04       		.byte	0x4
 333 00e7 1B       		.byte	0x1b
 334 00e8 A4000000 		.4byte	0xa4
 335 00ec 07       		.uleb128 0x7
 336 00ed FD000000 		.4byte	.LASF21
 337 00f1 01       		.byte	0x1
 338 00f2 13       		.byte	0x13
 339 00f3 00000000 		.4byte	.LFB64
 340 00f7 12000000 		.4byte	.LFE64-.LFB64
 341 00fb 01       		.uleb128 0x1
 342 00fc 9C       		.byte	0x9c
 343 00fd 28010000 		.4byte	0x128
 344 0101 08       		.uleb128 0x8
ARM GAS  C:\Users\Dell\AppData\Local\Temp\ccjE71v9.s 			page 8


 345 0102 08000000 		.4byte	.LVL0
 346 0106 AA020000 		.4byte	0x2aa
 347 010a 15010000 		.4byte	0x115
 348 010e 09       		.uleb128 0x9
 349 010f 01       		.uleb128 0x1
 350 0110 50       		.byte	0x50
 351 0111 02       		.uleb128 0x2
 352 0112 08       		.byte	0x8
 353 0113 3C       		.byte	0x3c
 354 0114 00       		.byte	0
 355 0115 0A       		.uleb128 0xa
 356 0116 0C000000 		.4byte	.LVL1
 357 011a B5020000 		.4byte	0x2b5
 358 011e 0A       		.uleb128 0xa
 359 011f 10000000 		.4byte	.LVL2
 360 0123 C0020000 		.4byte	0x2c0
 361 0127 00       		.byte	0
 362 0128 0B       		.uleb128 0xb
 363 0129 38010000 		.4byte	.LASF22
 364 012d 01       		.byte	0x1
 365 012e 19       		.byte	0x19
 366 012f 00000000 		.4byte	.LFB65
 367 0133 DC000000 		.4byte	.LFE65-.LFB65
 368 0137 01       		.uleb128 0x1
 369 0138 9C       		.byte	0x9c
 370 0139 89020000 		.4byte	0x289
 371 013d 0C       		.uleb128 0xc
 372 013e 20000000 		.4byte	.LASF23
 373 0142 01       		.byte	0x1
 374 0143 1A       		.byte	0x1a
 375 0144 E1000000 		.4byte	0xe1
 376 0148 02       		.uleb128 0x2
 377 0149 91       		.byte	0x91
 378 014a 60       		.sleb128 -32
 379 014b 0D       		.uleb128 0xd
 380 014c 73747200 		.ascii	"str\000"
 381 0150 01       		.byte	0x1
 382 0151 1C       		.byte	0x1c
 383 0152 89020000 		.4byte	0x289
 384 0156 02       		.uleb128 0x2
 385 0157 91       		.byte	0x91
 386 0158 40       		.sleb128 -64
 387 0159 08       		.uleb128 0x8
 388 015a 0A000000 		.4byte	.LVL3
 389 015e CB020000 		.4byte	0x2cb
 390 0162 6D010000 		.4byte	0x16d
 391 0166 09       		.uleb128 0x9
 392 0167 01       		.uleb128 0x1
 393 0168 50       		.byte	0x50
 394 0169 02       		.uleb128 0x2
 395 016a 91       		.byte	0x91
 396 016b 60       		.sleb128 -32
 397 016c 00       		.byte	0
 398 016d 0A       		.uleb128 0xa
 399 016e 0E000000 		.4byte	.LVL4
 400 0172 B5020000 		.4byte	0x2b5
 401 0176 08       		.uleb128 0x8
ARM GAS  C:\Users\Dell\AppData\Local\Temp\ccjE71v9.s 			page 9


 402 0177 14000000 		.4byte	.LVL5
 403 017b D6020000 		.4byte	0x2d6
 404 017f 89010000 		.4byte	0x189
 405 0183 09       		.uleb128 0x9
 406 0184 01       		.uleb128 0x1
 407 0185 50       		.byte	0x50
 408 0186 01       		.uleb128 0x1
 409 0187 31       		.byte	0x31
 410 0188 00       		.byte	0
 411 0189 08       		.uleb128 0x8
 412 018a 1A000000 		.4byte	.LVL6
 413 018e E1020000 		.4byte	0x2e1
 414 0192 9C010000 		.4byte	0x19c
 415 0196 09       		.uleb128 0x9
 416 0197 01       		.uleb128 0x1
 417 0198 50       		.byte	0x50
 418 0199 01       		.uleb128 0x1
 419 019a 31       		.byte	0x31
 420 019b 00       		.byte	0
 421 019c 08       		.uleb128 0x8
 422 019d 22000000 		.4byte	.LVL7
 423 01a1 EC020000 		.4byte	0x2ec
 424 01a5 B4010000 		.4byte	0x1b4
 425 01a9 09       		.uleb128 0x9
 426 01aa 01       		.uleb128 0x1
 427 01ab 50       		.byte	0x50
 428 01ac 01       		.uleb128 0x1
 429 01ad 30       		.byte	0x30
 430 01ae 09       		.uleb128 0x9
 431 01af 01       		.uleb128 0x1
 432 01b0 51       		.byte	0x51
 433 01b1 01       		.uleb128 0x1
 434 01b2 30       		.byte	0x30
 435 01b3 00       		.byte	0
 436 01b4 08       		.uleb128 0x8
 437 01b5 28000000 		.4byte	.LVL8
 438 01b9 D6020000 		.4byte	0x2d6
 439 01bd C7010000 		.4byte	0x1c7
 440 01c1 09       		.uleb128 0x9
 441 01c2 01       		.uleb128 0x1
 442 01c3 50       		.byte	0x50
 443 01c4 01       		.uleb128 0x1
 444 01c5 31       		.byte	0x31
 445 01c6 00       		.byte	0
 446 01c7 08       		.uleb128 0x8
 447 01c8 2E000000 		.4byte	.LVL9
 448 01cc E1020000 		.4byte	0x2e1
 449 01d0 DA010000 		.4byte	0x1da
 450 01d4 09       		.uleb128 0x9
 451 01d5 01       		.uleb128 0x1
 452 01d6 50       		.byte	0x50
 453 01d7 01       		.uleb128 0x1
 454 01d8 31       		.byte	0x31
 455 01d9 00       		.byte	0
 456 01da 08       		.uleb128 0x8
 457 01db 36000000 		.4byte	.LVL10
 458 01df EC020000 		.4byte	0x2ec
ARM GAS  C:\Users\Dell\AppData\Local\Temp\ccjE71v9.s 			page 10


 459 01e3 F2010000 		.4byte	0x1f2
 460 01e7 09       		.uleb128 0x9
 461 01e8 01       		.uleb128 0x1
 462 01e9 50       		.byte	0x50
 463 01ea 01       		.uleb128 0x1
 464 01eb 30       		.byte	0x30
 465 01ec 09       		.uleb128 0x9
 466 01ed 01       		.uleb128 0x1
 467 01ee 51       		.byte	0x51
 468 01ef 01       		.uleb128 0x1
 469 01f0 30       		.byte	0x30
 470 01f1 00       		.byte	0
 471 01f2 08       		.uleb128 0x8
 472 01f3 72000000 		.4byte	.LVL17
 473 01f7 F7020000 		.4byte	0x2f7
 474 01fb 0F020000 		.4byte	0x20f
 475 01ff 09       		.uleb128 0x9
 476 0200 01       		.uleb128 0x1
 477 0201 50       		.byte	0x50
 478 0202 02       		.uleb128 0x2
 479 0203 91       		.byte	0x91
 480 0204 40       		.sleb128 -64
 481 0205 09       		.uleb128 0x9
 482 0206 01       		.uleb128 0x1
 483 0207 51       		.byte	0x51
 484 0208 05       		.uleb128 0x5
 485 0209 03       		.byte	0x3
 486 020a 00000000 		.4byte	.LC0
 487 020e 00       		.byte	0
 488 020f 08       		.uleb128 0x8
 489 0210 78000000 		.4byte	.LVL18
 490 0214 02030000 		.4byte	0x302
 491 0218 23020000 		.4byte	0x223
 492 021c 09       		.uleb128 0x9
 493 021d 01       		.uleb128 0x1
 494 021e 50       		.byte	0x50
 495 021f 02       		.uleb128 0x2
 496 0220 91       		.byte	0x91
 497 0221 40       		.sleb128 -64
 498 0222 00       		.byte	0
 499 0223 08       		.uleb128 0x8
 500 0224 7E000000 		.4byte	.LVL19
 501 0228 E1020000 		.4byte	0x2e1
 502 022c 36020000 		.4byte	0x236
 503 0230 09       		.uleb128 0x9
 504 0231 01       		.uleb128 0x1
 505 0232 50       		.byte	0x50
 506 0233 01       		.uleb128 0x1
 507 0234 31       		.byte	0x31
 508 0235 00       		.byte	0
 509 0236 08       		.uleb128 0x8
 510 0237 BA000000 		.4byte	.LVL26
 511 023b F7020000 		.4byte	0x2f7
 512 023f 53020000 		.4byte	0x253
 513 0243 09       		.uleb128 0x9
 514 0244 01       		.uleb128 0x1
 515 0245 50       		.byte	0x50
ARM GAS  C:\Users\Dell\AppData\Local\Temp\ccjE71v9.s 			page 11


 516 0246 02       		.uleb128 0x2
 517 0247 91       		.byte	0x91
 518 0248 40       		.sleb128 -64
 519 0249 09       		.uleb128 0x9
 520 024a 01       		.uleb128 0x1
 521 024b 51       		.byte	0x51
 522 024c 05       		.uleb128 0x5
 523 024d 03       		.byte	0x3
 524 024e 14000000 		.4byte	.LC1
 525 0252 00       		.byte	0
 526 0253 08       		.uleb128 0x8
 527 0254 C2000000 		.4byte	.LVL27
 528 0258 EC020000 		.4byte	0x2ec
 529 025c 6B020000 		.4byte	0x26b
 530 0260 09       		.uleb128 0x9
 531 0261 01       		.uleb128 0x1
 532 0262 50       		.byte	0x50
 533 0263 01       		.uleb128 0x1
 534 0264 30       		.byte	0x30
 535 0265 09       		.uleb128 0x9
 536 0266 01       		.uleb128 0x1
 537 0267 51       		.byte	0x51
 538 0268 01       		.uleb128 0x1
 539 0269 38       		.byte	0x38
 540 026a 00       		.byte	0
 541 026b 08       		.uleb128 0x8
 542 026c C8000000 		.4byte	.LVL28
 543 0270 02030000 		.4byte	0x302
 544 0274 7F020000 		.4byte	0x27f
 545 0278 09       		.uleb128 0x9
 546 0279 01       		.uleb128 0x1
 547 027a 50       		.byte	0x50
 548 027b 02       		.uleb128 0x2
 549 027c 91       		.byte	0x91
 550 027d 40       		.sleb128 -64
 551 027e 00       		.byte	0
 552 027f 0A       		.uleb128 0xa
 553 0280 CC000000 		.4byte	.LVL29
 554 0284 C0020000 		.4byte	0x2c0
 555 0288 00       		.byte	0
 556 0289 0E       		.uleb128 0xe
 557 028a 8F000000 		.4byte	0x8f
 558 028e 99020000 		.4byte	0x299
 559 0292 0F       		.uleb128 0xf
 560 0293 9D000000 		.4byte	0x9d
 561 0297 1F       		.byte	0x1f
 562 0298 00       		.byte	0
 563 0299 10       		.uleb128 0x10
 564 029a 1D010000 		.4byte	.LASF36
 565 029e 07       		.byte	0x7
 566 029f 1207     		.2byte	0x712
 567 02a1 A5020000 		.4byte	0x2a5
 568 02a5 11       		.uleb128 0x11
 569 02a6 76000000 		.4byte	0x76
 570 02aa 12       		.uleb128 0x12
 571 02ab 3C020000 		.4byte	.LASF24
 572 02af 3C020000 		.4byte	.LASF24
ARM GAS  C:\Users\Dell\AppData\Local\Temp\ccjE71v9.s 			page 12


 573 02b3 05       		.byte	0x5
 574 02b4 34       		.byte	0x34
 575 02b5 12       		.uleb128 0x12
 576 02b6 3B000000 		.4byte	.LASF25
 577 02ba 3B000000 		.4byte	.LASF25
 578 02be 05       		.byte	0x5
 579 02bf 36       		.byte	0x36
 580 02c0 12       		.uleb128 0x12
 581 02c1 47010000 		.4byte	.LASF26
 582 02c5 47010000 		.4byte	.LASF26
 583 02c9 05       		.byte	0x5
 584 02ca 35       		.byte	0x35
 585 02cb 12       		.uleb128 0x12
 586 02cc 56010000 		.4byte	.LASF27
 587 02d0 56010000 		.4byte	.LASF27
 588 02d4 04       		.byte	0x4
 589 02d5 1F       		.byte	0x1f
 590 02d6 12       		.uleb128 0x12
 591 02d7 00000000 		.4byte	.LASF28
 592 02db 00000000 		.4byte	.LASF28
 593 02df 05       		.byte	0x5
 594 02e0 42       		.byte	0x42
 595 02e1 12       		.uleb128 0x12
 596 02e2 67020000 		.4byte	.LASF29
 597 02e6 67020000 		.4byte	.LASF29
 598 02ea 05       		.byte	0x5
 599 02eb 43       		.byte	0x43
 600 02ec 12       		.uleb128 0x12
 601 02ed 2A010000 		.4byte	.LASF30
 602 02f1 2A010000 		.4byte	.LASF30
 603 02f5 05       		.byte	0x5
 604 02f6 41       		.byte	0x41
 605 02f7 12       		.uleb128 0x12
 606 02f8 78020000 		.4byte	.LASF31
 607 02fc 78020000 		.4byte	.LASF31
 608 0300 06       		.byte	0x6
 609 0301 E7       		.byte	0xe7
 610 0302 12       		.uleb128 0x12
 611 0303 27020000 		.4byte	.LASF32
 612 0307 27020000 		.4byte	.LASF32
 613 030b 05       		.byte	0x5
 614 030c 49       		.byte	0x49
 615 030d 00       		.byte	0
 616              		.section	.debug_abbrev,"",%progbits
 617              	.Ldebug_abbrev0:
 618 0000 01       		.uleb128 0x1
 619 0001 11       		.uleb128 0x11
 620 0002 01       		.byte	0x1
 621 0003 25       		.uleb128 0x25
 622 0004 0E       		.uleb128 0xe
 623 0005 13       		.uleb128 0x13
 624 0006 0B       		.uleb128 0xb
 625 0007 03       		.uleb128 0x3
 626 0008 0E       		.uleb128 0xe
 627 0009 1B       		.uleb128 0x1b
 628 000a 0E       		.uleb128 0xe
 629 000b 55       		.uleb128 0x55
ARM GAS  C:\Users\Dell\AppData\Local\Temp\ccjE71v9.s 			page 13


 630 000c 17       		.uleb128 0x17
 631 000d 11       		.uleb128 0x11
 632 000e 01       		.uleb128 0x1
 633 000f 10       		.uleb128 0x10
 634 0010 17       		.uleb128 0x17
 635 0011 00       		.byte	0
 636 0012 00       		.byte	0
 637 0013 02       		.uleb128 0x2
 638 0014 24       		.uleb128 0x24
 639 0015 00       		.byte	0
 640 0016 0B       		.uleb128 0xb
 641 0017 0B       		.uleb128 0xb
 642 0018 3E       		.uleb128 0x3e
 643 0019 0B       		.uleb128 0xb
 644 001a 03       		.uleb128 0x3
 645 001b 0E       		.uleb128 0xe
 646 001c 00       		.byte	0
 647 001d 00       		.byte	0
 648 001e 03       		.uleb128 0x3
 649 001f 16       		.uleb128 0x16
 650 0020 00       		.byte	0
 651 0021 03       		.uleb128 0x3
 652 0022 0E       		.uleb128 0xe
 653 0023 3A       		.uleb128 0x3a
 654 0024 0B       		.uleb128 0xb
 655 0025 3B       		.uleb128 0x3b
 656 0026 0B       		.uleb128 0xb
 657 0027 49       		.uleb128 0x49
 658 0028 13       		.uleb128 0x13
 659 0029 00       		.byte	0
 660 002a 00       		.byte	0
 661 002b 04       		.uleb128 0x4
 662 002c 24       		.uleb128 0x24
 663 002d 00       		.byte	0
 664 002e 0B       		.uleb128 0xb
 665 002f 0B       		.uleb128 0xb
 666 0030 3E       		.uleb128 0x3e
 667 0031 0B       		.uleb128 0xb
 668 0032 03       		.uleb128 0x3
 669 0033 08       		.uleb128 0x8
 670 0034 00       		.byte	0
 671 0035 00       		.byte	0
 672 0036 05       		.uleb128 0x5
 673 0037 13       		.uleb128 0x13
 674 0038 01       		.byte	0x1
 675 0039 03       		.uleb128 0x3
 676 003a 0E       		.uleb128 0xe
 677 003b 0B       		.uleb128 0xb
 678 003c 0B       		.uleb128 0xb
 679 003d 3A       		.uleb128 0x3a
 680 003e 0B       		.uleb128 0xb
 681 003f 3B       		.uleb128 0x3b
 682 0040 0B       		.uleb128 0xb
 683 0041 01       		.uleb128 0x1
 684 0042 13       		.uleb128 0x13
 685 0043 00       		.byte	0
 686 0044 00       		.byte	0
ARM GAS  C:\Users\Dell\AppData\Local\Temp\ccjE71v9.s 			page 14


 687 0045 06       		.uleb128 0x6
 688 0046 0D       		.uleb128 0xd
 689 0047 00       		.byte	0
 690 0048 03       		.uleb128 0x3
 691 0049 0E       		.uleb128 0xe
 692 004a 3A       		.uleb128 0x3a
 693 004b 0B       		.uleb128 0xb
 694 004c 3B       		.uleb128 0x3b
 695 004d 0B       		.uleb128 0xb
 696 004e 49       		.uleb128 0x49
 697 004f 13       		.uleb128 0x13
 698 0050 38       		.uleb128 0x38
 699 0051 0B       		.uleb128 0xb
 700 0052 00       		.byte	0
 701 0053 00       		.byte	0
 702 0054 07       		.uleb128 0x7
 703 0055 2E       		.uleb128 0x2e
 704 0056 01       		.byte	0x1
 705 0057 3F       		.uleb128 0x3f
 706 0058 19       		.uleb128 0x19
 707 0059 03       		.uleb128 0x3
 708 005a 0E       		.uleb128 0xe
 709 005b 3A       		.uleb128 0x3a
 710 005c 0B       		.uleb128 0xb
 711 005d 3B       		.uleb128 0x3b
 712 005e 0B       		.uleb128 0xb
 713 005f 11       		.uleb128 0x11
 714 0060 01       		.uleb128 0x1
 715 0061 12       		.uleb128 0x12
 716 0062 06       		.uleb128 0x6
 717 0063 40       		.uleb128 0x40
 718 0064 18       		.uleb128 0x18
 719 0065 9742     		.uleb128 0x2117
 720 0067 19       		.uleb128 0x19
 721 0068 01       		.uleb128 0x1
 722 0069 13       		.uleb128 0x13
 723 006a 00       		.byte	0
 724 006b 00       		.byte	0
 725 006c 08       		.uleb128 0x8
 726 006d 898201   		.uleb128 0x4109
 727 0070 01       		.byte	0x1
 728 0071 11       		.uleb128 0x11
 729 0072 01       		.uleb128 0x1
 730 0073 31       		.uleb128 0x31
 731 0074 13       		.uleb128 0x13
 732 0075 01       		.uleb128 0x1
 733 0076 13       		.uleb128 0x13
 734 0077 00       		.byte	0
 735 0078 00       		.byte	0
 736 0079 09       		.uleb128 0x9
 737 007a 8A8201   		.uleb128 0x410a
 738 007d 00       		.byte	0
 739 007e 02       		.uleb128 0x2
 740 007f 18       		.uleb128 0x18
 741 0080 9142     		.uleb128 0x2111
 742 0082 18       		.uleb128 0x18
 743 0083 00       		.byte	0
ARM GAS  C:\Users\Dell\AppData\Local\Temp\ccjE71v9.s 			page 15


 744 0084 00       		.byte	0
 745 0085 0A       		.uleb128 0xa
 746 0086 898201   		.uleb128 0x4109
 747 0089 00       		.byte	0
 748 008a 11       		.uleb128 0x11
 749 008b 01       		.uleb128 0x1
 750 008c 31       		.uleb128 0x31
 751 008d 13       		.uleb128 0x13
 752 008e 00       		.byte	0
 753 008f 00       		.byte	0
 754 0090 0B       		.uleb128 0xb
 755 0091 2E       		.uleb128 0x2e
 756 0092 01       		.byte	0x1
 757 0093 3F       		.uleb128 0x3f
 758 0094 19       		.uleb128 0x19
 759 0095 03       		.uleb128 0x3
 760 0096 0E       		.uleb128 0xe
 761 0097 3A       		.uleb128 0x3a
 762 0098 0B       		.uleb128 0xb
 763 0099 3B       		.uleb128 0x3b
 764 009a 0B       		.uleb128 0xb
 765 009b 11       		.uleb128 0x11
 766 009c 01       		.uleb128 0x1
 767 009d 12       		.uleb128 0x12
 768 009e 06       		.uleb128 0x6
 769 009f 40       		.uleb128 0x40
 770 00a0 18       		.uleb128 0x18
 771 00a1 9642     		.uleb128 0x2116
 772 00a3 19       		.uleb128 0x19
 773 00a4 01       		.uleb128 0x1
 774 00a5 13       		.uleb128 0x13
 775 00a6 00       		.byte	0
 776 00a7 00       		.byte	0
 777 00a8 0C       		.uleb128 0xc
 778 00a9 34       		.uleb128 0x34
 779 00aa 00       		.byte	0
 780 00ab 03       		.uleb128 0x3
 781 00ac 0E       		.uleb128 0xe
 782 00ad 3A       		.uleb128 0x3a
 783 00ae 0B       		.uleb128 0xb
 784 00af 3B       		.uleb128 0x3b
 785 00b0 0B       		.uleb128 0xb
 786 00b1 49       		.uleb128 0x49
 787 00b2 13       		.uleb128 0x13
 788 00b3 02       		.uleb128 0x2
 789 00b4 18       		.uleb128 0x18
 790 00b5 00       		.byte	0
 791 00b6 00       		.byte	0
 792 00b7 0D       		.uleb128 0xd
 793 00b8 34       		.uleb128 0x34
 794 00b9 00       		.byte	0
 795 00ba 03       		.uleb128 0x3
 796 00bb 08       		.uleb128 0x8
 797 00bc 3A       		.uleb128 0x3a
 798 00bd 0B       		.uleb128 0xb
 799 00be 3B       		.uleb128 0x3b
 800 00bf 0B       		.uleb128 0xb
ARM GAS  C:\Users\Dell\AppData\Local\Temp\ccjE71v9.s 			page 16


 801 00c0 49       		.uleb128 0x49
 802 00c1 13       		.uleb128 0x13
 803 00c2 02       		.uleb128 0x2
 804 00c3 18       		.uleb128 0x18
 805 00c4 00       		.byte	0
 806 00c5 00       		.byte	0
 807 00c6 0E       		.uleb128 0xe
 808 00c7 01       		.uleb128 0x1
 809 00c8 01       		.byte	0x1
 810 00c9 49       		.uleb128 0x49
 811 00ca 13       		.uleb128 0x13
 812 00cb 01       		.uleb128 0x1
 813 00cc 13       		.uleb128 0x13
 814 00cd 00       		.byte	0
 815 00ce 00       		.byte	0
 816 00cf 0F       		.uleb128 0xf
 817 00d0 21       		.uleb128 0x21
 818 00d1 00       		.byte	0
 819 00d2 49       		.uleb128 0x49
 820 00d3 13       		.uleb128 0x13
 821 00d4 2F       		.uleb128 0x2f
 822 00d5 0B       		.uleb128 0xb
 823 00d6 00       		.byte	0
 824 00d7 00       		.byte	0
 825 00d8 10       		.uleb128 0x10
 826 00d9 34       		.uleb128 0x34
 827 00da 00       		.byte	0
 828 00db 03       		.uleb128 0x3
 829 00dc 0E       		.uleb128 0xe
 830 00dd 3A       		.uleb128 0x3a
 831 00de 0B       		.uleb128 0xb
 832 00df 3B       		.uleb128 0x3b
 833 00e0 05       		.uleb128 0x5
 834 00e1 49       		.uleb128 0x49
 835 00e2 13       		.uleb128 0x13
 836 00e3 3F       		.uleb128 0x3f
 837 00e4 19       		.uleb128 0x19
 838 00e5 3C       		.uleb128 0x3c
 839 00e6 19       		.uleb128 0x19
 840 00e7 00       		.byte	0
 841 00e8 00       		.byte	0
 842 00e9 11       		.uleb128 0x11
 843 00ea 35       		.uleb128 0x35
 844 00eb 00       		.byte	0
 845 00ec 49       		.uleb128 0x49
 846 00ed 13       		.uleb128 0x13
 847 00ee 00       		.byte	0
 848 00ef 00       		.byte	0
 849 00f0 12       		.uleb128 0x12
 850 00f1 2E       		.uleb128 0x2e
 851 00f2 00       		.byte	0
 852 00f3 3F       		.uleb128 0x3f
 853 00f4 19       		.uleb128 0x19
 854 00f5 3C       		.uleb128 0x3c
 855 00f6 19       		.uleb128 0x19
 856 00f7 6E       		.uleb128 0x6e
 857 00f8 0E       		.uleb128 0xe
ARM GAS  C:\Users\Dell\AppData\Local\Temp\ccjE71v9.s 			page 17


 858 00f9 03       		.uleb128 0x3
 859 00fa 0E       		.uleb128 0xe
 860 00fb 3A       		.uleb128 0x3a
 861 00fc 0B       		.uleb128 0xb
 862 00fd 3B       		.uleb128 0x3b
 863 00fe 0B       		.uleb128 0xb
 864 00ff 00       		.byte	0
 865 0100 00       		.byte	0
 866 0101 00       		.byte	0
 867              		.section	.debug_aranges,"",%progbits
 868 0000 24000000 		.4byte	0x24
 869 0004 0200     		.2byte	0x2
 870 0006 00000000 		.4byte	.Ldebug_info0
 871 000a 04       		.byte	0x4
 872 000b 00       		.byte	0
 873 000c 0000     		.2byte	0
 874 000e 0000     		.2byte	0
 875 0010 00000000 		.4byte	.LFB64
 876 0014 12000000 		.4byte	.LFE64-.LFB64
 877 0018 00000000 		.4byte	.LFB65
 878 001c DC000000 		.4byte	.LFE65-.LFB65
 879 0020 00000000 		.4byte	0
 880 0024 00000000 		.4byte	0
 881              		.section	.debug_ranges,"",%progbits
 882              	.Ldebug_ranges0:
 883 0000 00000000 		.4byte	.LFB64
 884 0004 12000000 		.4byte	.LFE64
 885 0008 00000000 		.4byte	.LFB65
 886 000c DC000000 		.4byte	.LFE65
 887 0010 00000000 		.4byte	0
 888 0014 00000000 		.4byte	0
 889              		.section	.debug_line,"",%progbits
 890              	.Ldebug_line0:
 891 0000 10020000 		.section	.debug_str,"MS",%progbits,1
 891      0200D701 
 891      00000201 
 891      FB0E0D00 
 891      01010101 
 892              	.LASF28:
 893 0000 6766785F 		.ascii	"gfx_setTextSize\000"
 893      73657454 
 893      65787453 
 893      697A6500 
 894              	.LASF16:
 895 0010 785F6465 		.ascii	"x_des\000"
 895      7300
 896              	.LASF9:
 897 0016 5F5F696E 		.ascii	"__int32_t\000"
 897      7433325F 
 897      7400
 898              	.LASF23:
 899 0020 726F7461 		.ascii	"rotator_state\000"
 899      746F725F 
 899      73746174 
 899      6500
 900              	.LASF12:
 901 002e 646F7562 		.ascii	"double\000"
ARM GAS  C:\Users\Dell\AppData\Local\Temp\ccjE71v9.s 			page 18


 901      6C6500
 902              	.LASF19:
 903 0035 795F6163 		.ascii	"y_act\000"
 903      7400
 904              	.LASF25:
 905 003b 64697370 		.ascii	"display_clear\000"
 905      6C61795F 
 905      636C6561 
 905      7200
 906              	.LASF11:
 907 0049 666C6F61 		.ascii	"float\000"
 907      7400
 908              	.LASF1:
 909 004f 756E7369 		.ascii	"unsigned char\000"
 909      676E6564 
 909      20636861 
 909      7200
 910              	.LASF33:
 911 005d 474E5520 		.ascii	"GNU C11 5.4.1 20160609 (release) [ARM/embedded-5-br"
 911      43313120 
 911      352E342E 
 911      31203230 
 911      31363036 
 912 0090 616E6368 		.ascii	"anch revision 237715] -mcpu=cortex-m3 -mthumb -g -O"
 912      20726576 
 912      6973696F 
 912      6E203233 
 912      37373135 
 913 00c3 67202D66 		.ascii	"g -ffunction-sections -ffat-lto-objects\000"
 913      66756E63 
 913      74696F6E 
 913      2D736563 
 913      74696F6E 
 914              	.LASF5:
 915 00eb 6C6F6E67 		.ascii	"long unsigned int\000"
 915      20756E73 
 915      69676E65 
 915      6420696E 
 915      7400
 916              	.LASF21:
 917 00fd 486F7269 		.ascii	"Horizon_Init\000"
 917      7A6F6E5F 
 917      496E6974 
 917      00
 918              	.LASF3:
 919 010a 73686F72 		.ascii	"short unsigned int\000"
 919      7420756E 
 919      7369676E 
 919      65642069 
 919      6E7400
 920              	.LASF36:
 921 011d 49544D5F 		.ascii	"ITM_RxBuffer\000"
 921      52784275 
 921      66666572 
 921      00
 922              	.LASF30:
 923 012a 6766785F 		.ascii	"gfx_setCursor\000"
ARM GAS  C:\Users\Dell\AppData\Local\Temp\ccjE71v9.s 			page 19


 923      73657443 
 923      7572736F 
 923      7200
 924              	.LASF22:
 925 0138 486F7269 		.ascii	"Horizon_Render\000"
 925      7A6F6E5F 
 925      52656E64 
 925      657200
 926              	.LASF26:
 927 0147 64697370 		.ascii	"display_update\000"
 927      6C61795F 
 927      75706461 
 927      746500
 928              	.LASF27:
 929 0156 67657452 		.ascii	"getRotation\000"
 929      6F746174 
 929      696F6E00 
 930              	.LASF8:
 931 0162 756E7369 		.ascii	"unsigned int\000"
 931      676E6564 
 931      20696E74 
 931      00
 932              	.LASF20:
 933 016f 524F5441 		.ascii	"ROTATOR_STATE\000"
 933      544F525F 
 933      53544154 
 933      4500
 934              	.LASF7:
 935 017d 6C6F6E67 		.ascii	"long long unsigned int\000"
 935      206C6F6E 
 935      6720756E 
 935      7369676E 
 935      65642069 
 936              	.LASF35:
 937 0194 433A5C55 		.ascii	"C:\\Users\\Dell\\Documents\\GitHub\\PSoC_AntennaRot"
 937      73657273 
 937      5C44656C 
 937      6C5C446F 
 937      63756D65 
 938 01c2 61746F72 		.ascii	"ator\\Workspace01\\AntennaRotator.cydsn\000"
 938      5C576F72 
 938      6B737061 
 938      63653031 
 938      5C416E74 
 939              	.LASF10:
 940 01e8 696E7433 		.ascii	"int32_t\000"
 940      325F7400 
 941              	.LASF15:
 942 01f0 73697A65 		.ascii	"sizetype\000"
 942      74797065 
 942      00
 943              	.LASF6:
 944 01f9 6C6F6E67 		.ascii	"long long int\000"
 944      206C6F6E 
 944      6720696E 
 944      7400
 945              	.LASF13:
ARM GAS  C:\Users\Dell\AppData\Local\Temp\ccjE71v9.s 			page 20


 946 0207 63686172 		.ascii	"char\000"
 946      00
 947              	.LASF34:
 948 020c 526F7461 		.ascii	"RotatorHorizon.c\000"
 948      746F7248 
 948      6F72697A 
 948      6F6E2E63 
 948      00
 949              	.LASF2:
 950 021d 73686F72 		.ascii	"short int\000"
 950      7420696E 
 950      7400
 951              	.LASF32:
 952 0227 6766785F 		.ascii	"gfx_println\000"
 952      7072696E 
 952      746C6E00 
 953              	.LASF4:
 954 0233 6C6F6E67 		.ascii	"long int\000"
 954      20696E74 
 954      00
 955              	.LASF24:
 956 023c 64697370 		.ascii	"display_init\000"
 956      6C61795F 
 956      696E6974 
 956      00
 957              	.LASF14:
 958 0249 6C6F6E67 		.ascii	"long double\000"
 958      20646F75 
 958      626C6500 
 959              	.LASF17:
 960 0255 795F6465 		.ascii	"y_des\000"
 960      7300
 961              	.LASF0:
 962 025b 7369676E 		.ascii	"signed char\000"
 962      65642063 
 962      68617200 
 963              	.LASF29:
 964 0267 6766785F 		.ascii	"gfx_setTextColor\000"
 964      73657454 
 964      65787443 
 964      6F6C6F72 
 964      00
 965              	.LASF31:
 966 0278 73707269 		.ascii	"sprintf\000"
 966      6E746600 
 967              	.LASF18:
 968 0280 785F6163 		.ascii	"x_act\000"
 968      7400
 969              		.ident	"GCC: (GNU Tools for ARM Embedded Processors) 5.4.1 20160609 (release) [ARM/embedded-5-bran
