ARM GAS  C:\Users\Dell\AppData\Local\Temp\ccpzXaYv.s 			page 1


   1              		.syntax unified
   2              		.cpu cortex-m3
   3              		.fpu softvfp
   4              		.eabi_attribute 20, 1
   5              		.eabi_attribute 21, 1
   6              		.eabi_attribute 23, 3
   7              		.eabi_attribute 24, 1
   8              		.eabi_attribute 25, 1
   9              		.eabi_attribute 26, 1
  10              		.eabi_attribute 30, 1
  11              		.eabi_attribute 34, 1
  12              		.eabi_attribute 18, 4
  13              		.thumb
  14              		.syntax unified
  15              		.file	"rotation.c"
  16              		.text
  17              	.Ltext0:
  18              		.cfi_sections	.debug_frame
  19              		.section	.text.getRotation,"ax",%progbits
  20              		.align	2
  21              		.global	getRotation
  22              		.thumb
  23              		.thumb_func
  24              		.type	getRotation, %function
  25              	getRotation:
  26              	.LFB63:
  27              		.file 1 "rotation.c"
   1:rotation.c    **** /* ========================================
   2:rotation.c    ****  *
   3:rotation.c    ****  * Copyright YOUR COMPANY, THE YEAR
   4:rotation.c    ****  * All Rights Reserved
   5:rotation.c    ****  * UNPUBLISHED, LICENSED SOFTWARE.
   6:rotation.c    ****  *
   7:rotation.c    ****  * CONFIDENTIAL AND PROPRIETARY INFORMATION
   8:rotation.c    ****  * WHICH IS THE PROPERTY OF your company.
   9:rotation.c    ****  *
  10:rotation.c    ****  * ========================================
  11:rotation.c    **** */
  12:rotation.c    **** #include "rotation.h"
  13:rotation.c    **** #include "project.h"
  14:rotation.c    **** 
  15:rotation.c    **** static ROTATOR_STATE rotator_state;
  16:rotation.c    **** 
  17:rotation.c    **** ROTATOR_STATE getRotation(){
  28              		.loc 1 17 0
  29              		.cfi_startproc
  30              		@ args = 0, pretend = 0, frame = 0
  31              		@ frame_needed = 0, uses_anonymous_args = 0
  32              		@ link register save eliminated.
  33              	.LVL0:
  34 0000 10B4     		push	{r4}
  35              		.cfi_def_cfa_offset 4
  36              		.cfi_offset 4, -4
  37 0002 0446     		mov	r4, r0
  18:rotation.c    ****     return rotator_state;
  38              		.loc 1 18 0
  39 0004 034B     		ldr	r3, .L3
ARM GAS  C:\Users\Dell\AppData\Local\Temp\ccpzXaYv.s 			page 2


  40 0006 0FCB     		ldmia	r3, {r0, r1, r2, r3}
  41              	.LVL1:
  42 0008 84E80F00 		stmia	r4, {r0, r1, r2, r3}
  19:rotation.c    **** }
  43              		.loc 1 19 0
  44 000c 2046     		mov	r0, r4
  45 000e 10BC     		pop	{r4}
  46              		.cfi_restore 4
  47              		.cfi_def_cfa_offset 0
  48              	.LVL2:
  49 0010 7047     		bx	lr
  50              	.L4:
  51 0012 00BF     		.align	2
  52              	.L3:
  53 0014 00000000 		.word	.LANCHOR0
  54              		.cfi_endproc
  55              	.LFE63:
  56              		.size	getRotation, .-getRotation
  57              		.section	.text.setRotation,"ax",%progbits
  58              		.align	2
  59              		.global	setRotation
  60              		.thumb
  61              		.thumb_func
  62              		.type	setRotation, %function
  63              	setRotation:
  64              	.LFB64:
  20:rotation.c    **** 
  21:rotation.c    **** void setRotation(int x, int y){
  65              		.loc 1 21 0
  66              		.cfi_startproc
  67              		@ args = 0, pretend = 0, frame = 0
  68              		@ frame_needed = 0, uses_anonymous_args = 0
  69              		@ link register save eliminated.
  70              	.LVL3:
  22:rotation.c    ****     if(x < 0){x = 0;} else if(x > 4095){x = 4095;}
  71              		.loc 1 22 0
  72 0000 0028     		cmp	r0, #0
  73 0002 03DB     		blt	.L8
  74              		.loc 1 22 0 is_stmt 0 discriminator 2
  75 0004 B0F5805F 		cmp	r0, #4096
  76 0008 02DA     		bge	.L9
  77 000a 03E0     		b	.L6
  78              	.L8:
  79              		.loc 1 22 0
  80 000c 0020     		movs	r0, #0
  81              	.LVL4:
  82 000e 01E0     		b	.L6
  83              	.LVL5:
  84              	.L9:
  85 0010 40F6FF70 		movw	r0, #4095
  86              	.LVL6:
  87              	.L6:
  23:rotation.c    ****     if(y < 0){y = 0;} else if(y > 4095){y = 4095;}
  88              		.loc 1 23 0 is_stmt 1
  89 0014 0029     		cmp	r1, #0
  90 0016 03DB     		blt	.L10
  91              		.loc 1 23 0 is_stmt 0 discriminator 2
ARM GAS  C:\Users\Dell\AppData\Local\Temp\ccpzXaYv.s 			page 3


  92 0018 B1F5805F 		cmp	r1, #4096
  93 001c 02DA     		bge	.L11
  94 001e 03E0     		b	.L7
  95              	.L10:
  96              		.loc 1 23 0
  97 0020 0021     		movs	r1, #0
  98              	.LVL7:
  99 0022 01E0     		b	.L7
 100              	.LVL8:
 101              	.L11:
 102 0024 40F6FF71 		movw	r1, #4095
 103              	.LVL9:
 104              	.L7:
  24:rotation.c    ****     rotator_state.x_des = x;
 105              		.loc 1 24 0 is_stmt 1
 106 0028 014B     		ldr	r3, .L12
 107 002a 1860     		str	r0, [r3]
  25:rotation.c    ****     rotator_state.y_des = y;
 108              		.loc 1 25 0
 109 002c 5960     		str	r1, [r3, #4]
 110 002e 7047     		bx	lr
 111              	.L13:
 112              		.align	2
 113              	.L12:
 114 0030 00000000 		.word	.LANCHOR0
 115              		.cfi_endproc
 116              	.LFE64:
 117              		.size	setRotation, .-setRotation
 118              		.section	.text.refreshRotation,"ax",%progbits
 119              		.align	2
 120              		.global	refreshRotation
 121              		.thumb
 122              		.thumb_func
 123              		.type	refreshRotation, %function
 124              	refreshRotation:
 125              	.LFB65:
  26:rotation.c    **** }
  27:rotation.c    **** 
  28:rotation.c    **** void refreshRotation(){
 126              		.loc 1 28 0
 127              		.cfi_startproc
 128              		@ args = 0, pretend = 0, frame = 0
 129              		@ frame_needed = 0, uses_anonymous_args = 0
 130 0000 10B5     		push	{r4, lr}
 131              		.cfi_def_cfa_offset 8
 132              		.cfi_offset 4, -8
 133              		.cfi_offset 14, -4
 134              	.LVL10:
  29:rotation.c    ****     uint8 buf[2];
  30:rotation.c    ****     uint8 status = 0;
  31:rotation.c    ****     
  32:rotation.c    ****     //X
  33:rotation.c    ****     I2C_X_MasterClearStatus();
 135              		.loc 1 33 0
 136 0002 FFF7FEFF 		bl	I2C_X_MasterClearStatus
 137              	.LVL11:
  34:rotation.c    ****     status = I2C_X_MasterSendStart(ENCODER_ADDRESS, 0);
ARM GAS  C:\Users\Dell\AppData\Local\Temp\ccpzXaYv.s 			page 4


 138              		.loc 1 34 0
 139 0006 0021     		movs	r1, #0
 140 0008 3620     		movs	r0, #54
 141 000a FFF7FEFF 		bl	I2C_X_MasterSendStart
 142              	.LVL12:
  35:rotation.c    ****     if(I2C_X_MSTR_NO_ERROR == status) /* Check if transfer completed without errors */
 143              		.loc 1 35 0
 144 000e 88B9     		cbnz	r0, .L15
  36:rotation.c    ****     {
  37:rotation.c    ****         /* Read array of 5 bytes */
  38:rotation.c    ****         I2C_X_MasterWriteByte(ENCODER_POS_REG);
 145              		.loc 1 38 0
 146 0010 0E20     		movs	r0, #14
 147              	.LVL13:
 148 0012 FFF7FEFF 		bl	I2C_X_MasterWriteByte
 149              	.LVL14:
  39:rotation.c    ****         I2C_X_MasterSendRestart(ENCODER_ADDRESS, 1);
 150              		.loc 1 39 0
 151 0016 0121     		movs	r1, #1
 152 0018 3620     		movs	r0, #54
 153 001a FFF7FEFF 		bl	I2C_X_MasterSendRestart
 154              	.LVL15:
  40:rotation.c    ****         buf[0] = I2C_X_MasterReadByte(I2C_X_ACK_DATA);
 155              		.loc 1 40 0
 156 001e 0120     		movs	r0, #1
 157 0020 FFF7FEFF 		bl	I2C_X_MasterReadByte
 158              	.LVL16:
 159 0024 0446     		mov	r4, r0
  41:rotation.c    ****         buf[1] = I2C_X_MasterReadByte(I2C_X_NAK_DATA);
 160              		.loc 1 41 0
 161 0026 0020     		movs	r0, #0
 162 0028 FFF7FEFF 		bl	I2C_X_MasterReadByte
 163              	.LVL17:
  42:rotation.c    ****                 
  43:rotation.c    ****         rotator_state.x_act = ((buf[0])<<8) + (buf[1]);
 164              		.loc 1 43 0
 165 002c 00EB0420 		add	r0, r0, r4, lsl #8
 166 0030 114B     		ldr	r3, .L18
 167 0032 9860     		str	r0, [r3, #8]
 168              	.L15:
  44:rotation.c    ****     }
  45:rotation.c    ****     I2C_X_MasterSendStop(); /* Send Stop */
 169              		.loc 1 45 0
 170 0034 FFF7FEFF 		bl	I2C_X_MasterSendStop
 171              	.LVL18:
  46:rotation.c    ****     
  47:rotation.c    ****     //Y
  48:rotation.c    ****     I2C_Y_MasterClearStatus();
 172              		.loc 1 48 0
 173 0038 FFF7FEFF 		bl	I2C_Y_MasterClearStatus
 174              	.LVL19:
  49:rotation.c    ****     status = I2C_Y_MasterSendStart(ENCODER_ADDRESS, 0);
 175              		.loc 1 49 0
 176 003c 0021     		movs	r1, #0
 177 003e 3620     		movs	r0, #54
 178 0040 FFF7FEFF 		bl	I2C_Y_MasterSendStart
 179              	.LVL20:
ARM GAS  C:\Users\Dell\AppData\Local\Temp\ccpzXaYv.s 			page 5


  50:rotation.c    ****     if(I2C_Y_MSTR_NO_ERROR == status) /* Check if transfer completed without errors */
 180              		.loc 1 50 0
 181 0044 A0B9     		cbnz	r0, .L16
  51:rotation.c    ****     {
  52:rotation.c    ****         /* Read array of 5 bytes */
  53:rotation.c    ****         I2C_Y_MasterWriteByte(ENCODER_POS_REG);
 182              		.loc 1 53 0
 183 0046 0E20     		movs	r0, #14
 184              	.LVL21:
 185 0048 FFF7FEFF 		bl	I2C_Y_MasterWriteByte
 186              	.LVL22:
  54:rotation.c    ****         I2C_Y_MasterSendRestart(ENCODER_ADDRESS, 1);
 187              		.loc 1 54 0
 188 004c 0121     		movs	r1, #1
 189 004e 3620     		movs	r0, #54
 190 0050 FFF7FEFF 		bl	I2C_Y_MasterSendRestart
 191              	.LVL23:
  55:rotation.c    ****         buf[0] = I2C_Y_MasterReadByte(I2C_X_ACK_DATA);
 192              		.loc 1 55 0
 193 0054 0120     		movs	r0, #1
 194 0056 FFF7FEFF 		bl	I2C_Y_MasterReadByte
 195              	.LVL24:
 196 005a 0446     		mov	r4, r0
  56:rotation.c    ****         buf[1] = I2C_Y_MasterReadByte(I2C_X_NAK_DATA);
 197              		.loc 1 56 0
 198 005c 0020     		movs	r0, #0
 199 005e FFF7FEFF 		bl	I2C_Y_MasterReadByte
 200              	.LVL25:
  57:rotation.c    ****                 
  58:rotation.c    ****         rotator_state.y_act = (((buf[0])<<8) + (buf[1]))/2;// /2 is neccessary because the sensor o
 201              		.loc 1 58 0
 202 0062 00EB0420 		add	r0, r0, r4, lsl #8
 203 0066 00EBD070 		add	r0, r0, r0, lsr #31
 204 006a 4010     		asrs	r0, r0, #1
 205 006c 024B     		ldr	r3, .L18
 206 006e D860     		str	r0, [r3, #12]
 207              	.L16:
  59:rotation.c    ****     }
  60:rotation.c    ****     I2C_Y_MasterSendStop(); /* Send Stop */
 208              		.loc 1 60 0
 209 0070 FFF7FEFF 		bl	I2C_Y_MasterSendStop
 210              	.LVL26:
 211 0074 10BD     		pop	{r4, pc}
 212              	.L19:
 213 0076 00BF     		.align	2
 214              	.L18:
 215 0078 00000000 		.word	.LANCHOR0
 216              		.cfi_endproc
 217              	.LFE65:
 218              		.size	refreshRotation, .-refreshRotation
 219              		.bss
 220              		.align	2
 221              		.set	.LANCHOR0,. + 0
 222              		.type	rotator_state, %object
 223              		.size	rotator_state, 16
 224              	rotator_state:
 225 0000 00000000 		.space	16
ARM GAS  C:\Users\Dell\AppData\Local\Temp\ccpzXaYv.s 			page 6


 225      00000000 
 225      00000000 
 225      00000000 
 226              		.text
 227              	.Letext0:
 228              		.file 2 "rotation.h"
 229              		.file 3 "c:\\program files (x86)\\cypress\\psoc creator\\4.4\\psoc creator\\import\\gnu\\arm\\5.4.
 230              		.file 4 "c:\\program files (x86)\\cypress\\psoc creator\\4.4\\psoc creator\\import\\gnu\\arm\\5.4.
 231              		.file 5 "Generated_Source\\PSoC5/cytypes.h"
 232              		.file 6 "Generated_Source\\PSoC5/I2C_X.h"
 233              		.file 7 "Generated_Source\\PSoC5/I2C_Y.h"
 234              		.file 8 "Generated_Source\\PSoC5/core_cm3.h"
 235              		.section	.debug_info,"",%progbits
 236              	.Ldebug_info0:
 237 0000 1A030000 		.4byte	0x31a
 238 0004 0400     		.2byte	0x4
 239 0006 00000000 		.4byte	.Ldebug_abbrev0
 240 000a 04       		.byte	0x4
 241 000b 01       		.uleb128 0x1
 242 000c AF000000 		.4byte	.LASF36
 243 0010 0C       		.byte	0xc
 244 0011 69000000 		.4byte	.LASF37
 245 0015 87010000 		.4byte	.LASF38
 246 0019 00000000 		.4byte	.Ldebug_ranges0+0
 247 001d 00000000 		.4byte	0
 248 0021 00000000 		.4byte	.Ldebug_line0
 249 0025 02       		.uleb128 0x2
 250 0026 FB010000 		.4byte	.LASF8
 251 002a 10       		.byte	0x10
 252 002b 02       		.byte	0x2
 253 002c 2C       		.byte	0x2c
 254 002d 62000000 		.4byte	0x62
 255 0031 03       		.uleb128 0x3
 256 0032 4B020000 		.4byte	.LASF0
 257 0036 02       		.byte	0x2
 258 0037 2D       		.byte	0x2d
 259 0038 62000000 		.4byte	0x62
 260 003c 00       		.byte	0
 261 003d 03       		.uleb128 0x3
 262 003e FF020000 		.4byte	.LASF1
 263 0042 02       		.byte	0x2
 264 0043 2E       		.byte	0x2e
 265 0044 62000000 		.4byte	0x62
 266 0048 04       		.byte	0x4
 267 0049 03       		.uleb128 0x3
 268 004a 11030000 		.4byte	.LASF2
 269 004e 02       		.byte	0x2
 270 004f 2F       		.byte	0x2f
 271 0050 62000000 		.4byte	0x62
 272 0054 08       		.byte	0x8
 273 0055 03       		.uleb128 0x3
 274 0056 63000000 		.4byte	.LASF3
 275 005a 02       		.byte	0x2
 276 005b 30       		.byte	0x30
 277 005c 62000000 		.4byte	0x62
 278 0060 0C       		.byte	0xc
 279 0061 00       		.byte	0
ARM GAS  C:\Users\Dell\AppData\Local\Temp\ccpzXaYv.s 			page 7


 280 0062 04       		.uleb128 0x4
 281 0063 04       		.byte	0x4
 282 0064 05       		.byte	0x5
 283 0065 696E7400 		.ascii	"int\000"
 284 0069 05       		.uleb128 0x5
 285 006a FB010000 		.4byte	.LASF8
 286 006e 02       		.byte	0x2
 287 006f 31       		.byte	0x31
 288 0070 25000000 		.4byte	0x25
 289 0074 06       		.uleb128 0x6
 290 0075 01       		.byte	0x1
 291 0076 06       		.byte	0x6
 292 0077 05030000 		.4byte	.LASF4
 293 007b 06       		.uleb128 0x6
 294 007c 01       		.byte	0x1
 295 007d 08       		.byte	0x8
 296 007e A1000000 		.4byte	.LASF5
 297 0082 06       		.uleb128 0x6
 298 0083 02       		.byte	0x2
 299 0084 05       		.byte	0x5
 300 0085 99020000 		.4byte	.LASF6
 301 0089 06       		.uleb128 0x6
 302 008a 02       		.byte	0x2
 303 008b 07       		.byte	0x7
 304 008c 67010000 		.4byte	.LASF7
 305 0090 05       		.uleb128 0x5
 306 0091 1E000000 		.4byte	.LASF9
 307 0095 03       		.byte	0x3
 308 0096 3F       		.byte	0x3f
 309 0097 9B000000 		.4byte	0x9b
 310 009b 06       		.uleb128 0x6
 311 009c 04       		.byte	0x4
 312 009d 05       		.byte	0x5
 313 009e EA020000 		.4byte	.LASF10
 314 00a2 06       		.uleb128 0x6
 315 00a3 04       		.byte	0x4
 316 00a4 07       		.byte	0x7
 317 00a5 55010000 		.4byte	.LASF11
 318 00a9 06       		.uleb128 0x6
 319 00aa 08       		.byte	0x8
 320 00ab 05       		.byte	0x5
 321 00ac 69020000 		.4byte	.LASF12
 322 00b0 06       		.uleb128 0x6
 323 00b1 08       		.byte	0x8
 324 00b2 07       		.byte	0x7
 325 00b3 1F020000 		.4byte	.LASF13
 326 00b7 06       		.uleb128 0x6
 327 00b8 04       		.byte	0x4
 328 00b9 07       		.byte	0x7
 329 00ba EE010000 		.4byte	.LASF14
 330 00be 05       		.uleb128 0x5
 331 00bf 85020000 		.4byte	.LASF15
 332 00c3 04       		.byte	0x4
 333 00c4 2C       		.byte	0x2c
 334 00c5 90000000 		.4byte	0x90
 335 00c9 07       		.uleb128 0x7
 336 00ca B8020000 		.4byte	.LASF16
ARM GAS  C:\Users\Dell\AppData\Local\Temp\ccpzXaYv.s 			page 8


 337 00ce 05       		.byte	0x5
 338 00cf E801     		.2byte	0x1e8
 339 00d1 7B000000 		.4byte	0x7b
 340 00d5 06       		.uleb128 0x6
 341 00d6 04       		.byte	0x4
 342 00d7 04       		.byte	0x4
 343 00d8 18000000 		.4byte	.LASF17
 344 00dc 06       		.uleb128 0x6
 345 00dd 08       		.byte	0x8
 346 00de 04       		.byte	0x4
 347 00df DB010000 		.4byte	.LASF18
 348 00e3 06       		.uleb128 0x6
 349 00e4 01       		.byte	0x1
 350 00e5 08       		.byte	0x8
 351 00e6 80020000 		.4byte	.LASF19
 352 00ea 06       		.uleb128 0x6
 353 00eb 08       		.byte	0x8
 354 00ec 04       		.byte	0x4
 355 00ed F3020000 		.4byte	.LASF20
 356 00f1 06       		.uleb128 0x6
 357 00f2 04       		.byte	0x4
 358 00f3 07       		.byte	0x7
 359 00f4 77020000 		.4byte	.LASF21
 360 00f8 08       		.uleb128 0x8
 361 00f9 E2010000 		.4byte	.LASF39
 362 00fd 01       		.byte	0x1
 363 00fe 11       		.byte	0x11
 364 00ff 69000000 		.4byte	0x69
 365 0103 00000000 		.4byte	.LFB63
 366 0107 18000000 		.4byte	.LFE63-.LFB63
 367 010b 01       		.uleb128 0x1
 368 010c 9C       		.byte	0x9c
 369 010d 09       		.uleb128 0x9
 370 010e 8D020000 		.4byte	.LASF40
 371 0112 01       		.byte	0x1
 372 0113 15       		.byte	0x15
 373 0114 00000000 		.4byte	.LFB64
 374 0118 34000000 		.4byte	.LFE64-.LFB64
 375 011c 01       		.uleb128 0x1
 376 011d 9C       		.byte	0x9c
 377 011e 3D010000 		.4byte	0x13d
 378 0122 0A       		.uleb128 0xa
 379 0123 7800     		.ascii	"x\000"
 380 0125 01       		.byte	0x1
 381 0126 15       		.byte	0x15
 382 0127 62000000 		.4byte	0x62
 383 012b 00000000 		.4byte	.LLST0
 384 012f 0A       		.uleb128 0xa
 385 0130 7900     		.ascii	"y\000"
 386 0132 01       		.byte	0x1
 387 0133 15       		.byte	0x15
 388 0134 62000000 		.4byte	0x62
 389 0138 2C000000 		.4byte	.LLST1
 390 013c 00       		.byte	0
 391 013d 0B       		.uleb128 0xb
 392 013e 36000000 		.4byte	.LASF41
 393 0142 01       		.byte	0x1
ARM GAS  C:\Users\Dell\AppData\Local\Temp\ccpzXaYv.s 			page 9


 394 0143 1C       		.byte	0x1c
 395 0144 00000000 		.4byte	.LFB65
 396 0148 7C000000 		.4byte	.LFE65-.LFB65
 397 014c 01       		.uleb128 0x1
 398 014d 9C       		.byte	0x9c
 399 014e 67020000 		.4byte	0x267
 400 0152 0C       		.uleb128 0xc
 401 0153 62756600 		.ascii	"buf\000"
 402 0157 01       		.byte	0x1
 403 0158 1D       		.byte	0x1d
 404 0159 67020000 		.4byte	0x267
 405 015d 0D       		.uleb128 0xd
 406 015e 46000000 		.4byte	.LASF22
 407 0162 01       		.byte	0x1
 408 0163 1E       		.byte	0x1e
 409 0164 C9000000 		.4byte	0xc9
 410 0168 58000000 		.4byte	.LLST2
 411 016c 0E       		.uleb128 0xe
 412 016d 06000000 		.4byte	.LVL11
 413 0171 99020000 		.4byte	0x299
 414 0175 0F       		.uleb128 0xf
 415 0176 0E000000 		.4byte	.LVL12
 416 017a A4020000 		.4byte	0x2a4
 417 017e 8E010000 		.4byte	0x18e
 418 0182 10       		.uleb128 0x10
 419 0183 01       		.uleb128 0x1
 420 0184 50       		.byte	0x50
 421 0185 02       		.uleb128 0x2
 422 0186 08       		.byte	0x8
 423 0187 36       		.byte	0x36
 424 0188 10       		.uleb128 0x10
 425 0189 01       		.uleb128 0x1
 426 018a 51       		.byte	0x51
 427 018b 01       		.uleb128 0x1
 428 018c 30       		.byte	0x30
 429 018d 00       		.byte	0
 430 018e 0F       		.uleb128 0xf
 431 018f 16000000 		.4byte	.LVL14
 432 0193 AF020000 		.4byte	0x2af
 433 0197 A1010000 		.4byte	0x1a1
 434 019b 10       		.uleb128 0x10
 435 019c 01       		.uleb128 0x1
 436 019d 50       		.byte	0x50
 437 019e 01       		.uleb128 0x1
 438 019f 3E       		.byte	0x3e
 439 01a0 00       		.byte	0
 440 01a1 0F       		.uleb128 0xf
 441 01a2 1E000000 		.4byte	.LVL15
 442 01a6 BA020000 		.4byte	0x2ba
 443 01aa BA010000 		.4byte	0x1ba
 444 01ae 10       		.uleb128 0x10
 445 01af 01       		.uleb128 0x1
 446 01b0 50       		.byte	0x50
 447 01b1 02       		.uleb128 0x2
 448 01b2 08       		.byte	0x8
 449 01b3 36       		.byte	0x36
 450 01b4 10       		.uleb128 0x10
ARM GAS  C:\Users\Dell\AppData\Local\Temp\ccpzXaYv.s 			page 10


 451 01b5 01       		.uleb128 0x1
 452 01b6 51       		.byte	0x51
 453 01b7 01       		.uleb128 0x1
 454 01b8 31       		.byte	0x31
 455 01b9 00       		.byte	0
 456 01ba 0F       		.uleb128 0xf
 457 01bb 24000000 		.4byte	.LVL16
 458 01bf C5020000 		.4byte	0x2c5
 459 01c3 CD010000 		.4byte	0x1cd
 460 01c7 10       		.uleb128 0x10
 461 01c8 01       		.uleb128 0x1
 462 01c9 50       		.byte	0x50
 463 01ca 01       		.uleb128 0x1
 464 01cb 31       		.byte	0x31
 465 01cc 00       		.byte	0
 466 01cd 0F       		.uleb128 0xf
 467 01ce 2C000000 		.4byte	.LVL17
 468 01d2 C5020000 		.4byte	0x2c5
 469 01d6 E0010000 		.4byte	0x1e0
 470 01da 10       		.uleb128 0x10
 471 01db 01       		.uleb128 0x1
 472 01dc 50       		.byte	0x50
 473 01dd 01       		.uleb128 0x1
 474 01de 30       		.byte	0x30
 475 01df 00       		.byte	0
 476 01e0 0E       		.uleb128 0xe
 477 01e1 38000000 		.4byte	.LVL18
 478 01e5 D0020000 		.4byte	0x2d0
 479 01e9 0E       		.uleb128 0xe
 480 01ea 3C000000 		.4byte	.LVL19
 481 01ee DB020000 		.4byte	0x2db
 482 01f2 0F       		.uleb128 0xf
 483 01f3 44000000 		.4byte	.LVL20
 484 01f7 E6020000 		.4byte	0x2e6
 485 01fb 0B020000 		.4byte	0x20b
 486 01ff 10       		.uleb128 0x10
 487 0200 01       		.uleb128 0x1
 488 0201 50       		.byte	0x50
 489 0202 02       		.uleb128 0x2
 490 0203 08       		.byte	0x8
 491 0204 36       		.byte	0x36
 492 0205 10       		.uleb128 0x10
 493 0206 01       		.uleb128 0x1
 494 0207 51       		.byte	0x51
 495 0208 01       		.uleb128 0x1
 496 0209 30       		.byte	0x30
 497 020a 00       		.byte	0
 498 020b 0F       		.uleb128 0xf
 499 020c 4C000000 		.4byte	.LVL22
 500 0210 F1020000 		.4byte	0x2f1
 501 0214 1E020000 		.4byte	0x21e
 502 0218 10       		.uleb128 0x10
 503 0219 01       		.uleb128 0x1
 504 021a 50       		.byte	0x50
 505 021b 01       		.uleb128 0x1
 506 021c 3E       		.byte	0x3e
 507 021d 00       		.byte	0
ARM GAS  C:\Users\Dell\AppData\Local\Temp\ccpzXaYv.s 			page 11


 508 021e 0F       		.uleb128 0xf
 509 021f 54000000 		.4byte	.LVL23
 510 0223 FC020000 		.4byte	0x2fc
 511 0227 37020000 		.4byte	0x237
 512 022b 10       		.uleb128 0x10
 513 022c 01       		.uleb128 0x1
 514 022d 50       		.byte	0x50
 515 022e 02       		.uleb128 0x2
 516 022f 08       		.byte	0x8
 517 0230 36       		.byte	0x36
 518 0231 10       		.uleb128 0x10
 519 0232 01       		.uleb128 0x1
 520 0233 51       		.byte	0x51
 521 0234 01       		.uleb128 0x1
 522 0235 31       		.byte	0x31
 523 0236 00       		.byte	0
 524 0237 0F       		.uleb128 0xf
 525 0238 5A000000 		.4byte	.LVL24
 526 023c 07030000 		.4byte	0x307
 527 0240 4A020000 		.4byte	0x24a
 528 0244 10       		.uleb128 0x10
 529 0245 01       		.uleb128 0x1
 530 0246 50       		.byte	0x50
 531 0247 01       		.uleb128 0x1
 532 0248 31       		.byte	0x31
 533 0249 00       		.byte	0
 534 024a 0F       		.uleb128 0xf
 535 024b 62000000 		.4byte	.LVL25
 536 024f 07030000 		.4byte	0x307
 537 0253 5D020000 		.4byte	0x25d
 538 0257 10       		.uleb128 0x10
 539 0258 01       		.uleb128 0x1
 540 0259 50       		.byte	0x50
 541 025a 01       		.uleb128 0x1
 542 025b 30       		.byte	0x30
 543 025c 00       		.byte	0
 544 025d 0E       		.uleb128 0xe
 545 025e 74000000 		.4byte	.LVL26
 546 0262 12030000 		.4byte	0x312
 547 0266 00       		.byte	0
 548 0267 11       		.uleb128 0x11
 549 0268 C9000000 		.4byte	0xc9
 550 026c 77020000 		.4byte	0x277
 551 0270 12       		.uleb128 0x12
 552 0271 F1000000 		.4byte	0xf1
 553 0275 01       		.byte	0x1
 554 0276 00       		.byte	0
 555 0277 13       		.uleb128 0x13
 556 0278 28000000 		.4byte	.LASF23
 557 027c 01       		.byte	0x1
 558 027d 0F       		.byte	0xf
 559 027e 69000000 		.4byte	0x69
 560 0282 05       		.uleb128 0x5
 561 0283 03       		.byte	0x3
 562 0284 00000000 		.4byte	rotator_state
 563 0288 14       		.uleb128 0x14
 564 0289 7A010000 		.4byte	.LASF42
ARM GAS  C:\Users\Dell\AppData\Local\Temp\ccpzXaYv.s 			page 12


 565 028d 08       		.byte	0x8
 566 028e 1207     		.2byte	0x712
 567 0290 94020000 		.4byte	0x294
 568 0294 15       		.uleb128 0x15
 569 0295 BE000000 		.4byte	0xbe
 570 0299 16       		.uleb128 0x16
 571 029a 89000000 		.4byte	.LASF24
 572 029e 89000000 		.4byte	.LASF24
 573 02a2 06       		.byte	0x6
 574 02a3 A4       		.byte	0xa4
 575 02a4 16       		.uleb128 0x16
 576 02a5 D4020000 		.4byte	.LASF25
 577 02a9 D4020000 		.4byte	.LASF25
 578 02ad 06       		.byte	0x6
 579 02ae B1       		.byte	0xb1
 580 02af 16       		.uleb128 0x16
 581 02b0 BE020000 		.4byte	.LASF26
 582 02b4 BE020000 		.4byte	.LASF26
 583 02b8 06       		.byte	0x6
 584 02b9 B6       		.byte	0xb6
 585 02ba 16       		.uleb128 0x16
 586 02bb 00000000 		.4byte	.LASF27
 587 02bf 00000000 		.4byte	.LASF27
 588 02c3 06       		.byte	0x6
 589 02c4 B3       		.byte	0xb3
 590 02c5 16       		.uleb128 0x16
 591 02c6 A3020000 		.4byte	.LASF28
 592 02ca A3020000 		.4byte	.LASF28
 593 02ce 06       		.byte	0x6
 594 02cf B7       		.byte	0xb7
 595 02d0 16       		.uleb128 0x16
 596 02d1 36020000 		.4byte	.LASF29
 597 02d5 36020000 		.4byte	.LASF29
 598 02d9 06       		.byte	0x6
 599 02da B5       		.byte	0xb5
 600 02db 16       		.uleb128 0x16
 601 02dc 3D010000 		.4byte	.LASF30
 602 02e0 3D010000 		.4byte	.LASF30
 603 02e4 07       		.byte	0x7
 604 02e5 A4       		.byte	0xa4
 605 02e6 16       		.uleb128 0x16
 606 02e7 09020000 		.4byte	.LASF31
 607 02eb 09020000 		.4byte	.LASF31
 608 02ef 07       		.byte	0x7
 609 02f0 B1       		.byte	0xb1
 610 02f1 16       		.uleb128 0x16
 611 02f2 4D000000 		.4byte	.LASF32
 612 02f6 4D000000 		.4byte	.LASF32
 613 02fa 07       		.byte	0x7
 614 02fb B6       		.byte	0xb6
 615 02fc 16       		.uleb128 0x16
 616 02fd 51020000 		.4byte	.LASF33
 617 0301 51020000 		.4byte	.LASF33
 618 0305 07       		.byte	0x7
 619 0306 B3       		.byte	0xb3
 620 0307 16       		.uleb128 0x16
 621 0308 17030000 		.4byte	.LASF34
ARM GAS  C:\Users\Dell\AppData\Local\Temp\ccpzXaYv.s 			page 13


 622 030c 17030000 		.4byte	.LASF34
 623 0310 07       		.byte	0x7
 624 0311 B7       		.byte	0xb7
 625 0312 16       		.uleb128 0x16
 626 0313 74000000 		.4byte	.LASF35
 627 0317 74000000 		.4byte	.LASF35
 628 031b 07       		.byte	0x7
 629 031c B5       		.byte	0xb5
 630 031d 00       		.byte	0
 631              		.section	.debug_abbrev,"",%progbits
 632              	.Ldebug_abbrev0:
 633 0000 01       		.uleb128 0x1
 634 0001 11       		.uleb128 0x11
 635 0002 01       		.byte	0x1
 636 0003 25       		.uleb128 0x25
 637 0004 0E       		.uleb128 0xe
 638 0005 13       		.uleb128 0x13
 639 0006 0B       		.uleb128 0xb
 640 0007 03       		.uleb128 0x3
 641 0008 0E       		.uleb128 0xe
 642 0009 1B       		.uleb128 0x1b
 643 000a 0E       		.uleb128 0xe
 644 000b 55       		.uleb128 0x55
 645 000c 17       		.uleb128 0x17
 646 000d 11       		.uleb128 0x11
 647 000e 01       		.uleb128 0x1
 648 000f 10       		.uleb128 0x10
 649 0010 17       		.uleb128 0x17
 650 0011 00       		.byte	0
 651 0012 00       		.byte	0
 652 0013 02       		.uleb128 0x2
 653 0014 13       		.uleb128 0x13
 654 0015 01       		.byte	0x1
 655 0016 03       		.uleb128 0x3
 656 0017 0E       		.uleb128 0xe
 657 0018 0B       		.uleb128 0xb
 658 0019 0B       		.uleb128 0xb
 659 001a 3A       		.uleb128 0x3a
 660 001b 0B       		.uleb128 0xb
 661 001c 3B       		.uleb128 0x3b
 662 001d 0B       		.uleb128 0xb
 663 001e 01       		.uleb128 0x1
 664 001f 13       		.uleb128 0x13
 665 0020 00       		.byte	0
 666 0021 00       		.byte	0
 667 0022 03       		.uleb128 0x3
 668 0023 0D       		.uleb128 0xd
 669 0024 00       		.byte	0
 670 0025 03       		.uleb128 0x3
 671 0026 0E       		.uleb128 0xe
 672 0027 3A       		.uleb128 0x3a
 673 0028 0B       		.uleb128 0xb
 674 0029 3B       		.uleb128 0x3b
 675 002a 0B       		.uleb128 0xb
 676 002b 49       		.uleb128 0x49
 677 002c 13       		.uleb128 0x13
 678 002d 38       		.uleb128 0x38
ARM GAS  C:\Users\Dell\AppData\Local\Temp\ccpzXaYv.s 			page 14


 679 002e 0B       		.uleb128 0xb
 680 002f 00       		.byte	0
 681 0030 00       		.byte	0
 682 0031 04       		.uleb128 0x4
 683 0032 24       		.uleb128 0x24
 684 0033 00       		.byte	0
 685 0034 0B       		.uleb128 0xb
 686 0035 0B       		.uleb128 0xb
 687 0036 3E       		.uleb128 0x3e
 688 0037 0B       		.uleb128 0xb
 689 0038 03       		.uleb128 0x3
 690 0039 08       		.uleb128 0x8
 691 003a 00       		.byte	0
 692 003b 00       		.byte	0
 693 003c 05       		.uleb128 0x5
 694 003d 16       		.uleb128 0x16
 695 003e 00       		.byte	0
 696 003f 03       		.uleb128 0x3
 697 0040 0E       		.uleb128 0xe
 698 0041 3A       		.uleb128 0x3a
 699 0042 0B       		.uleb128 0xb
 700 0043 3B       		.uleb128 0x3b
 701 0044 0B       		.uleb128 0xb
 702 0045 49       		.uleb128 0x49
 703 0046 13       		.uleb128 0x13
 704 0047 00       		.byte	0
 705 0048 00       		.byte	0
 706 0049 06       		.uleb128 0x6
 707 004a 24       		.uleb128 0x24
 708 004b 00       		.byte	0
 709 004c 0B       		.uleb128 0xb
 710 004d 0B       		.uleb128 0xb
 711 004e 3E       		.uleb128 0x3e
 712 004f 0B       		.uleb128 0xb
 713 0050 03       		.uleb128 0x3
 714 0051 0E       		.uleb128 0xe
 715 0052 00       		.byte	0
 716 0053 00       		.byte	0
 717 0054 07       		.uleb128 0x7
 718 0055 16       		.uleb128 0x16
 719 0056 00       		.byte	0
 720 0057 03       		.uleb128 0x3
 721 0058 0E       		.uleb128 0xe
 722 0059 3A       		.uleb128 0x3a
 723 005a 0B       		.uleb128 0xb
 724 005b 3B       		.uleb128 0x3b
 725 005c 05       		.uleb128 0x5
 726 005d 49       		.uleb128 0x49
 727 005e 13       		.uleb128 0x13
 728 005f 00       		.byte	0
 729 0060 00       		.byte	0
 730 0061 08       		.uleb128 0x8
 731 0062 2E       		.uleb128 0x2e
 732 0063 00       		.byte	0
 733 0064 3F       		.uleb128 0x3f
 734 0065 19       		.uleb128 0x19
 735 0066 03       		.uleb128 0x3
ARM GAS  C:\Users\Dell\AppData\Local\Temp\ccpzXaYv.s 			page 15


 736 0067 0E       		.uleb128 0xe
 737 0068 3A       		.uleb128 0x3a
 738 0069 0B       		.uleb128 0xb
 739 006a 3B       		.uleb128 0x3b
 740 006b 0B       		.uleb128 0xb
 741 006c 49       		.uleb128 0x49
 742 006d 13       		.uleb128 0x13
 743 006e 11       		.uleb128 0x11
 744 006f 01       		.uleb128 0x1
 745 0070 12       		.uleb128 0x12
 746 0071 06       		.uleb128 0x6
 747 0072 40       		.uleb128 0x40
 748 0073 18       		.uleb128 0x18
 749 0074 9742     		.uleb128 0x2117
 750 0076 19       		.uleb128 0x19
 751 0077 00       		.byte	0
 752 0078 00       		.byte	0
 753 0079 09       		.uleb128 0x9
 754 007a 2E       		.uleb128 0x2e
 755 007b 01       		.byte	0x1
 756 007c 3F       		.uleb128 0x3f
 757 007d 19       		.uleb128 0x19
 758 007e 03       		.uleb128 0x3
 759 007f 0E       		.uleb128 0xe
 760 0080 3A       		.uleb128 0x3a
 761 0081 0B       		.uleb128 0xb
 762 0082 3B       		.uleb128 0x3b
 763 0083 0B       		.uleb128 0xb
 764 0084 27       		.uleb128 0x27
 765 0085 19       		.uleb128 0x19
 766 0086 11       		.uleb128 0x11
 767 0087 01       		.uleb128 0x1
 768 0088 12       		.uleb128 0x12
 769 0089 06       		.uleb128 0x6
 770 008a 40       		.uleb128 0x40
 771 008b 18       		.uleb128 0x18
 772 008c 9742     		.uleb128 0x2117
 773 008e 19       		.uleb128 0x19
 774 008f 01       		.uleb128 0x1
 775 0090 13       		.uleb128 0x13
 776 0091 00       		.byte	0
 777 0092 00       		.byte	0
 778 0093 0A       		.uleb128 0xa
 779 0094 05       		.uleb128 0x5
 780 0095 00       		.byte	0
 781 0096 03       		.uleb128 0x3
 782 0097 08       		.uleb128 0x8
 783 0098 3A       		.uleb128 0x3a
 784 0099 0B       		.uleb128 0xb
 785 009a 3B       		.uleb128 0x3b
 786 009b 0B       		.uleb128 0xb
 787 009c 49       		.uleb128 0x49
 788 009d 13       		.uleb128 0x13
 789 009e 02       		.uleb128 0x2
 790 009f 17       		.uleb128 0x17
 791 00a0 00       		.byte	0
 792 00a1 00       		.byte	0
ARM GAS  C:\Users\Dell\AppData\Local\Temp\ccpzXaYv.s 			page 16


 793 00a2 0B       		.uleb128 0xb
 794 00a3 2E       		.uleb128 0x2e
 795 00a4 01       		.byte	0x1
 796 00a5 3F       		.uleb128 0x3f
 797 00a6 19       		.uleb128 0x19
 798 00a7 03       		.uleb128 0x3
 799 00a8 0E       		.uleb128 0xe
 800 00a9 3A       		.uleb128 0x3a
 801 00aa 0B       		.uleb128 0xb
 802 00ab 3B       		.uleb128 0x3b
 803 00ac 0B       		.uleb128 0xb
 804 00ad 11       		.uleb128 0x11
 805 00ae 01       		.uleb128 0x1
 806 00af 12       		.uleb128 0x12
 807 00b0 06       		.uleb128 0x6
 808 00b1 40       		.uleb128 0x40
 809 00b2 18       		.uleb128 0x18
 810 00b3 9742     		.uleb128 0x2117
 811 00b5 19       		.uleb128 0x19
 812 00b6 01       		.uleb128 0x1
 813 00b7 13       		.uleb128 0x13
 814 00b8 00       		.byte	0
 815 00b9 00       		.byte	0
 816 00ba 0C       		.uleb128 0xc
 817 00bb 34       		.uleb128 0x34
 818 00bc 00       		.byte	0
 819 00bd 03       		.uleb128 0x3
 820 00be 08       		.uleb128 0x8
 821 00bf 3A       		.uleb128 0x3a
 822 00c0 0B       		.uleb128 0xb
 823 00c1 3B       		.uleb128 0x3b
 824 00c2 0B       		.uleb128 0xb
 825 00c3 49       		.uleb128 0x49
 826 00c4 13       		.uleb128 0x13
 827 00c5 00       		.byte	0
 828 00c6 00       		.byte	0
 829 00c7 0D       		.uleb128 0xd
 830 00c8 34       		.uleb128 0x34
 831 00c9 00       		.byte	0
 832 00ca 03       		.uleb128 0x3
 833 00cb 0E       		.uleb128 0xe
 834 00cc 3A       		.uleb128 0x3a
 835 00cd 0B       		.uleb128 0xb
 836 00ce 3B       		.uleb128 0x3b
 837 00cf 0B       		.uleb128 0xb
 838 00d0 49       		.uleb128 0x49
 839 00d1 13       		.uleb128 0x13
 840 00d2 02       		.uleb128 0x2
 841 00d3 17       		.uleb128 0x17
 842 00d4 00       		.byte	0
 843 00d5 00       		.byte	0
 844 00d6 0E       		.uleb128 0xe
 845 00d7 898201   		.uleb128 0x4109
 846 00da 00       		.byte	0
 847 00db 11       		.uleb128 0x11
 848 00dc 01       		.uleb128 0x1
 849 00dd 31       		.uleb128 0x31
ARM GAS  C:\Users\Dell\AppData\Local\Temp\ccpzXaYv.s 			page 17


 850 00de 13       		.uleb128 0x13
 851 00df 00       		.byte	0
 852 00e0 00       		.byte	0
 853 00e1 0F       		.uleb128 0xf
 854 00e2 898201   		.uleb128 0x4109
 855 00e5 01       		.byte	0x1
 856 00e6 11       		.uleb128 0x11
 857 00e7 01       		.uleb128 0x1
 858 00e8 31       		.uleb128 0x31
 859 00e9 13       		.uleb128 0x13
 860 00ea 01       		.uleb128 0x1
 861 00eb 13       		.uleb128 0x13
 862 00ec 00       		.byte	0
 863 00ed 00       		.byte	0
 864 00ee 10       		.uleb128 0x10
 865 00ef 8A8201   		.uleb128 0x410a
 866 00f2 00       		.byte	0
 867 00f3 02       		.uleb128 0x2
 868 00f4 18       		.uleb128 0x18
 869 00f5 9142     		.uleb128 0x2111
 870 00f7 18       		.uleb128 0x18
 871 00f8 00       		.byte	0
 872 00f9 00       		.byte	0
 873 00fa 11       		.uleb128 0x11
 874 00fb 01       		.uleb128 0x1
 875 00fc 01       		.byte	0x1
 876 00fd 49       		.uleb128 0x49
 877 00fe 13       		.uleb128 0x13
 878 00ff 01       		.uleb128 0x1
 879 0100 13       		.uleb128 0x13
 880 0101 00       		.byte	0
 881 0102 00       		.byte	0
 882 0103 12       		.uleb128 0x12
 883 0104 21       		.uleb128 0x21
 884 0105 00       		.byte	0
 885 0106 49       		.uleb128 0x49
 886 0107 13       		.uleb128 0x13
 887 0108 2F       		.uleb128 0x2f
 888 0109 0B       		.uleb128 0xb
 889 010a 00       		.byte	0
 890 010b 00       		.byte	0
 891 010c 13       		.uleb128 0x13
 892 010d 34       		.uleb128 0x34
 893 010e 00       		.byte	0
 894 010f 03       		.uleb128 0x3
 895 0110 0E       		.uleb128 0xe
 896 0111 3A       		.uleb128 0x3a
 897 0112 0B       		.uleb128 0xb
 898 0113 3B       		.uleb128 0x3b
 899 0114 0B       		.uleb128 0xb
 900 0115 49       		.uleb128 0x49
 901 0116 13       		.uleb128 0x13
 902 0117 02       		.uleb128 0x2
 903 0118 18       		.uleb128 0x18
 904 0119 00       		.byte	0
 905 011a 00       		.byte	0
 906 011b 14       		.uleb128 0x14
ARM GAS  C:\Users\Dell\AppData\Local\Temp\ccpzXaYv.s 			page 18


 907 011c 34       		.uleb128 0x34
 908 011d 00       		.byte	0
 909 011e 03       		.uleb128 0x3
 910 011f 0E       		.uleb128 0xe
 911 0120 3A       		.uleb128 0x3a
 912 0121 0B       		.uleb128 0xb
 913 0122 3B       		.uleb128 0x3b
 914 0123 05       		.uleb128 0x5
 915 0124 49       		.uleb128 0x49
 916 0125 13       		.uleb128 0x13
 917 0126 3F       		.uleb128 0x3f
 918 0127 19       		.uleb128 0x19
 919 0128 3C       		.uleb128 0x3c
 920 0129 19       		.uleb128 0x19
 921 012a 00       		.byte	0
 922 012b 00       		.byte	0
 923 012c 15       		.uleb128 0x15
 924 012d 35       		.uleb128 0x35
 925 012e 00       		.byte	0
 926 012f 49       		.uleb128 0x49
 927 0130 13       		.uleb128 0x13
 928 0131 00       		.byte	0
 929 0132 00       		.byte	0
 930 0133 16       		.uleb128 0x16
 931 0134 2E       		.uleb128 0x2e
 932 0135 00       		.byte	0
 933 0136 3F       		.uleb128 0x3f
 934 0137 19       		.uleb128 0x19
 935 0138 3C       		.uleb128 0x3c
 936 0139 19       		.uleb128 0x19
 937 013a 6E       		.uleb128 0x6e
 938 013b 0E       		.uleb128 0xe
 939 013c 03       		.uleb128 0x3
 940 013d 0E       		.uleb128 0xe
 941 013e 3A       		.uleb128 0x3a
 942 013f 0B       		.uleb128 0xb
 943 0140 3B       		.uleb128 0x3b
 944 0141 0B       		.uleb128 0xb
 945 0142 00       		.byte	0
 946 0143 00       		.byte	0
 947 0144 00       		.byte	0
 948              		.section	.debug_loc,"",%progbits
 949              	.Ldebug_loc0:
 950              	.LLST0:
 951 0000 00000000 		.4byte	.LVL3
 952 0004 0E000000 		.4byte	.LVL4
 953 0008 0100     		.2byte	0x1
 954 000a 50       		.byte	0x50
 955 000b 0E000000 		.4byte	.LVL4
 956 000f 10000000 		.4byte	.LVL5
 957 0013 0400     		.2byte	0x4
 958 0015 F3       		.byte	0xf3
 959 0016 01       		.uleb128 0x1
 960 0017 50       		.byte	0x50
 961 0018 9F       		.byte	0x9f
 962 0019 10000000 		.4byte	.LVL5
 963 001d 34000000 		.4byte	.LFE64
ARM GAS  C:\Users\Dell\AppData\Local\Temp\ccpzXaYv.s 			page 19


 964 0021 0100     		.2byte	0x1
 965 0023 50       		.byte	0x50
 966 0024 00000000 		.4byte	0
 967 0028 00000000 		.4byte	0
 968              	.LLST1:
 969 002c 00000000 		.4byte	.LVL3
 970 0030 22000000 		.4byte	.LVL7
 971 0034 0100     		.2byte	0x1
 972 0036 51       		.byte	0x51
 973 0037 22000000 		.4byte	.LVL7
 974 003b 24000000 		.4byte	.LVL8
 975 003f 0400     		.2byte	0x4
 976 0041 F3       		.byte	0xf3
 977 0042 01       		.uleb128 0x1
 978 0043 51       		.byte	0x51
 979 0044 9F       		.byte	0x9f
 980 0045 24000000 		.4byte	.LVL8
 981 0049 34000000 		.4byte	.LFE64
 982 004d 0100     		.2byte	0x1
 983 004f 51       		.byte	0x51
 984 0050 00000000 		.4byte	0
 985 0054 00000000 		.4byte	0
 986              	.LLST2:
 987 0058 02000000 		.4byte	.LVL10
 988 005c 0E000000 		.4byte	.LVL12
 989 0060 0200     		.2byte	0x2
 990 0062 30       		.byte	0x30
 991 0063 9F       		.byte	0x9f
 992 0064 0E000000 		.4byte	.LVL12
 993 0068 12000000 		.4byte	.LVL13
 994 006c 0100     		.2byte	0x1
 995 006e 50       		.byte	0x50
 996 006f 44000000 		.4byte	.LVL20
 997 0073 48000000 		.4byte	.LVL21
 998 0077 0100     		.2byte	0x1
 999 0079 50       		.byte	0x50
 1000 007a 00000000 		.4byte	0
 1001 007e 00000000 		.4byte	0
 1002              		.section	.debug_aranges,"",%progbits
 1003 0000 2C000000 		.4byte	0x2c
 1004 0004 0200     		.2byte	0x2
 1005 0006 00000000 		.4byte	.Ldebug_info0
 1006 000a 04       		.byte	0x4
 1007 000b 00       		.byte	0
 1008 000c 0000     		.2byte	0
 1009 000e 0000     		.2byte	0
 1010 0010 00000000 		.4byte	.LFB63
 1011 0014 18000000 		.4byte	.LFE63-.LFB63
 1012 0018 00000000 		.4byte	.LFB64
 1013 001c 34000000 		.4byte	.LFE64-.LFB64
 1014 0020 00000000 		.4byte	.LFB65
 1015 0024 7C000000 		.4byte	.LFE65-.LFB65
 1016 0028 00000000 		.4byte	0
 1017 002c 00000000 		.4byte	0
 1018              		.section	.debug_ranges,"",%progbits
 1019              	.Ldebug_ranges0:
 1020 0000 00000000 		.4byte	.LFB63
ARM GAS  C:\Users\Dell\AppData\Local\Temp\ccpzXaYv.s 			page 20


 1021 0004 18000000 		.4byte	.LFE63
 1022 0008 00000000 		.4byte	.LFB64
 1023 000c 34000000 		.4byte	.LFE64
 1024 0010 00000000 		.4byte	.LFB65
 1025 0014 7C000000 		.4byte	.LFE65
 1026 0018 00000000 		.4byte	0
 1027 001c 00000000 		.4byte	0
 1028              		.section	.debug_line,"",%progbits
 1029              	.Ldebug_line0:
 1030 0000 CF010000 		.section	.debug_str,"MS",%progbits,1
 1030      02007401 
 1030      00000201 
 1030      FB0E0D00 
 1030      01010101 
 1031              	.LASF27:
 1032 0000 4932435F 		.ascii	"I2C_X_MasterSendRestart\000"
 1032      585F4D61 
 1032      73746572 
 1032      53656E64 
 1032      52657374 
 1033              	.LASF17:
 1034 0018 666C6F61 		.ascii	"float\000"
 1034      7400
 1035              	.LASF9:
 1036 001e 5F5F696E 		.ascii	"__int32_t\000"
 1036      7433325F 
 1036      7400
 1037              	.LASF23:
 1038 0028 726F7461 		.ascii	"rotator_state\000"
 1038      746F725F 
 1038      73746174 
 1038      6500
 1039              	.LASF41:
 1040 0036 72656672 		.ascii	"refreshRotation\000"
 1040      65736852 
 1040      6F746174 
 1040      696F6E00 
 1041              	.LASF22:
 1042 0046 73746174 		.ascii	"status\000"
 1042      757300
 1043              	.LASF32:
 1044 004d 4932435F 		.ascii	"I2C_Y_MasterWriteByte\000"
 1044      595F4D61 
 1044      73746572 
 1044      57726974 
 1044      65427974 
 1045              	.LASF3:
 1046 0063 795F6163 		.ascii	"y_act\000"
 1046      7400
 1047              	.LASF37:
 1048 0069 726F7461 		.ascii	"rotation.c\000"
 1048      74696F6E 
 1048      2E6300
 1049              	.LASF35:
 1050 0074 4932435F 		.ascii	"I2C_Y_MasterSendStop\000"
 1050      595F4D61 
 1050      73746572 
ARM GAS  C:\Users\Dell\AppData\Local\Temp\ccpzXaYv.s 			page 21


 1050      53656E64 
 1050      53746F70 
 1051              	.LASF24:
 1052 0089 4932435F 		.ascii	"I2C_X_MasterClearStatus\000"
 1052      585F4D61 
 1052      73746572 
 1052      436C6561 
 1052      72537461 
 1053              	.LASF5:
 1054 00a1 756E7369 		.ascii	"unsigned char\000"
 1054      676E6564 
 1054      20636861 
 1054      7200
 1055              	.LASF36:
 1056 00af 474E5520 		.ascii	"GNU C11 5.4.1 20160609 (release) [ARM/embedded-5-br"
 1056      43313120 
 1056      352E342E 
 1056      31203230 
 1056      31363036 
 1057 00e2 616E6368 		.ascii	"anch revision 237715] -mcpu=cortex-m3 -mthumb -g -O"
 1057      20726576 
 1057      6973696F 
 1057      6E203233 
 1057      37373135 
 1058 0115 67202D66 		.ascii	"g -ffunction-sections -ffat-lto-objects\000"
 1058      66756E63 
 1058      74696F6E 
 1058      2D736563 
 1058      74696F6E 
 1059              	.LASF30:
 1060 013d 4932435F 		.ascii	"I2C_Y_MasterClearStatus\000"
 1060      595F4D61 
 1060      73746572 
 1060      436C6561 
 1060      72537461 
 1061              	.LASF11:
 1062 0155 6C6F6E67 		.ascii	"long unsigned int\000"
 1062      20756E73 
 1062      69676E65 
 1062      6420696E 
 1062      7400
 1063              	.LASF7:
 1064 0167 73686F72 		.ascii	"short unsigned int\000"
 1064      7420756E 
 1064      7369676E 
 1064      65642069 
 1064      6E7400
 1065              	.LASF42:
 1066 017a 49544D5F 		.ascii	"ITM_RxBuffer\000"
 1066      52784275 
 1066      66666572 
 1066      00
 1067              	.LASF38:
 1068 0187 433A5C55 		.ascii	"C:\\Users\\Dell\\Documents\\GitHub\\PSoC_AntennaRot"
 1068      73657273 
 1068      5C44656C 
 1068      6C5C446F 
ARM GAS  C:\Users\Dell\AppData\Local\Temp\ccpzXaYv.s 			page 22


 1068      63756D65 
 1069 01b5 61746F72 		.ascii	"ator\\Workspace01\\AntennaRotator.cydsn\000"
 1069      5C576F72 
 1069      6B737061 
 1069      63653031 
 1069      5C416E74 
 1070              	.LASF18:
 1071 01db 646F7562 		.ascii	"double\000"
 1071      6C6500
 1072              	.LASF39:
 1073 01e2 67657452 		.ascii	"getRotation\000"
 1073      6F746174 
 1073      696F6E00 
 1074              	.LASF14:
 1075 01ee 756E7369 		.ascii	"unsigned int\000"
 1075      676E6564 
 1075      20696E74 
 1075      00
 1076              	.LASF8:
 1077 01fb 524F5441 		.ascii	"ROTATOR_STATE\000"
 1077      544F525F 
 1077      53544154 
 1077      4500
 1078              	.LASF31:
 1079 0209 4932435F 		.ascii	"I2C_Y_MasterSendStart\000"
 1079      595F4D61 
 1079      73746572 
 1079      53656E64 
 1079      53746172 
 1080              	.LASF13:
 1081 021f 6C6F6E67 		.ascii	"long long unsigned int\000"
 1081      206C6F6E 
 1081      6720756E 
 1081      7369676E 
 1081      65642069 
 1082              	.LASF29:
 1083 0236 4932435F 		.ascii	"I2C_X_MasterSendStop\000"
 1083      585F4D61 
 1083      73746572 
 1083      53656E64 
 1083      53746F70 
 1084              	.LASF0:
 1085 024b 785F6465 		.ascii	"x_des\000"
 1085      7300
 1086              	.LASF33:
 1087 0251 4932435F 		.ascii	"I2C_Y_MasterSendRestart\000"
 1087      595F4D61 
 1087      73746572 
 1087      53656E64 
 1087      52657374 
 1088              	.LASF12:
 1089 0269 6C6F6E67 		.ascii	"long long int\000"
 1089      206C6F6E 
 1089      6720696E 
 1089      7400
 1090              	.LASF21:
 1091 0277 73697A65 		.ascii	"sizetype\000"
ARM GAS  C:\Users\Dell\AppData\Local\Temp\ccpzXaYv.s 			page 23


 1091      74797065 
 1091      00
 1092              	.LASF19:
 1093 0280 63686172 		.ascii	"char\000"
 1093      00
 1094              	.LASF15:
 1095 0285 696E7433 		.ascii	"int32_t\000"
 1095      325F7400 
 1096              	.LASF40:
 1097 028d 73657452 		.ascii	"setRotation\000"
 1097      6F746174 
 1097      696F6E00 
 1098              	.LASF6:
 1099 0299 73686F72 		.ascii	"short int\000"
 1099      7420696E 
 1099      7400
 1100              	.LASF28:
 1101 02a3 4932435F 		.ascii	"I2C_X_MasterReadByte\000"
 1101      585F4D61 
 1101      73746572 
 1101      52656164 
 1101      42797465 
 1102              	.LASF16:
 1103 02b8 75696E74 		.ascii	"uint8\000"
 1103      3800
 1104              	.LASF26:
 1105 02be 4932435F 		.ascii	"I2C_X_MasterWriteByte\000"
 1105      585F4D61 
 1105      73746572 
 1105      57726974 
 1105      65427974 
 1106              	.LASF25:
 1107 02d4 4932435F 		.ascii	"I2C_X_MasterSendStart\000"
 1107      585F4D61 
 1107      73746572 
 1107      53656E64 
 1107      53746172 
 1108              	.LASF10:
 1109 02ea 6C6F6E67 		.ascii	"long int\000"
 1109      20696E74 
 1109      00
 1110              	.LASF20:
 1111 02f3 6C6F6E67 		.ascii	"long double\000"
 1111      20646F75 
 1111      626C6500 
 1112              	.LASF1:
 1113 02ff 795F6465 		.ascii	"y_des\000"
 1113      7300
 1114              	.LASF4:
 1115 0305 7369676E 		.ascii	"signed char\000"
 1115      65642063 
 1115      68617200 
 1116              	.LASF2:
 1117 0311 785F6163 		.ascii	"x_act\000"
 1117      7400
 1118              	.LASF34:
 1119 0317 4932435F 		.ascii	"I2C_Y_MasterReadByte\000"
ARM GAS  C:\Users\Dell\AppData\Local\Temp\ccpzXaYv.s 			page 24


 1119      595F4D61 
 1119      73746572 
 1119      52656164 
 1119      42797465 
 1120              		.ident	"GCC: (GNU Tools for ARM Embedded Processors) 5.4.1 20160609 (release) [ARM/embedded-5-bran
